0 verbose cli C:\Program Files\nodejs\node.exe C:\Users\Janeth\AppData\Roaming\npm\node_modules\npm\bin\npm-cli.js
1 info using npm@10.8.3
2 info using node@v20.17.0
3 silly config load:file:C:\Users\Janeth\AppData\Roaming\npm\node_modules\npm\npmrc
4 silly config load:file:C:\Users\Janeth\Desktop\SOFTWARE DEV\SEMESTRE V\PDSEI\StockEasy\.npmrc
5 silly config load:file:C:\Users\Janeth\.npmrc
6 silly config load:file:C:\Users\Janeth\AppData\Roaming\npm\etc\npmrc
7 verbose title npm install husky@latest
8 verbose argv "install" "husky@latest" "--save-dev"
9 verbose logfile logs-max:10 dir:C:\Users\Janeth\Desktop\SOFTWARE DEV\SEMESTRE V\PDSEI\StockEasy\Janeth\AppData\Data\Roaming\npm-cache\_logs\2024-12-03T19_15_27_035Z-
10 verbose logfile C:\Users\Janeth\Desktop\SOFTWARE DEV\SEMESTRE V\PDSEI\StockEasy\Janeth\AppData\Data\Roaming\npm-cache\_logs\2024-12-03T19_15_27_035Z-debug-0.log
11 silly packumentCache heap:4345298944 maxSize:1086324736 maxEntrySize:543162368
12 silly logfile start cleaning logs, removing 1 files
13 silly logfile done cleaning log files
14 silly packumentCache corgi:https://registry.npmjs.org/husky cache-miss
15 http fetch GET 200 https://registry.npmjs.org/husky 1233ms (cache miss)
16 silly packumentCache corgi:https://registry.npmjs.org/husky set size:undefined disposed:false
17 silly idealTree buildDeps
18 silly fetch manifest husky@9.1.7
19 silly packumentCache full:https://registry.npmjs.org/husky cache-miss
20 http fetch GET 200 https://registry.npmjs.org/husky 203ms (cache revalidated)
21 silly packumentCache full:https://registry.npmjs.org/husky set size:643630 disposed:false
22 silly placeDep ROOT husky@9.1.7 REPLACE for: vite-react-typescript-starter@0.0.0 want: 9.1.7
23 silly reify moves {}
24 silly audit bulk request {
24 silly audit   '@adobe/css-tools': [ '4.4.0' ],
24 silly audit   '@alloc/quick-lru': [ '5.2.0' ],
24 silly audit   '@ampproject/remapping': [ '2.3.0' ],
24 silly audit   '@babel/code-frame': [ '7.26.0' ],
24 silly audit   '@babel/compat-data': [ '7.26.0' ],
24 silly audit   '@babel/core': [ '7.25.8' ],
24 silly audit   '@babel/generator': [ '7.26.0' ],
24 silly audit   '@babel/helper-annotate-as-pure': [ '7.25.9' ],
24 silly audit   '@babel/helper-builder-binary-assignment-operator-visitor': [ '7.25.9' ],
24 silly audit   '@babel/helper-compilation-targets': [ '7.25.9' ],
24 silly audit   '@babel/helper-create-class-features-plugin': [ '7.25.9' ],
24 silly audit   '@babel/helper-create-regexp-features-plugin': [ '7.25.9' ],
24 silly audit   '@babel/helper-define-polyfill-provider': [ '0.6.2' ],
24 silly audit   '@babel/helper-member-expression-to-functions': [ '7.25.9' ],
24 silly audit   '@babel/helper-module-imports': [ '7.25.9' ],
24 silly audit   '@babel/helper-module-transforms': [ '7.26.0' ],
24 silly audit   '@babel/helper-optimise-call-expression': [ '7.25.9' ],
24 silly audit   '@babel/helper-plugin-utils': [ '7.25.9' ],
24 silly audit   '@babel/helper-remap-async-to-generator': [ '7.25.9' ],
24 silly audit   '@babel/helper-replace-supers': [ '7.25.9' ],
24 silly audit   '@babel/helper-simple-access': [ '7.25.9' ],
24 silly audit   '@babel/helper-skip-transparent-expression-wrappers': [ '7.25.9' ],
24 silly audit   '@babel/helper-string-parser': [ '7.25.9' ],
24 silly audit   '@babel/helper-validator-identifier': [ '7.25.9' ],
24 silly audit   '@babel/helper-validator-option': [ '7.25.9' ],
24 silly audit   '@babel/helper-wrap-function': [ '7.25.9' ],
24 silly audit   '@babel/helpers': [ '7.25.7' ],
24 silly audit   '@babel/parser': [ '7.26.1' ],
24 silly audit   '@babel/plugin-bugfix-firefox-class-in-computed-class-key': [ '7.25.9' ],
24 silly audit   '@babel/plugin-bugfix-safari-class-field-initializer-scope': [ '7.25.9' ],
24 silly audit   '@babel/plugin-bugfix-safari-id-destructuring-collision-in-function-expression': [ '7.25.9' ],
24 silly audit   '@babel/plugin-bugfix-v8-spread-parameters-in-optional-chaining': [ '7.25.9' ],
24 silly audit   '@babel/plugin-bugfix-v8-static-class-fields-redefine-readonly': [ '7.25.9' ],
24 silly audit   '@babel/plugin-proposal-private-property-in-object': [ '7.21.0-placeholder-for-preset-env.2' ],
24 silly audit   '@babel/plugin-syntax-async-generators': [ '7.8.4' ],
24 silly audit   '@babel/plugin-syntax-bigint': [ '7.8.3' ],
24 silly audit   '@babel/plugin-syntax-class-properties': [ '7.12.13' ],
24 silly audit   '@babel/plugin-syntax-class-static-block': [ '7.14.5' ],
24 silly audit   '@babel/plugin-syntax-import-assertions': [ '7.26.0' ],
24 silly audit   '@babel/plugin-syntax-import-attributes': [ '7.26.0' ],
24 silly audit   '@babel/plugin-syntax-import-meta': [ '7.10.4' ],
24 silly audit   '@babel/plugin-syntax-json-strings': [ '7.8.3' ],
24 silly audit   '@babel/plugin-syntax-jsx': [ '7.25.9' ],
24 silly audit   '@babel/plugin-syntax-logical-assignment-operators': [ '7.10.4' ],
24 silly audit   '@babel/plugin-syntax-nullish-coalescing-operator': [ '7.8.3' ],
24 silly audit   '@babel/plugin-syntax-numeric-separator': [ '7.10.4' ],
24 silly audit   '@babel/plugin-syntax-object-rest-spread': [ '7.8.3' ],
24 silly audit   '@babel/plugin-syntax-optional-catch-binding': [ '7.8.3' ],
24 silly audit   '@babel/plugin-syntax-optional-chaining': [ '7.8.3' ],
24 silly audit   '@babel/plugin-syntax-private-property-in-object': [ '7.14.5' ],
24 silly audit   '@babel/plugin-syntax-top-level-await': [ '7.14.5' ],
24 silly audit   '@babel/plugin-syntax-typescript': [ '7.25.9' ],
24 silly audit   '@babel/plugin-syntax-unicode-sets-regex': [ '7.18.6' ],
24 silly audit   '@babel/plugin-transform-arrow-functions': [ '7.25.9' ],
24 silly audit   '@babel/plugin-transform-async-generator-functions': [ '7.25.9' ],
24 silly audit   '@babel/plugin-transform-async-to-generator': [ '7.25.9' ],
24 silly audit   '@babel/plugin-transform-block-scoped-functions': [ '7.25.9' ],
24 silly audit   '@babel/plugin-transform-block-scoping': [ '7.25.9' ],
24 silly audit   '@babel/plugin-transform-class-properties': [ '7.25.9' ],
24 silly audit   '@babel/plugin-transform-class-static-block': [ '7.26.0' ],
24 silly audit   '@babel/plugin-transform-classes': [ '7.25.9' ],
24 silly audit   globals: [ '11.12.0', '14.0.0', '15.11.0' ],
24 silly audit   '@babel/plugin-transform-computed-properties': [ '7.25.9' ],
24 silly audit   '@babel/plugin-transform-destructuring': [ '7.25.9' ],
24 silly audit   '@babel/plugin-transform-dotall-regex': [ '7.25.9' ],
24 silly audit   '@babel/plugin-transform-duplicate-keys': [ '7.25.9' ],
24 silly audit   '@babel/plugin-transform-duplicate-named-capturing-groups-regex': [ '7.25.9' ],
24 silly audit   '@babel/plugin-transform-dynamic-import': [ '7.25.9' ],
24 silly audit   '@babel/plugin-transform-exponentiation-operator': [ '7.25.9' ],
24 silly audit   '@babel/plugin-transform-export-namespace-from': [ '7.25.9' ],
24 silly audit   '@babel/plugin-transform-for-of': [ '7.25.9' ],
24 silly audit   '@babel/plugin-transform-function-name': [ '7.25.9' ],
24 silly audit   '@babel/plugin-transform-json-strings': [ '7.25.9' ],
24 silly audit   '@babel/plugin-transform-literals': [ '7.25.9' ],
24 silly audit   '@babel/plugin-transform-logical-assignment-operators': [ '7.25.9' ],
24 silly audit   '@babel/plugin-transform-member-expression-literals': [ '7.25.9' ],
24 silly audit   '@babel/plugin-transform-modules-amd': [ '7.25.9' ],
24 silly audit   '@babel/plugin-transform-modules-commonjs': [ '7.25.9' ],
24 silly audit   '@babel/plugin-transform-modules-systemjs': [ '7.25.9' ],
24 silly audit   '@babel/plugin-transform-modules-umd': [ '7.25.9' ],
24 silly audit   '@babel/plugin-transform-named-capturing-groups-regex': [ '7.25.9' ],
24 silly audit   '@babel/plugin-transform-new-target': [ '7.25.9' ],
24 silly audit   '@babel/plugin-transform-nullish-coalescing-operator': [ '7.25.9' ],
24 silly audit   '@babel/plugin-transform-numeric-separator': [ '7.25.9' ],
24 silly audit   '@babel/plugin-transform-object-rest-spread': [ '7.25.9' ],
24 silly audit   '@babel/plugin-transform-object-super': [ '7.25.9' ],
24 silly audit   '@babel/plugin-transform-optional-catch-binding': [ '7.25.9' ],
24 silly audit   '@babel/plugin-transform-optional-chaining': [ '7.25.9' ],
24 silly audit   '@babel/plugin-transform-parameters': [ '7.25.9' ],
24 silly audit   '@babel/plugin-transform-private-methods': [ '7.25.9' ],
24 silly audit   '@babel/plugin-transform-private-property-in-object': [ '7.25.9' ],
24 silly audit   '@babel/plugin-transform-property-literals': [ '7.25.9' ],
24 silly audit   '@babel/plugin-transform-react-display-name': [ '7.25.9' ],
24 silly audit   '@babel/plugin-transform-react-jsx': [ '7.25.9' ],
24 silly audit   '@babel/plugin-transform-react-jsx-development': [ '7.25.9' ],
24 silly audit   '@babel/plugin-transform-react-jsx-self': [ '7.25.7' ],
24 silly audit   '@babel/plugin-transform-react-jsx-source': [ '7.25.7' ],
24 silly audit   '@babel/plugin-transform-react-pure-annotations': [ '7.25.9' ],
24 silly audit   '@babel/plugin-transform-regenerator': [ '7.25.9' ],
24 silly audit   '@babel/plugin-transform-regexp-modifiers': [ '7.26.0' ],
24 silly audit   '@babel/plugin-transform-reserved-words': [ '7.25.9' ],
24 silly audit   '@babel/plugin-transform-shorthand-properties': [ '7.25.9' ],
24 silly audit   '@babel/plugin-transform-spread': [ '7.25.9' ],
24 silly audit   '@babel/plugin-transform-sticky-regex': [ '7.25.9' ],
24 silly audit   '@babel/plugin-transform-template-literals': [ '7.25.9' ],
24 silly audit   '@babel/plugin-transform-typeof-symbol': [ '7.25.9' ],
24 silly audit   '@babel/plugin-transform-typescript': [ '7.25.9' ],
24 silly audit   '@babel/plugin-transform-unicode-escapes': [ '7.25.9' ],
24 silly audit   '@babel/plugin-transform-unicode-property-regex': [ '7.25.9' ],
24 silly audit   '@babel/plugin-transform-unicode-regex': [ '7.25.9' ],
24 silly audit   '@babel/plugin-transform-unicode-sets-regex': [ '7.25.9' ],
24 silly audit   '@babel/preset-env': [ '7.26.0' ],
24 silly audit   '@babel/preset-modules': [ '0.1.6-no-external-plugins' ],
24 silly audit   '@babel/preset-react': [ '7.25.9' ],
24 silly audit   '@babel/preset-typescript': [ '7.26.0' ],
24 silly audit   '@babel/runtime': [ '7.26.0' ],
24 silly audit   '@babel/template': [ '7.25.9' ],
24 silly audit   '@babel/traverse': [ '7.25.9' ],
24 silly audit   '@babel/types': [ '7.26.0' ],
24 silly audit   '@bcoe/v8-coverage': [ '0.2.3' ],
24 silly audit   '@esbuild/aix-ppc64': [ '0.21.5' ],
24 silly audit   '@esbuild/android-arm': [ '0.21.5' ],
24 silly audit   '@esbuild/android-arm64': [ '0.21.5' ],
24 silly audit   '@esbuild/android-x64': [ '0.21.5' ],
24 silly audit   '@esbuild/darwin-arm64': [ '0.21.5' ],
24 silly audit   '@esbuild/darwin-x64': [ '0.21.5' ],
24 silly audit   '@esbuild/freebsd-arm64': [ '0.21.5' ],
24 silly audit   '@esbuild/freebsd-x64': [ '0.21.5' ],
24 silly audit   '@esbuild/linux-arm': [ '0.21.5' ],
24 silly audit   '@esbuild/linux-arm64': [ '0.21.5' ],
24 silly audit   '@esbuild/linux-ia32': [ '0.21.5' ],
24 silly audit   '@esbuild/linux-loong64': [ '0.21.5' ],
24 silly audit   '@esbuild/linux-mips64el': [ '0.21.5' ],
24 silly audit   '@esbuild/linux-ppc64': [ '0.21.5' ],
24 silly audit   '@esbuild/linux-riscv64': [ '0.21.5' ],
24 silly audit   '@esbuild/linux-s390x': [ '0.21.5' ],
24 silly audit   '@esbuild/linux-x64': [ '0.21.5' ],
24 silly audit   '@esbuild/netbsd-x64': [ '0.21.5' ],
24 silly audit   '@esbuild/openbsd-x64': [ '0.21.5' ],
24 silly audit   '@esbuild/sunos-x64': [ '0.21.5' ],
24 silly audit   '@esbuild/win32-arm64': [ '0.21.5' ],
24 silly audit   '@esbuild/win32-ia32': [ '0.21.5' ],
24 silly audit   '@esbuild/win32-x64': [ '0.21.5' ],
24 silly audit   '@eslint-community/eslint-utils': [ '4.4.0' ],
24 silly audit   'eslint-visitor-keys': [ '3.4.3', '4.1.0' ],
24 silly audit   '@eslint-community/regexpp': [ '4.11.1' ],
24 silly audit   '@eslint/config-array': [ '0.18.0' ],
24 silly audit   '@eslint/core': [ '0.7.0' ],
24 silly audit   '@eslint/eslintrc': [ '3.1.0' ],
24 silly audit   '@eslint/js': [ '9.13.0' ],
24 silly audit   '@eslint/object-schema': [ '2.1.4' ],
24 silly audit   '@eslint/plugin-kit': [ '0.2.1' ],
24 silly audit   '@floating-ui/core': [ '1.6.8' ],
24 silly audit   '@floating-ui/dom': [ '1.6.11' ],
24 silly audit   '@floating-ui/utils': [ '0.2.8' ],
24 silly audit   '@humanfs/core': [ '0.19.0' ],
24 silly audit   '@humanfs/node': [ '0.16.5' ],
24 silly audit   '@humanwhocodes/module-importer': [ '1.0.1' ],
24 silly audit   '@humanwhocodes/retry': [ '0.3.1' ],
24 silly audit   '@isaacs/cliui': [ '8.0.2' ],
24 silly audit   '@istanbuljs/load-nyc-config': [ '1.1.0' ],
24 silly audit   argparse: [ '1.0.10', '2.0.1' ],
24 silly audit   'find-up': [ '4.1.0', '5.0.0' ],
24 silly audit   'js-yaml': [ '3.14.1', '4.1.0' ],
24 silly audit   'locate-path': [ '5.0.0', '6.0.0' ],
24 silly audit   'p-limit': [ '2.3.0', '3.1.0' ],
24 silly audit   'p-locate': [ '4.1.0', '5.0.0' ],
24 silly audit   'resolve-from': [ '5.0.0', '4.0.0' ],
24 silly audit   '@istanbuljs/schema': [ '0.1.3' ],
24 silly audit   '@jest/console': [ '29.7.0' ],
24 silly audit   '@jest/core': [ '29.7.0' ],
24 silly audit   'ansi-regex': [ '5.0.1', '6.1.0' ],
24 silly audit   'pretty-format': [ '29.7.0', '27.5.1' ],
24 silly audit   'ansi-styles': [ '5.2.0', '4.3.0', '6.2.1' ],
24 silly audit   'react-is': [ '18.3.1', '17.0.2' ],
24 silly audit   'strip-ansi': [ '6.0.1', '7.1.0' ],
24 silly audit   '@jest/environment': [ '29.7.0' ],
24 silly audit   '@jest/expect': [ '29.7.0' ],
24 silly audit   '@jest/expect-utils': [ '29.7.0' ],
24 silly audit   '@jest/fake-timers': [ '29.7.0' ],
24 silly audit   '@jest/globals': [ '29.7.0' ],
24 silly audit   '@jest/reporters': [ '29.7.0' ],
24 silly audit   glob: [ '7.2.3', '10.4.5' ],
24 silly audit   '@jest/schemas': [ '29.6.3' ],
24 silly audit   '@jest/source-map': [ '29.6.3' ],
24 silly audit   '@jest/test-result': [ '29.7.0' ],
24 silly audit   '@jest/test-sequencer': [ '29.7.0' ],
24 silly audit   '@jest/transform': [ '29.7.0' ],
24 silly audit   '@jest/types': [ '29.6.3' ],
24 silly audit   '@jridgewell/gen-mapping': [ '0.3.5' ],
24 silly audit   '@jridgewell/resolve-uri': [ '3.1.2' ],
24 silly audit   '@jridgewell/set-array': [ '1.2.1' ],
24 silly audit   '@jridgewell/sourcemap-codec': [ '1.5.0' ],
24 silly audit   '@jridgewell/trace-mapping': [ '0.3.25' ],
24 silly audit   '@kurkle/color': [ '0.3.2' ],
24 silly audit   '@nodelib/fs.scandir': [ '2.1.5' ],
24 silly audit   '@nodelib/fs.stat': [ '2.0.5' ],
24 silly audit   '@nodelib/fs.walk': [ '1.2.8' ],
24 silly audit   '@pkgjs/parseargs': [ '0.11.0' ],
24 silly audit   '@remix-run/router': [ '1.20.0' ],
24 silly audit   '@rollup/rollup-android-arm-eabi': [ '4.24.0' ],
24 silly audit   '@rollup/rollup-android-arm64': [ '4.24.0' ],
24 silly audit   '@rollup/rollup-darwin-arm64': [ '4.24.0' ],
24 silly audit   '@rollup/rollup-darwin-x64': [ '4.24.0' ],
24 silly audit   '@rollup/rollup-linux-arm-gnueabihf': [ '4.24.0' ],
24 silly audit   '@rollup/rollup-linux-arm-musleabihf': [ '4.24.0' ],
24 silly audit   '@rollup/rollup-linux-arm64-gnu': [ '4.24.0' ],
24 silly audit   '@rollup/rollup-linux-arm64-musl': [ '4.24.0' ],
24 silly audit   '@rollup/rollup-linux-powerpc64le-gnu': [ '4.24.0' ],
24 silly audit   '@rollup/rollup-linux-riscv64-gnu': [ '4.24.0' ],
24 silly audit   '@rollup/rollup-linux-s390x-gnu': [ '4.24.0' ],
24 silly audit   '@rollup/rollup-linux-x64-gnu': [ '4.24.0' ],
24 silly audit   '@rollup/rollup-linux-x64-musl': [ '4.24.0' ],
24 silly audit   '@rollup/rollup-win32-arm64-msvc': [ '4.24.0' ],
24 silly audit   '@rollup/rollup-win32-ia32-msvc': [ '4.24.0' ],
24 silly audit   '@rollup/rollup-win32-x64-msvc': [ '4.24.0' ],
24 silly audit   '@sinclair/typebox': [ '0.27.8' ],
24 silly audit   '@sinonjs/commons': [ '3.0.1' ],
24 silly audit   '@sinonjs/fake-timers': [ '10.3.0' ],
24 silly audit   '@supabase/auth-js': [ '2.65.1' ],
24 silly audit   '@supabase/functions-js': [ '2.4.3' ],
24 silly audit   '@supabase/node-fetch': [ '2.6.15' ],
24 silly audit   '@supabase/postgrest-js': [ '1.16.3' ],
24 silly audit   '@supabase/realtime-js': [ '2.10.7' ],
24 silly audit   '@supabase/storage-js': [ '2.7.1' ],
24 silly audit   '@supabase/supabase-js': [ '2.45.6' ],
24 silly audit   '@tailwindcss/typography': [ '0.5.15' ],
24 silly audit   '@testing-library/dom': [ '10.4.0' ],
24 silly audit   '@testing-library/jest-dom': [ '6.6.2' ],
24 silly audit   chalk: [ '3.0.0', '4.1.2' ],
24 silly audit   'dom-accessibility-api': [ '0.6.3', '0.5.16' ],
24 silly audit   '@testing-library/react': [ '16.0.1' ],
24 silly audit   '@testing-library/user-event': [ '14.5.2' ],
24 silly audit   '@tootallnate/once': [ '2.0.0' ],
24 silly audit   '@types/aria-query': [ '5.0.4' ],
24 silly audit   '@types/babel__core': [ '7.20.5' ],
24 silly audit   '@types/babel__generator': [ '7.6.8' ],
24 silly audit   '@types/babel__template': [ '7.4.4' ],
24 silly audit   '@types/babel__traverse': [ '7.20.6' ],
24 silly audit   '@types/estree': [ '1.0.6' ],
24 silly audit   '@types/graceful-fs': [ '4.1.9' ],
24 silly audit   '@types/istanbul-lib-coverage': [ '2.0.6' ],
24 silly audit   '@types/istanbul-lib-report': [ '3.0.3' ],
24 silly audit   '@types/istanbul-reports': [ '3.0.4' ],
24 silly audit   '@types/jest': [ '29.5.14' ],
24 silly audit   '@types/jsdom': [ '20.0.1' ],
24 silly audit   '@types/json-schema': [ '7.0.15' ],
24 silly audit   '@types/node': [ '22.7.8' ],
24 silly audit   '@types/phoenix': [ '1.6.5' ],
24 silly audit   '@types/prop-types': [ '15.7.13' ],
24 silly audit   '@types/react': [ '18.3.11' ],
24 silly audit   '@types/react-dom': [ '18.3.1' ],
24 silly audit   '@types/stack-utils': [ '2.0.3' ],
24 silly audit   '@types/tough-cookie': [ '4.0.5' ],
24 silly audit   '@types/ws': [ '8.5.12' ],
24 silly audit   '@types/yargs': [ '17.0.33' ],
24 silly audit   '@types/yargs-parser': [ '21.0.3' ],
24 silly audit   '@typescript-eslint/eslint-plugin': [ '8.11.0' ],
24 silly audit   '@typescript-eslint/parser': [ '8.11.0' ],
24 silly audit   '@typescript-eslint/scope-manager': [ '8.11.0' ],
24 silly audit   '@typescript-eslint/type-utils': [ '8.11.0' ],
24 silly audit   '@typescript-eslint/types': [ '8.11.0' ],
24 silly audit   '@typescript-eslint/typescript-estree': [ '8.11.0' ],
24 silly audit   'brace-expansion': [ '2.0.1', '1.1.11' ],
24 silly audit   minimatch: [ '9.0.5', '5.1.6', '3.1.2' ],
24 silly audit   semver: [ '7.6.3', '6.3.1' ],
24 silly audit   '@typescript-eslint/utils': [ '8.11.0' ],
24 silly audit   '@typescript-eslint/visitor-keys': [ '8.11.0' ],
24 silly audit   '@vitejs/plugin-react': [ '4.3.3' ],
24 silly audit   abab: [ '2.0.6' ],
24 silly audit   acorn: [ '8.13.0' ],
24 silly audit   'acorn-globals': [ '7.0.1' ],
24 silly audit   'acorn-jsx': [ '5.3.2' ],
24 silly audit   'acorn-walk': [ '8.3.4' ],
24 silly audit   'agent-base': [ '6.0.2' ],
24 silly audit   ajv: [ '6.12.6' ],
24 silly audit   'ansi-escapes': [ '4.3.2' ],
24 silly audit   'any-promise': [ '1.3.0' ],
24 silly audit   anymatch: [ '3.1.3' ],
24 silly audit   arg: [ '5.0.2' ],
24 silly audit   'aria-query': [ '5.3.0' ],
24 silly audit   async: [ '3.2.6' ],
24 silly audit   asynckit: [ '0.4.0' ],
24 silly audit   autoprefixer: [ '10.4.20' ],
24 silly audit   'babel-jest': [ '29.7.0' ],
24 silly audit   'babel-plugin-istanbul': [ '6.1.1' ],
24 silly audit   'istanbul-lib-instrument': [ '5.2.1', '6.0.3' ],
24 silly audit   'babel-plugin-jest-hoist': [ '29.6.3' ],
24 silly audit   'babel-plugin-polyfill-corejs2': [ '0.4.11' ],
24 silly audit   'babel-plugin-polyfill-corejs3': [ '0.10.6' ],
24 silly audit   'babel-plugin-polyfill-regenerator': [ '0.6.2' ],
24 silly audit   'babel-preset-current-node-syntax': [ '1.1.0' ],
24 silly audit   'babel-preset-jest': [ '29.6.3' ],
24 silly audit   'balanced-match': [ '1.0.2' ],
24 silly audit   'binary-extensions': [ '2.3.0' ],
24 silly audit   braces: [ '3.0.3' ],
24 silly audit   browserslist: [ '4.24.2' ],
24 silly audit   'bs-logger': [ '0.2.6' ],
24 silly audit   bser: [ '2.1.1' ],
24 silly audit   'buffer-from': [ '1.1.2' ],
24 silly audit   callsites: [ '3.1.0' ],
24 silly audit   camelcase: [ '5.3.1', '6.3.0' ],
24 silly audit   'camelcase-css': [ '2.0.1' ],
24 silly audit   'caniuse-lite': [ '1.0.30001669' ],
24 silly audit   'char-regex': [ '1.0.2' ],
24 silly audit   'chart.js': [ '4.4.5' ],
24 silly audit   chokidar: [ '3.6.0' ],
24 silly audit   'glob-parent': [ '5.1.2', '6.0.2' ],
24 silly audit   'ci-info': [ '3.9.0' ],
24 silly audit   'cjs-module-lexer': [ '1.4.1' ],
24 silly audit   classnames: [ '2.5.1' ],
24 silly audit   cliui: [ '8.0.1' ],
24 silly audit   'emoji-regex': [ '8.0.0', '9.2.2' ],
24 silly audit   'string-width': [ '4.2.3', '5.1.2' ],
24 silly audit   'wrap-ansi': [ '7.0.0', '8.1.0' ],
24 silly audit   clsx: [ '2.1.1' ],
24 silly audit   co: [ '4.6.0' ],
24 silly audit   'collect-v8-coverage': [ '1.0.2' ],
24 silly audit   'color-convert': [ '2.0.1' ],
24 silly audit   'color-name': [ '1.1.4' ],
24 silly audit   'combined-stream': [ '1.0.8' ],
24 silly audit   commander: [ '4.1.1' ],
24 silly audit   'concat-map': [ '0.0.1' ],
24 silly audit   'convert-source-map': [ '2.0.0' ],
24 silly audit   'core-js-compat': [ '3.38.1' ],
24 silly audit   'create-jest': [ '29.7.0' ],
24 silly audit   'cross-spawn': [ '7.0.3' ],
24 silly audit   'css.escape': [ '1.5.1' ],
24 silly audit   cssesc: [ '3.0.0' ],
24 silly audit   cssom: [ '0.5.0', '0.3.8' ],
24 silly audit   cssstyle: [ '2.3.0' ],
24 silly audit   csstype: [ '3.1.3' ],
24 silly audit   'data-urls': [ '3.0.2' ],
24 silly audit   tr46: [ '3.0.0', '0.0.3' ],
24 silly audit   'webidl-conversions': [ '7.0.0', '3.0.1' ],
24 silly audit   'whatwg-url': [ '11.0.0', '5.0.0' ],
24 silly audit   debug: [ '4.3.7' ],
24 silly audit   'decimal.js': [ '10.4.3' ],
24 silly audit   dedent: [ '1.5.3' ],
24 silly audit   'deep-is': [ '0.1.4' ],
24 silly audit   deepmerge: [ '4.3.1' ],
24 silly audit   'delayed-stream': [ '1.0.0' ],
24 silly audit   dequal: [ '2.0.3' ],
24 silly audit   'detect-newline': [ '3.1.0' ],
24 silly audit   didyoumean: [ '1.2.2' ],
24 silly audit   'diff-sequences': [ '29.6.3' ],
24 silly audit   dlv: [ '1.1.3' ],
24 silly audit   domexception: [ '4.0.0' ],
24 silly audit   dotenv: [ '16.4.5' ],
24 silly audit   eastasianwidth: [ '0.2.0' ],
24 silly audit   ejs: [ '3.1.10' ],
24 silly audit   'electron-to-chromium': [ '1.5.41' ],
24 silly audit   emittery: [ '0.13.1' ],
24 silly audit   entities: [ '4.5.0' ],
24 silly audit   'error-ex': [ '1.3.2' ],
24 silly audit   esbuild: [ '0.21.5' ],
24 silly audit   escalade: [ '3.2.0' ],
24 silly audit   escodegen: [ '2.1.0' ],
24 silly audit   eslint: [ '9.13.0' ],
24 silly audit   'eslint-plugin-react-hooks': [ '5.1.0-rc-fb9a90fa48-20240614' ],
24 silly audit   'eslint-plugin-react-refresh': [ '0.4.13' ],
24 silly audit   'eslint-scope': [ '8.1.0' ],
24 silly audit   'escape-string-regexp': [ '4.0.0', '2.0.0' ],
24 silly audit   espree: [ '10.2.0' ],
24 silly audit   esprima: [ '4.0.1' ],
24 silly audit   esquery: [ '1.6.0' ],
24 silly audit   esrecurse: [ '4.3.0' ],
24 silly audit   estraverse: [ '5.3.0' ],
24 silly audit   esutils: [ '2.0.3' ],
24 silly audit   execa: [ '5.1.1' ],
24 silly audit   'signal-exit': [ '3.0.7', '4.1.0' ],
24 silly audit   exit: [ '0.1.2' ],
24 silly audit   expect: [ '29.7.0' ],
24 silly audit   'fast-deep-equal': [ '3.1.3' ],
24 silly audit   'fast-glob': [ '3.3.2' ],
24 silly audit   'fast-json-stable-stringify': [ '2.1.0' ],
24 silly audit   'fast-levenshtein': [ '2.0.6' ],
24 silly audit   fastq: [ '1.17.1' ],
24 silly audit   'fb-watchman': [ '2.0.2' ],
24 silly audit   'file-entry-cache': [ '8.0.0' ],
24 silly audit   filelist: [ '1.0.4' ],
24 silly audit   'fill-range': [ '7.1.1' ],
24 silly audit   'flat-cache': [ '4.0.1' ],
24 silly audit   flatted: [ '3.3.1' ],
24 silly audit   'foreground-child': [ '3.3.0' ],
24 silly audit   'form-data': [ '4.0.1' ],
24 silly audit   'fraction.js': [ '4.3.7' ],
24 silly audit   'fs.realpath': [ '1.0.0' ],
24 silly audit   fsevents: [ '2.3.3' ],
24 silly audit   'function-bind': [ '1.1.2' ],
24 silly audit   gensync: [ '1.0.0-beta.2' ],
24 silly audit   'get-caller-file': [ '2.0.5' ],
24 silly audit   'get-package-type': [ '0.1.0' ],
24 silly audit   'get-stream': [ '6.0.1' ],
24 silly audit   'graceful-fs': [ '4.2.11' ],
24 silly audit   graphemer: [ '1.4.0' ],
24 silly audit   'harmony-reflect': [ '1.6.2' ],
24 silly audit   'has-flag': [ '4.0.0' ],
24 silly audit   hasown: [ '2.0.2' ],
24 silly audit   'html-encoding-sniffer': [ '3.0.0' ],
24 silly audit   'html-escaper': [ '2.0.2' ],
24 silly audit   'http-proxy-agent': [ '5.0.0' ],
24 silly audit   'https-proxy-agent': [ '5.0.1' ],
24 silly audit   'human-signals': [ '2.1.0' ],
24 silly audit   'iconv-lite': [ '0.6.3' ],
24 silly audit   'identity-obj-proxy': [ '3.0.0' ],
24 silly audit   ignore: [ '5.3.2' ],
24 silly audit   'import-fresh': [ '3.3.0' ],
24 silly audit   'import-local': [ '3.2.0' ],
24 silly audit   imurmurhash: [ '0.1.4' ],
24 silly audit   'indent-string': [ '4.0.0' ],
24 silly audit   inflight: [ '1.0.6' ],
24 silly audit   inherits: [ '2.0.4' ],
24 silly audit   'is-arrayish': [ '0.2.1' ],
24 silly audit   'is-binary-path': [ '2.1.0' ],
24 silly audit   'is-core-module': [ '2.15.1' ],
24 silly audit   'is-extglob': [ '2.1.1' ],
24 silly audit   'is-fullwidth-code-point': [ '3.0.0' ],
24 silly audit   'is-generator-fn': [ '2.1.0' ],
24 silly audit   'is-glob': [ '4.0.3' ],
24 silly audit   'is-number': [ '7.0.0' ],
24 silly audit   'is-potential-custom-element-name': [ '1.0.1' ],
24 silly audit   'is-stream': [ '2.0.1' ],
24 silly audit   isexe: [ '2.0.0' ],
24 silly audit   'istanbul-lib-coverage': [ '3.2.2' ],
24 silly audit   'istanbul-lib-report': [ '3.0.1' ],
24 silly audit   'istanbul-lib-source-maps': [ '4.0.1' ],
24 silly audit   'istanbul-reports': [ '3.1.7' ],
24 silly audit   jackspeak: [ '3.4.3' ],
24 silly audit   jake: [ '10.9.2' ],
24 silly audit   jest: [ '29.7.0' ],
24 silly audit   'jest-changed-files': [ '29.7.0' ],
24 silly audit   'jest-circus': [ '29.7.0' ],
24 silly audit   'jest-cli': [ '29.7.0' ],
24 silly audit   'jest-config': [ '29.7.0' ],
24 silly audit   'jest-diff': [ '29.7.0' ],
24 silly audit   'jest-docblock': [ '29.7.0' ],
24 silly audit   'jest-each': [ '29.7.0' ],
24 silly audit   'jest-environment-jsdom': [ '29.7.0' ],
24 silly audit   'jest-environment-node': [ '29.7.0' ],
24 silly audit   'jest-get-type': [ '29.6.3' ],
24 silly audit   'jest-haste-map': [ '29.7.0' ],
24 silly audit   'jest-leak-detector': [ '29.7.0' ],
24 silly audit   'jest-matcher-utils': [ '29.7.0' ],
24 silly audit   'jest-message-util': [ '29.7.0' ],
24 silly audit   'jest-mock': [ '29.7.0' ],
24 silly audit   'jest-pnp-resolver': [ '1.2.3' ],
24 silly audit   'jest-regex-util': [ '29.6.3' ],
24 silly audit   'jest-resolve': [ '29.7.0' ],
24 silly audit   'jest-resolve-dependencies': [ '29.7.0' ],
24 silly audit   'jest-runner': [ '29.7.0' ],
24 silly audit   'jest-runtime': [ '29.7.0' ],
24 silly audit   'jest-snapshot': [ '29.7.0' ],
24 silly audit   'jest-util': [ '29.7.0' ],
24 silly audit   'jest-validate': [ '29.7.0' ],
24 silly audit   'jest-watcher': [ '29.7.0' ],
24 silly audit   'jest-worker': [ '29.7.0' ],
24 silly audit   'supports-color': [ '8.1.1', '7.2.0' ],
24 silly audit   jiti: [ '1.21.6' ],
24 silly audit   'js-tokens': [ '4.0.0' ],
24 silly audit   jsdom: [ '20.0.3' ],
24 silly audit   jsesc: [ '3.0.2' ],
24 silly audit   'json-buffer': [ '3.0.1' ],
24 silly audit   'json-parse-even-better-errors': [ '2.3.1' ],
24 silly audit   'json-schema-traverse': [ '0.4.1' ],
24 silly audit   'json-stable-stringify-without-jsonify': [ '1.0.1' ],
24 silly audit   json5: [ '2.2.3' ],
24 silly audit   keyv: [ '4.5.4' ],
24 silly audit   kleur: [ '3.0.3' ],
24 silly audit   leven: [ '3.1.0' ],
24 silly audit   levn: [ '0.4.1' ],
24 silly audit   lilconfig: [ '2.1.0', '3.1.2' ],
24 silly audit   'lines-and-columns': [ '1.2.4' ],
24 silly audit   lodash: [ '4.17.21' ],
24 silly audit   'lodash.castarray': [ '4.4.0' ],
24 silly audit   'lodash.debounce': [ '4.0.8' ],
24 silly audit   'lodash.isplainobject': [ '4.0.6' ],
24 silly audit   'lodash.memoize': [ '4.1.2' ],
24 silly audit   'lodash.merge': [ '4.6.2' ],
24 silly audit   'loose-envify': [ '1.4.0' ],
24 silly audit   'lru-cache': [ '5.1.1', '10.4.3' ],
24 silly audit   'lucide-react': [ '0.344.0' ],
24 silly audit   'lz-string': [ '1.5.0' ],
24 silly audit   'make-dir': [ '4.0.0' ],
24 silly audit   'make-error': [ '1.3.6' ],
24 silly audit   makeerror: [ '1.0.12' ],
24 silly audit   'merge-stream': [ '2.0.0' ],
24 silly audit   merge2: [ '1.4.1' ],
24 silly audit   micromatch: [ '4.0.8' ],
24 silly audit   'mime-db': [ '1.52.0' ],
24 silly audit   'mime-types': [ '2.1.35' ],
24 silly audit   'mimic-fn': [ '2.1.0' ],
24 silly audit   'min-indent': [ '1.0.1' ],
24 silly audit   minipass: [ '7.1.2' ],
24 silly audit   ms: [ '2.1.3' ],
24 silly audit   mz: [ '2.7.0' ],
24 silly audit   nanoid: [ '3.3.7' ],
24 silly audit   'natural-compare': [ '1.4.0' ],
24 silly audit   'node-int64': [ '0.4.0' ],
24 silly audit   'node-releases': [ '2.0.18' ],
24 silly audit   'normalize-path': [ '3.0.0' ],
24 silly audit   'normalize-range': [ '0.1.2' ],
24 silly audit   'npm-run-path': [ '4.0.1' ],
24 silly audit   nwsapi: [ '2.2.13' ],
24 silly audit   'object-assign': [ '4.1.1' ],
24 silly audit   'object-hash': [ '3.0.0' ],
24 silly audit   once: [ '1.4.0' ],
24 silly audit   onetime: [ '5.1.2' ],
24 silly audit   optionator: [ '0.9.4' ],
24 silly audit   'p-try': [ '2.2.0' ],
24 silly audit   'package-json-from-dist': [ '1.0.1' ],
24 silly audit   'parent-module': [ '1.0.1' ],
24 silly audit   'parse-json': [ '5.2.0' ],
24 silly audit   parse5: [ '7.2.0' ],
24 silly audit   'path-exists': [ '4.0.0' ],
24 silly audit   'path-is-absolute': [ '1.0.1' ],
24 silly audit   'path-key': [ '3.1.1' ],
24 silly audit   'path-parse': [ '1.0.7' ],
24 silly audit   'path-scurry': [ '1.11.1' ],
24 silly audit   picocolors: [ '1.1.1' ],
24 silly audit   picomatch: [ '2.3.1' ],
24 silly audit   pify: [ '2.3.0' ],
24 silly audit   pirates: [ '4.0.6' ],
24 silly audit   'pkg-dir': [ '4.2.0' ],
24 silly audit   postcss: [ '8.4.47' ],
24 silly audit   'postcss-import': [ '15.1.0' ],
24 silly audit   'postcss-js': [ '4.0.1' ],
24 silly audit   'postcss-load-config': [ '4.0.2' ],
24 silly audit   'postcss-nested': [ '6.2.0' ],
24 silly audit   'postcss-selector-parser': [ '6.1.2', '6.0.10' ],
24 silly audit   'postcss-value-parser': [ '4.2.0' ],
24 silly audit   'prelude-ls': [ '1.2.1' ],
24 silly audit   prompts: [ '2.4.2' ],
24 silly audit   psl: [ '1.9.0' ],
24 silly audit   punycode: [ '2.3.1' ],
24 silly audit   'pure-rand': [ '6.1.0' ],
24 silly audit   querystringify: [ '2.2.0' ],
24 silly audit   'queue-microtask': [ '1.2.3' ],
24 silly audit   react: [ '18.3.1' ],
24 silly audit   'react-chartjs-2': [ '5.2.0' ],
24 silly audit   'react-dom': [ '18.3.1' ],
24 silly audit   'react-refresh': [ '0.14.2' ],
24 silly audit   'react-router': [ '6.27.0' ],
24 silly audit   'react-router-dom': [ '6.27.0' ],
24 silly audit   'react-toastify': [ '10.0.6' ],
24 silly audit   'react-tooltip': [ '5.28.0' ],
24 silly audit   'read-cache': [ '1.0.0' ],
24 silly audit   readdirp: [ '3.6.0' ],
24 silly audit   redent: [ '3.0.0' ],
24 silly audit   regenerate: [ '1.4.2' ],
24 silly audit   'regenerate-unicode-properties': [ '10.2.0' ],
24 silly audit   'regenerator-runtime': [ '0.14.1' ],
24 silly audit   'regenerator-transform': [ '0.15.2' ],
24 silly audit   'regexpu-core': [ '6.1.1' ],
24 silly audit   regjsgen: [ '0.8.0' ],
24 silly audit   regjsparser: [ '0.11.2' ],
24 silly audit   'require-directory': [ '2.1.1' ],
24 silly audit   'requires-port': [ '1.0.0' ],
24 silly audit   resolve: [ '1.22.8' ],
24 silly audit   'resolve-cwd': [ '3.0.0' ],
24 silly audit   'resolve.exports': [ '2.0.2' ],
24 silly audit   reusify: [ '1.0.4' ],
24 silly audit   rollup: [ '4.24.0' ],
24 silly audit   'run-parallel': [ '1.2.0' ],
24 silly audit   'safer-buffer': [ '2.1.2' ],
24 silly audit   saxes: [ '6.0.0' ],
24 silly audit   scheduler: [ '0.23.2' ],
24 silly audit   'shebang-command': [ '2.0.0' ],
24 silly audit   'shebang-regex': [ '3.0.0' ],
24 silly audit   sisteransi: [ '1.0.5' ],
24 silly audit   slash: [ '3.0.0' ],
24 silly audit   'source-map': [ '0.6.1' ],
24 silly audit   'source-map-js': [ '1.2.1' ],
24 silly audit   'source-map-support': [ '0.5.13' ],
24 silly audit   'sprintf-js': [ '1.0.3' ],
24 silly audit   'stack-utils': [ '2.0.6' ],
24 silly audit   'string-length': [ '4.0.2' ],
24 silly audit   'strip-bom': [ '4.0.0' ],
24 silly audit   'strip-final-newline': [ '2.0.0' ],
24 silly audit   'strip-indent': [ '3.0.0' ],
24 silly audit   'strip-json-comments': [ '3.1.1' ],
24 silly audit   sucrase: [ '3.35.0' ],
24 silly audit   'supports-preserve-symlinks-flag': [ '1.0.0' ],
24 silly audit   'symbol-tree': [ '3.2.4' ],
24 silly audit   tailwindcss: [ '3.4.14' ],
24 silly audit   'test-exclude': [ '6.0.0' ],
24 silly audit   'text-table': [ '0.2.0' ],
24 silly audit   thenify: [ '3.3.1' ],
24 silly audit   'thenify-all': [ '1.6.0' ],
24 silly audit   tmpl: [ '1.0.5' ],
24 silly audit   'to-regex-range': [ '5.0.1' ],
24 silly audit   'tough-cookie': [ '4.1.4' ],
24 silly audit   'ts-api-utils': [ '1.3.0' ],
24 silly audit   'ts-interface-checker': [ '0.1.13' ],
24 silly audit   'ts-jest': [ '29.2.5' ],
24 silly audit   'type-check': [ '0.4.0' ],
24 silly audit   'type-detect': [ '4.0.8' ],
24 silly audit   'type-fest': [ '0.21.3' ],
24 silly audit   typescript: [ '5.6.3' ],
24 silly audit   'typescript-eslint': [ '8.11.0' ],
24 silly audit   'undici-types': [ '6.19.8' ],
24 silly audit   'unicode-canonical-property-names-ecmascript': [ '2.0.1' ],
24 silly audit   'unicode-match-property-ecmascript': [ '2.0.0' ],
24 silly audit   'unicode-match-property-value-ecmascript': [ '2.2.0' ],
24 silly audit   'unicode-property-aliases-ecmascript': [ '2.1.0' ],
24 silly audit   universalify: [ '0.2.0' ],
24 silly audit   'update-browserslist-db': [ '1.1.1' ],
24 silly audit   'uri-js': [ '4.4.1' ],
24 silly audit   'url-parse': [ '1.5.10' ],
24 silly audit   'util-deprecate': [ '1.0.2' ],
24 silly audit   'v8-to-istanbul': [ '9.3.0' ],
24 silly audit   vite: [ '5.4.9' ],
24 silly audit   'w3c-xmlserializer': [ '4.0.0' ],
24 silly audit   walker: [ '1.0.8' ],
24 silly audit   'whatwg-encoding': [ '2.0.0' ],
24 silly audit   'whatwg-mimetype': [ '3.0.0' ],
24 silly audit   which: [ '2.0.2' ],
24 silly audit   'word-wrap': [ '1.2.5' ],
24 silly audit   wrappy: [ '1.0.2' ],
24 silly audit   'write-file-atomic': [ '4.0.2' ],
24 silly audit   ws: [ '8.18.0' ],
24 silly audit   'xml-name-validator': [ '4.0.0' ],
24 silly audit   xmlchars: [ '2.2.0' ],
24 silly audit   y18n: [ '5.0.8' ],
24 silly audit   yallist: [ '3.1.1' ],
24 silly audit   yaml: [ '2.6.0' ],
24 silly audit   yargs: [ '17.7.2' ],
24 silly audit   'yargs-parser': [ '21.1.1' ],
24 silly audit   'yocto-queue': [ '0.1.0' ],
24 silly audit   husky: [ '9.1.7' ]
24 silly audit }
25 verbose reify failed optional dependency C:\Users\Janeth\Desktop\SOFTWARE DEV\SEMESTRE V\PDSEI\StockEasy\node_modules\fsevents
26 silly reify mark deleted [
26 silly reify   'C:\\Users\\Janeth\\Desktop\\SOFTWARE DEV\\SEMESTRE V\\PDSEI\\StockEasy\\node_modules\\fsevents'
26 silly reify ]
27 verbose reify failed optional dependency C:\Users\Janeth\Desktop\SOFTWARE DEV\SEMESTRE V\PDSEI\StockEasy\node_modules\@rollup\rollup-win32-ia32-msvc
28 silly reify mark deleted [
28 silly reify   'C:\\Users\\Janeth\\Desktop\\SOFTWARE DEV\\SEMESTRE V\\PDSEI\\StockEasy\\node_modules\\@rollup\\rollup-win32-ia32-msvc'
28 silly reify ]
29 verbose reify failed optional dependency C:\Users\Janeth\Desktop\SOFTWARE DEV\SEMESTRE V\PDSEI\StockEasy\node_modules\@rollup\rollup-win32-arm64-msvc
30 silly reify mark deleted [
30 silly reify   'C:\\Users\\Janeth\\Desktop\\SOFTWARE DEV\\SEMESTRE V\\PDSEI\\StockEasy\\node_modules\\@rollup\\rollup-win32-arm64-msvc'
30 silly reify ]
31 verbose reify failed optional dependency C:\Users\Janeth\Desktop\SOFTWARE DEV\SEMESTRE V\PDSEI\StockEasy\node_modules\@rollup\rollup-linux-x64-musl
32 silly reify mark deleted [
32 silly reify   'C:\\Users\\Janeth\\Desktop\\SOFTWARE DEV\\SEMESTRE V\\PDSEI\\StockEasy\\node_modules\\@rollup\\rollup-linux-x64-musl'
32 silly reify ]
33 verbose reify failed optional dependency C:\Users\Janeth\Desktop\SOFTWARE DEV\SEMESTRE V\PDSEI\StockEasy\node_modules\@rollup\rollup-linux-x64-gnu
34 silly reify mark deleted [
34 silly reify   'C:\\Users\\Janeth\\Desktop\\SOFTWARE DEV\\SEMESTRE V\\PDSEI\\StockEasy\\node_modules\\@rollup\\rollup-linux-x64-gnu'
34 silly reify ]
35 verbose reify failed optional dependency C:\Users\Janeth\Desktop\SOFTWARE DEV\SEMESTRE V\PDSEI\StockEasy\node_modules\@rollup\rollup-linux-s390x-gnu
36 silly reify mark deleted [
36 silly reify   'C:\\Users\\Janeth\\Desktop\\SOFTWARE DEV\\SEMESTRE V\\PDSEI\\StockEasy\\node_modules\\@rollup\\rollup-linux-s390x-gnu'
36 silly reify ]
37 verbose reify failed optional dependency C:\Users\Janeth\Desktop\SOFTWARE DEV\SEMESTRE V\PDSEI\StockEasy\node_modules\@rollup\rollup-linux-riscv64-gnu
38 silly reify mark deleted [
38 silly reify   'C:\\Users\\Janeth\\Desktop\\SOFTWARE DEV\\SEMESTRE V\\PDSEI\\StockEasy\\node_modules\\@rollup\\rollup-linux-riscv64-gnu'
38 silly reify ]
39 verbose reify failed optional dependency C:\Users\Janeth\Desktop\SOFTWARE DEV\SEMESTRE V\PDSEI\StockEasy\node_modules\@rollup\rollup-linux-powerpc64le-gnu
40 silly reify mark deleted [
40 silly reify   'C:\\Users\\Janeth\\Desktop\\SOFTWARE DEV\\SEMESTRE V\\PDSEI\\StockEasy\\node_modules\\@rollup\\rollup-linux-powerpc64le-gnu'
40 silly reify ]
41 verbose reify failed optional dependency C:\Users\Janeth\Desktop\SOFTWARE DEV\SEMESTRE V\PDSEI\StockEasy\node_modules\@rollup\rollup-linux-arm64-musl
42 silly reify mark deleted [
42 silly reify   'C:\\Users\\Janeth\\Desktop\\SOFTWARE DEV\\SEMESTRE V\\PDSEI\\StockEasy\\node_modules\\@rollup\\rollup-linux-arm64-musl'
42 silly reify ]
43 verbose reify failed optional dependency C:\Users\Janeth\Desktop\SOFTWARE DEV\SEMESTRE V\PDSEI\StockEasy\node_modules\@rollup\rollup-linux-arm64-gnu
44 silly reify mark deleted [
44 silly reify   'C:\\Users\\Janeth\\Desktop\\SOFTWARE DEV\\SEMESTRE V\\PDSEI\\StockEasy\\node_modules\\@rollup\\rollup-linux-arm64-gnu'
44 silly reify ]
45 verbose reify failed optional dependency C:\Users\Janeth\Desktop\SOFTWARE DEV\SEMESTRE V\PDSEI\StockEasy\node_modules\@rollup\rollup-linux-arm-musleabihf
46 silly reify mark deleted [
46 silly reify   'C:\\Users\\Janeth\\Desktop\\SOFTWARE DEV\\SEMESTRE V\\PDSEI\\StockEasy\\node_modules\\@rollup\\rollup-linux-arm-musleabihf'
46 silly reify ]
47 verbose reify failed optional dependency C:\Users\Janeth\Desktop\SOFTWARE DEV\SEMESTRE V\PDSEI\StockEasy\node_modules\@rollup\rollup-linux-arm-gnueabihf
48 silly reify mark deleted [
48 silly reify   'C:\\Users\\Janeth\\Desktop\\SOFTWARE DEV\\SEMESTRE V\\PDSEI\\StockEasy\\node_modules\\@rollup\\rollup-linux-arm-gnueabihf'
48 silly reify ]
49 verbose reify failed optional dependency C:\Users\Janeth\Desktop\SOFTWARE DEV\SEMESTRE V\PDSEI\StockEasy\node_modules\@rollup\rollup-darwin-x64
50 silly reify mark deleted [
50 silly reify   'C:\\Users\\Janeth\\Desktop\\SOFTWARE DEV\\SEMESTRE V\\PDSEI\\StockEasy\\node_modules\\@rollup\\rollup-darwin-x64'
50 silly reify ]
51 verbose reify failed optional dependency C:\Users\Janeth\Desktop\SOFTWARE DEV\SEMESTRE V\PDSEI\StockEasy\node_modules\@rollup\rollup-darwin-arm64
52 silly reify mark deleted [
52 silly reify   'C:\\Users\\Janeth\\Desktop\\SOFTWARE DEV\\SEMESTRE V\\PDSEI\\StockEasy\\node_modules\\@rollup\\rollup-darwin-arm64'
52 silly reify ]
53 verbose reify failed optional dependency C:\Users\Janeth\Desktop\SOFTWARE DEV\SEMESTRE V\PDSEI\StockEasy\node_modules\@rollup\rollup-android-arm64
54 silly reify mark deleted [
54 silly reify   'C:\\Users\\Janeth\\Desktop\\SOFTWARE DEV\\SEMESTRE V\\PDSEI\\StockEasy\\node_modules\\@rollup\\rollup-android-arm64'
54 silly reify ]
55 verbose reify failed optional dependency C:\Users\Janeth\Desktop\SOFTWARE DEV\SEMESTRE V\PDSEI\StockEasy\node_modules\@rollup\rollup-android-arm-eabi
56 silly reify mark deleted [
56 silly reify   'C:\\Users\\Janeth\\Desktop\\SOFTWARE DEV\\SEMESTRE V\\PDSEI\\StockEasy\\node_modules\\@rollup\\rollup-android-arm-eabi'
56 silly reify ]
57 verbose reify failed optional dependency C:\Users\Janeth\Desktop\SOFTWARE DEV\SEMESTRE V\PDSEI\StockEasy\node_modules\@esbuild\win32-ia32
58 silly reify mark deleted [
58 silly reify   'C:\\Users\\Janeth\\Desktop\\SOFTWARE DEV\\SEMESTRE V\\PDSEI\\StockEasy\\node_modules\\@esbuild\\win32-ia32'
58 silly reify ]
59 verbose reify failed optional dependency C:\Users\Janeth\Desktop\SOFTWARE DEV\SEMESTRE V\PDSEI\StockEasy\node_modules\@esbuild\win32-arm64
60 silly reify mark deleted [
60 silly reify   'C:\\Users\\Janeth\\Desktop\\SOFTWARE DEV\\SEMESTRE V\\PDSEI\\StockEasy\\node_modules\\@esbuild\\win32-arm64'
60 silly reify ]
61 verbose reify failed optional dependency C:\Users\Janeth\Desktop\SOFTWARE DEV\SEMESTRE V\PDSEI\StockEasy\node_modules\@esbuild\sunos-x64
62 silly reify mark deleted [
62 silly reify   'C:\\Users\\Janeth\\Desktop\\SOFTWARE DEV\\SEMESTRE V\\PDSEI\\StockEasy\\node_modules\\@esbuild\\sunos-x64'
62 silly reify ]
63 verbose reify failed optional dependency C:\Users\Janeth\Desktop\SOFTWARE DEV\SEMESTRE V\PDSEI\StockEasy\node_modules\@esbuild\openbsd-x64
64 silly reify mark deleted [
64 silly reify   'C:\\Users\\Janeth\\Desktop\\SOFTWARE DEV\\SEMESTRE V\\PDSEI\\StockEasy\\node_modules\\@esbuild\\openbsd-x64'
64 silly reify ]
65 verbose reify failed optional dependency C:\Users\Janeth\Desktop\SOFTWARE DEV\SEMESTRE V\PDSEI\StockEasy\node_modules\@esbuild\netbsd-x64
66 silly reify mark deleted [
66 silly reify   'C:\\Users\\Janeth\\Desktop\\SOFTWARE DEV\\SEMESTRE V\\PDSEI\\StockEasy\\node_modules\\@esbuild\\netbsd-x64'
66 silly reify ]
67 verbose reify failed optional dependency C:\Users\Janeth\Desktop\SOFTWARE DEV\SEMESTRE V\PDSEI\StockEasy\node_modules\@esbuild\linux-x64
68 silly reify mark deleted [
68 silly reify   'C:\\Users\\Janeth\\Desktop\\SOFTWARE DEV\\SEMESTRE V\\PDSEI\\StockEasy\\node_modules\\@esbuild\\linux-x64'
68 silly reify ]
69 verbose reify failed optional dependency C:\Users\Janeth\Desktop\SOFTWARE DEV\SEMESTRE V\PDSEI\StockEasy\node_modules\@esbuild\linux-s390x
70 silly reify mark deleted [
70 silly reify   'C:\\Users\\Janeth\\Desktop\\SOFTWARE DEV\\SEMESTRE V\\PDSEI\\StockEasy\\node_modules\\@esbuild\\linux-s390x'
70 silly reify ]
71 verbose reify failed optional dependency C:\Users\Janeth\Desktop\SOFTWARE DEV\SEMESTRE V\PDSEI\StockEasy\node_modules\@esbuild\linux-riscv64
72 silly reify mark deleted [
72 silly reify   'C:\\Users\\Janeth\\Desktop\\SOFTWARE DEV\\SEMESTRE V\\PDSEI\\StockEasy\\node_modules\\@esbuild\\linux-riscv64'
72 silly reify ]
73 verbose reify failed optional dependency C:\Users\Janeth\Desktop\SOFTWARE DEV\SEMESTRE V\PDSEI\StockEasy\node_modules\@esbuild\linux-ppc64
74 silly reify mark deleted [
74 silly reify   'C:\\Users\\Janeth\\Desktop\\SOFTWARE DEV\\SEMESTRE V\\PDSEI\\StockEasy\\node_modules\\@esbuild\\linux-ppc64'
74 silly reify ]
75 verbose reify failed optional dependency C:\Users\Janeth\Desktop\SOFTWARE DEV\SEMESTRE V\PDSEI\StockEasy\node_modules\@esbuild\linux-mips64el
76 silly reify mark deleted [
76 silly reify   'C:\\Users\\Janeth\\Desktop\\SOFTWARE DEV\\SEMESTRE V\\PDSEI\\StockEasy\\node_modules\\@esbuild\\linux-mips64el'
76 silly reify ]
77 verbose reify failed optional dependency C:\Users\Janeth\Desktop\SOFTWARE DEV\SEMESTRE V\PDSEI\StockEasy\node_modules\@esbuild\linux-loong64
78 silly reify mark deleted [
78 silly reify   'C:\\Users\\Janeth\\Desktop\\SOFTWARE DEV\\SEMESTRE V\\PDSEI\\StockEasy\\node_modules\\@esbuild\\linux-loong64'
78 silly reify ]
79 verbose reify failed optional dependency C:\Users\Janeth\Desktop\SOFTWARE DEV\SEMESTRE V\PDSEI\StockEasy\node_modules\@esbuild\linux-ia32
80 silly reify mark deleted [
80 silly reify   'C:\\Users\\Janeth\\Desktop\\SOFTWARE DEV\\SEMESTRE V\\PDSEI\\StockEasy\\node_modules\\@esbuild\\linux-ia32'
80 silly reify ]
81 verbose reify failed optional dependency C:\Users\Janeth\Desktop\SOFTWARE DEV\SEMESTRE V\PDSEI\StockEasy\node_modules\@esbuild\linux-arm64
82 silly reify mark deleted [
82 silly reify   'C:\\Users\\Janeth\\Desktop\\SOFTWARE DEV\\SEMESTRE V\\PDSEI\\StockEasy\\node_modules\\@esbuild\\linux-arm64'
82 silly reify ]
83 verbose reify failed optional dependency C:\Users\Janeth\Desktop\SOFTWARE DEV\SEMESTRE V\PDSEI\StockEasy\node_modules\@esbuild\linux-arm
84 silly reify mark deleted [
84 silly reify   'C:\\Users\\Janeth\\Desktop\\SOFTWARE DEV\\SEMESTRE V\\PDSEI\\StockEasy\\node_modules\\@esbuild\\linux-arm'
84 silly reify ]
85 verbose reify failed optional dependency C:\Users\Janeth\Desktop\SOFTWARE DEV\SEMESTRE V\PDSEI\StockEasy\node_modules\@esbuild\freebsd-x64
86 silly reify mark deleted [
86 silly reify   'C:\\Users\\Janeth\\Desktop\\SOFTWARE DEV\\SEMESTRE V\\PDSEI\\StockEasy\\node_modules\\@esbuild\\freebsd-x64'
86 silly reify ]
87 verbose reify failed optional dependency C:\Users\Janeth\Desktop\SOFTWARE DEV\SEMESTRE V\PDSEI\StockEasy\node_modules\@esbuild\freebsd-arm64
88 silly reify mark deleted [
88 silly reify   'C:\\Users\\Janeth\\Desktop\\SOFTWARE DEV\\SEMESTRE V\\PDSEI\\StockEasy\\node_modules\\@esbuild\\freebsd-arm64'
88 silly reify ]
89 verbose reify failed optional dependency C:\Users\Janeth\Desktop\SOFTWARE DEV\SEMESTRE V\PDSEI\StockEasy\node_modules\@esbuild\darwin-x64
90 silly reify mark deleted [
90 silly reify   'C:\\Users\\Janeth\\Desktop\\SOFTWARE DEV\\SEMESTRE V\\PDSEI\\StockEasy\\node_modules\\@esbuild\\darwin-x64'
90 silly reify ]
91 verbose reify failed optional dependency C:\Users\Janeth\Desktop\SOFTWARE DEV\SEMESTRE V\PDSEI\StockEasy\node_modules\@esbuild\darwin-arm64
92 silly reify mark deleted [
92 silly reify   'C:\\Users\\Janeth\\Desktop\\SOFTWARE DEV\\SEMESTRE V\\PDSEI\\StockEasy\\node_modules\\@esbuild\\darwin-arm64'
92 silly reify ]
93 verbose reify failed optional dependency C:\Users\Janeth\Desktop\SOFTWARE DEV\SEMESTRE V\PDSEI\StockEasy\node_modules\@esbuild\android-x64
94 silly reify mark deleted [
94 silly reify   'C:\\Users\\Janeth\\Desktop\\SOFTWARE DEV\\SEMESTRE V\\PDSEI\\StockEasy\\node_modules\\@esbuild\\android-x64'
94 silly reify ]
95 verbose reify failed optional dependency C:\Users\Janeth\Desktop\SOFTWARE DEV\SEMESTRE V\PDSEI\StockEasy\node_modules\@esbuild\android-arm64
96 silly reify mark deleted [
96 silly reify   'C:\\Users\\Janeth\\Desktop\\SOFTWARE DEV\\SEMESTRE V\\PDSEI\\StockEasy\\node_modules\\@esbuild\\android-arm64'
96 silly reify ]
97 verbose reify failed optional dependency C:\Users\Janeth\Desktop\SOFTWARE DEV\SEMESTRE V\PDSEI\StockEasy\node_modules\@esbuild\android-arm
98 silly reify mark deleted [
98 silly reify   'C:\\Users\\Janeth\\Desktop\\SOFTWARE DEV\\SEMESTRE V\\PDSEI\\StockEasy\\node_modules\\@esbuild\\android-arm'
98 silly reify ]
99 verbose reify failed optional dependency C:\Users\Janeth\Desktop\SOFTWARE DEV\SEMESTRE V\PDSEI\StockEasy\node_modules\@esbuild\aix-ppc64
100 silly reify mark deleted [
100 silly reify   'C:\\Users\\Janeth\\Desktop\\SOFTWARE DEV\\SEMESTRE V\\PDSEI\\StockEasy\\node_modules\\@esbuild\\aix-ppc64'
100 silly reify ]
101 http fetch POST 200 https://registry.npmjs.org/-/npm/v1/security/advisories/bulk 666ms
102 silly audit report {
102 silly audit report   '@eslint/plugin-kit': [
102 silly audit report     {
102 silly audit report       id: 1100564,
102 silly audit report       url: 'https://github.com/advisories/GHSA-7q7g-4xm8-89cq',
102 silly audit report       title: 'Regular Expression Denial of Service (ReDoS) in @eslint/plugin-kit',
102 silly audit report       severity: 'low',
102 silly audit report       vulnerable_versions: '<0.2.3',
102 silly audit report       cwe: [Array],
102 silly audit report       cvss: [Object]
102 silly audit report     }
102 silly audit report   ],
102 silly audit report   'cross-spawn': [
102 silly audit report     {
102 silly audit report       id: 1100563,
102 silly audit report       url: 'https://github.com/advisories/GHSA-3xgq-45jj-v275',
102 silly audit report       title: 'Regular Expression Denial of Service (ReDoS) in cross-spawn',
102 silly audit report       severity: 'high',
102 silly audit report       vulnerable_versions: '>=7.0.0 <7.0.5',
102 silly audit report       cwe: [Array],
102 silly audit report       cvss: [Object]
102 silly audit report     }
102 silly audit report   ]
102 silly audit report }
103 silly packumentCache corgi:https://registry.npmjs.org/@eslint%2fplugin-kit cache-miss
104 silly packumentCache corgi:https://registry.npmjs.org/cross-spawn cache-miss
105 http fetch GET 200 https://registry.npmjs.org/cross-spawn 214ms (cache revalidated)
106 silly packumentCache corgi:https://registry.npmjs.org/cross-spawn set size:44626 disposed:false
107 http fetch GET 200 https://registry.npmjs.org/@eslint%2fplugin-kit 423ms (cache revalidated)
108 silly packumentCache corgi:https://registry.npmjs.org/@eslint%2fplugin-kit set size:4736 disposed:false
109 silly packumentCache corgi:https://registry.npmjs.org/eslint cache-miss
110 http fetch GET 200 https://registry.npmjs.org/eslint 179ms (cache revalidated)
111 silly packumentCache corgi:https://registry.npmjs.org/eslint set size:1015531 disposed:false
112 silly packumentCache corgi:https://registry.npmjs.org/execa cache-miss
113 silly packumentCache corgi:https://registry.npmjs.org/foreground-child cache-miss
114 http fetch GET 200 https://registry.npmjs.org/foreground-child 121ms (cache revalidated)
115 silly packumentCache corgi:https://registry.npmjs.org/foreground-child set size:20383 disposed:false
116 http fetch GET 200 https://registry.npmjs.org/execa 184ms (cache revalidated)
117 silly packumentCache corgi:https://registry.npmjs.org/execa set size:83988 disposed:false
118 silly ADD
119 silly ADD
120 silly ADD
121 silly ADD
122 silly ADD
123 silly ADD
124 silly ADD
125 silly ADD
126 silly ADD
127 silly ADD
128 silly ADD
129 silly ADD
130 silly ADD
131 silly ADD
132 silly ADD
133 silly ADD
134 silly ADD
135 silly ADD
136 silly ADD
137 silly ADD
138 silly ADD
139 silly ADD
140 silly ADD
141 silly ADD
142 silly ADD
143 silly ADD
144 silly ADD
145 silly ADD
146 silly ADD
147 silly ADD
148 silly ADD
149 silly ADD
150 silly ADD
151 silly ADD
152 silly ADD
153 silly ADD
154 silly ADD
155 silly ADD
156 verbose cwd C:\Users\Janeth\Desktop\SOFTWARE DEV\SEMESTRE V\PDSEI\StockEasy
157 verbose os Windows_NT 10.0.19045
158 verbose node v20.17.0
159 verbose npm  v10.8.3
160 verbose exit 0
161 info ok
