0 verbose cli C:\Program Files\nodejs\node.exe C:\Users\Janeth\AppData\Roaming\npm\node_modules\npm\bin\npm-cli.js
1 info using npm@10.8.3
2 info using node@v20.17.0
3 silly config load:file:C:\Users\Janeth\AppData\Roaming\npm\node_modules\npm\npmrc
4 silly config load:file:C:\Users\Janeth\Desktop\SOFTWARE DEV\SEMESTRE V\PDSEI\StockEasy\.npmrc
5 silly config load:file:C:\Users\Janeth\.npmrc
6 silly config load:file:C:\Users\Janeth\AppData\Roaming\npm\etc\npmrc
7 verbose title npm install husky
8 verbose argv "install" "husky" "--save-dev"
9 verbose logfile logs-max:10 dir:C:\Users\Janeth\Desktop\SOFTWARE DEV\SEMESTRE V\PDSEI\StockEasy\Janeth\AppData\Data\Roaming\npm-cache\_logs\2024-12-03T18_59_06_749Z-
10 verbose logfile C:\Users\Janeth\Desktop\SOFTWARE DEV\SEMESTRE V\PDSEI\StockEasy\Janeth\AppData\Data\Roaming\npm-cache\_logs\2024-12-03T18_59_06_749Z-debug-0.log
11 silly packumentCache heap:4345298944 maxSize:1086324736 maxEntrySize:543162368
12 silly logfile done cleaning log files
13 silly idealTree buildDeps
14 silly fetch manifest husky@*
15 silly packumentCache full:https://registry.npmjs.org/husky cache-miss
16 http fetch GET 200 https://registry.npmjs.org/husky 602ms (cache miss)
17 silly packumentCache full:https://registry.npmjs.org/husky set size:undefined disposed:false
18 silly placeDep ROOT husky@9.1.7 OK for: vite-react-typescript-starter@0.0.0 want: *
19 silly reify moves {}
20 http fetch GET 200 https://registry.npmjs.org/npm 1320ms
21 silly audit bulk request {
21 silly audit   '@adobe/css-tools': [ '4.4.0' ],
21 silly audit   '@alloc/quick-lru': [ '5.2.0' ],
21 silly audit   '@ampproject/remapping': [ '2.3.0' ],
21 silly audit   '@babel/code-frame': [ '7.26.0' ],
21 silly audit   '@babel/compat-data': [ '7.26.0' ],
21 silly audit   '@babel/core': [ '7.25.8' ],
21 silly audit   '@babel/generator': [ '7.26.0' ],
21 silly audit   '@babel/helper-annotate-as-pure': [ '7.25.9' ],
21 silly audit   '@babel/helper-builder-binary-assignment-operator-visitor': [ '7.25.9' ],
21 silly audit   '@babel/helper-compilation-targets': [ '7.25.9' ],
21 silly audit   '@babel/helper-create-class-features-plugin': [ '7.25.9' ],
21 silly audit   '@babel/helper-create-regexp-features-plugin': [ '7.25.9' ],
21 silly audit   '@babel/helper-define-polyfill-provider': [ '0.6.2' ],
21 silly audit   '@babel/helper-member-expression-to-functions': [ '7.25.9' ],
21 silly audit   '@babel/helper-module-imports': [ '7.25.9' ],
21 silly audit   '@babel/helper-module-transforms': [ '7.26.0' ],
21 silly audit   '@babel/helper-optimise-call-expression': [ '7.25.9' ],
21 silly audit   '@babel/helper-plugin-utils': [ '7.25.9' ],
21 silly audit   '@babel/helper-remap-async-to-generator': [ '7.25.9' ],
21 silly audit   '@babel/helper-replace-supers': [ '7.25.9' ],
21 silly audit   '@babel/helper-simple-access': [ '7.25.9' ],
21 silly audit   '@babel/helper-skip-transparent-expression-wrappers': [ '7.25.9' ],
21 silly audit   '@babel/helper-string-parser': [ '7.25.9' ],
21 silly audit   '@babel/helper-validator-identifier': [ '7.25.9' ],
21 silly audit   '@babel/helper-validator-option': [ '7.25.9' ],
21 silly audit   '@babel/helper-wrap-function': [ '7.25.9' ],
21 silly audit   '@babel/helpers': [ '7.25.7' ],
21 silly audit   '@babel/parser': [ '7.26.1' ],
21 silly audit   '@babel/plugin-bugfix-firefox-class-in-computed-class-key': [ '7.25.9' ],
21 silly audit   '@babel/plugin-bugfix-safari-class-field-initializer-scope': [ '7.25.9' ],
21 silly audit   '@babel/plugin-bugfix-safari-id-destructuring-collision-in-function-expression': [ '7.25.9' ],
21 silly audit   '@babel/plugin-bugfix-v8-spread-parameters-in-optional-chaining': [ '7.25.9' ],
21 silly audit   '@babel/plugin-bugfix-v8-static-class-fields-redefine-readonly': [ '7.25.9' ],
21 silly audit   '@babel/plugin-proposal-private-property-in-object': [ '7.21.0-placeholder-for-preset-env.2' ],
21 silly audit   '@babel/plugin-syntax-async-generators': [ '7.8.4' ],
21 silly audit   '@babel/plugin-syntax-bigint': [ '7.8.3' ],
21 silly audit   '@babel/plugin-syntax-class-properties': [ '7.12.13' ],
21 silly audit   '@babel/plugin-syntax-class-static-block': [ '7.14.5' ],
21 silly audit   '@babel/plugin-syntax-import-assertions': [ '7.26.0' ],
21 silly audit   '@babel/plugin-syntax-import-attributes': [ '7.26.0' ],
21 silly audit   '@babel/plugin-syntax-import-meta': [ '7.10.4' ],
21 silly audit   '@babel/plugin-syntax-json-strings': [ '7.8.3' ],
21 silly audit   '@babel/plugin-syntax-jsx': [ '7.25.9' ],
21 silly audit   '@babel/plugin-syntax-logical-assignment-operators': [ '7.10.4' ],
21 silly audit   '@babel/plugin-syntax-nullish-coalescing-operator': [ '7.8.3' ],
21 silly audit   '@babel/plugin-syntax-numeric-separator': [ '7.10.4' ],
21 silly audit   '@babel/plugin-syntax-object-rest-spread': [ '7.8.3' ],
21 silly audit   '@babel/plugin-syntax-optional-catch-binding': [ '7.8.3' ],
21 silly audit   '@babel/plugin-syntax-optional-chaining': [ '7.8.3' ],
21 silly audit   '@babel/plugin-syntax-private-property-in-object': [ '7.14.5' ],
21 silly audit   '@babel/plugin-syntax-top-level-await': [ '7.14.5' ],
21 silly audit   '@babel/plugin-syntax-typescript': [ '7.25.9' ],
21 silly audit   '@babel/plugin-syntax-unicode-sets-regex': [ '7.18.6' ],
21 silly audit   '@babel/plugin-transform-arrow-functions': [ '7.25.9' ],
21 silly audit   '@babel/plugin-transform-async-generator-functions': [ '7.25.9' ],
21 silly audit   '@babel/plugin-transform-async-to-generator': [ '7.25.9' ],
21 silly audit   '@babel/plugin-transform-block-scoped-functions': [ '7.25.9' ],
21 silly audit   '@babel/plugin-transform-block-scoping': [ '7.25.9' ],
21 silly audit   '@babel/plugin-transform-class-properties': [ '7.25.9' ],
21 silly audit   '@babel/plugin-transform-class-static-block': [ '7.26.0' ],
21 silly audit   '@babel/plugin-transform-classes': [ '7.25.9' ],
21 silly audit   globals: [ '11.12.0', '14.0.0', '15.11.0' ],
21 silly audit   '@babel/plugin-transform-computed-properties': [ '7.25.9' ],
21 silly audit   '@babel/plugin-transform-destructuring': [ '7.25.9' ],
21 silly audit   '@babel/plugin-transform-dotall-regex': [ '7.25.9' ],
21 silly audit   '@babel/plugin-transform-duplicate-keys': [ '7.25.9' ],
21 silly audit   '@babel/plugin-transform-duplicate-named-capturing-groups-regex': [ '7.25.9' ],
21 silly audit   '@babel/plugin-transform-dynamic-import': [ '7.25.9' ],
21 silly audit   '@babel/plugin-transform-exponentiation-operator': [ '7.25.9' ],
21 silly audit   '@babel/plugin-transform-export-namespace-from': [ '7.25.9' ],
21 silly audit   '@babel/plugin-transform-for-of': [ '7.25.9' ],
21 silly audit   '@babel/plugin-transform-function-name': [ '7.25.9' ],
21 silly audit   '@babel/plugin-transform-json-strings': [ '7.25.9' ],
21 silly audit   '@babel/plugin-transform-literals': [ '7.25.9' ],
21 silly audit   '@babel/plugin-transform-logical-assignment-operators': [ '7.25.9' ],
21 silly audit   '@babel/plugin-transform-member-expression-literals': [ '7.25.9' ],
21 silly audit   '@babel/plugin-transform-modules-amd': [ '7.25.9' ],
21 silly audit   '@babel/plugin-transform-modules-commonjs': [ '7.25.9' ],
21 silly audit   '@babel/plugin-transform-modules-systemjs': [ '7.25.9' ],
21 silly audit   '@babel/plugin-transform-modules-umd': [ '7.25.9' ],
21 silly audit   '@babel/plugin-transform-named-capturing-groups-regex': [ '7.25.9' ],
21 silly audit   '@babel/plugin-transform-new-target': [ '7.25.9' ],
21 silly audit   '@babel/plugin-transform-nullish-coalescing-operator': [ '7.25.9' ],
21 silly audit   '@babel/plugin-transform-numeric-separator': [ '7.25.9' ],
21 silly audit   '@babel/plugin-transform-object-rest-spread': [ '7.25.9' ],
21 silly audit   '@babel/plugin-transform-object-super': [ '7.25.9' ],
21 silly audit   '@babel/plugin-transform-optional-catch-binding': [ '7.25.9' ],
21 silly audit   '@babel/plugin-transform-optional-chaining': [ '7.25.9' ],
21 silly audit   '@babel/plugin-transform-parameters': [ '7.25.9' ],
21 silly audit   '@babel/plugin-transform-private-methods': [ '7.25.9' ],
21 silly audit   '@babel/plugin-transform-private-property-in-object': [ '7.25.9' ],
21 silly audit   '@babel/plugin-transform-property-literals': [ '7.25.9' ],
21 silly audit   '@babel/plugin-transform-react-display-name': [ '7.25.9' ],
21 silly audit   '@babel/plugin-transform-react-jsx': [ '7.25.9' ],
21 silly audit   '@babel/plugin-transform-react-jsx-development': [ '7.25.9' ],
21 silly audit   '@babel/plugin-transform-react-jsx-self': [ '7.25.7' ],
21 silly audit   '@babel/plugin-transform-react-jsx-source': [ '7.25.7' ],
21 silly audit   '@babel/plugin-transform-react-pure-annotations': [ '7.25.9' ],
21 silly audit   '@babel/plugin-transform-regenerator': [ '7.25.9' ],
21 silly audit   '@babel/plugin-transform-regexp-modifiers': [ '7.26.0' ],
21 silly audit   '@babel/plugin-transform-reserved-words': [ '7.25.9' ],
21 silly audit   '@babel/plugin-transform-shorthand-properties': [ '7.25.9' ],
21 silly audit   '@babel/plugin-transform-spread': [ '7.25.9' ],
21 silly audit   '@babel/plugin-transform-sticky-regex': [ '7.25.9' ],
21 silly audit   '@babel/plugin-transform-template-literals': [ '7.25.9' ],
21 silly audit   '@babel/plugin-transform-typeof-symbol': [ '7.25.9' ],
21 silly audit   '@babel/plugin-transform-typescript': [ '7.25.9' ],
21 silly audit   '@babel/plugin-transform-unicode-escapes': [ '7.25.9' ],
21 silly audit   '@babel/plugin-transform-unicode-property-regex': [ '7.25.9' ],
21 silly audit   '@babel/plugin-transform-unicode-regex': [ '7.25.9' ],
21 silly audit   '@babel/plugin-transform-unicode-sets-regex': [ '7.25.9' ],
21 silly audit   '@babel/preset-env': [ '7.26.0' ],
21 silly audit   '@babel/preset-modules': [ '0.1.6-no-external-plugins' ],
21 silly audit   '@babel/preset-react': [ '7.25.9' ],
21 silly audit   '@babel/preset-typescript': [ '7.26.0' ],
21 silly audit   '@babel/runtime': [ '7.26.0' ],
21 silly audit   '@babel/template': [ '7.25.9' ],
21 silly audit   '@babel/traverse': [ '7.25.9' ],
21 silly audit   '@babel/types': [ '7.26.0' ],
21 silly audit   '@bcoe/v8-coverage': [ '0.2.3' ],
21 silly audit   '@esbuild/aix-ppc64': [ '0.21.5' ],
21 silly audit   '@esbuild/android-arm': [ '0.21.5' ],
21 silly audit   '@esbuild/android-arm64': [ '0.21.5' ],
21 silly audit   '@esbuild/android-x64': [ '0.21.5' ],
21 silly audit   '@esbuild/darwin-arm64': [ '0.21.5' ],
21 silly audit   '@esbuild/darwin-x64': [ '0.21.5' ],
21 silly audit   '@esbuild/freebsd-arm64': [ '0.21.5' ],
21 silly audit   '@esbuild/freebsd-x64': [ '0.21.5' ],
21 silly audit   '@esbuild/linux-arm': [ '0.21.5' ],
21 silly audit   '@esbuild/linux-arm64': [ '0.21.5' ],
21 silly audit   '@esbuild/linux-ia32': [ '0.21.5' ],
21 silly audit   '@esbuild/linux-loong64': [ '0.21.5' ],
21 silly audit   '@esbuild/linux-mips64el': [ '0.21.5' ],
21 silly audit   '@esbuild/linux-ppc64': [ '0.21.5' ],
21 silly audit   '@esbuild/linux-riscv64': [ '0.21.5' ],
21 silly audit   '@esbuild/linux-s390x': [ '0.21.5' ],
21 silly audit   '@esbuild/linux-x64': [ '0.21.5' ],
21 silly audit   '@esbuild/netbsd-x64': [ '0.21.5' ],
21 silly audit   '@esbuild/openbsd-x64': [ '0.21.5' ],
21 silly audit   '@esbuild/sunos-x64': [ '0.21.5' ],
21 silly audit   '@esbuild/win32-arm64': [ '0.21.5' ],
21 silly audit   '@esbuild/win32-ia32': [ '0.21.5' ],
21 silly audit   '@esbuild/win32-x64': [ '0.21.5' ],
21 silly audit   '@eslint-community/eslint-utils': [ '4.4.0' ],
21 silly audit   'eslint-visitor-keys': [ '3.4.3', '4.1.0' ],
21 silly audit   '@eslint-community/regexpp': [ '4.11.1' ],
21 silly audit   '@eslint/config-array': [ '0.18.0' ],
21 silly audit   '@eslint/core': [ '0.7.0' ],
21 silly audit   '@eslint/eslintrc': [ '3.1.0' ],
21 silly audit   '@eslint/js': [ '9.13.0' ],
21 silly audit   '@eslint/object-schema': [ '2.1.4' ],
21 silly audit   '@eslint/plugin-kit': [ '0.2.1' ],
21 silly audit   '@floating-ui/core': [ '1.6.8' ],
21 silly audit   '@floating-ui/dom': [ '1.6.11' ],
21 silly audit   '@floating-ui/utils': [ '0.2.8' ],
21 silly audit   '@humanfs/core': [ '0.19.0' ],
21 silly audit   '@humanfs/node': [ '0.16.5' ],
21 silly audit   '@humanwhocodes/module-importer': [ '1.0.1' ],
21 silly audit   '@humanwhocodes/retry': [ '0.3.1' ],
21 silly audit   '@isaacs/cliui': [ '8.0.2' ],
21 silly audit   '@istanbuljs/load-nyc-config': [ '1.1.0' ],
21 silly audit   argparse: [ '1.0.10', '2.0.1' ],
21 silly audit   'find-up': [ '4.1.0', '5.0.0' ],
21 silly audit   'js-yaml': [ '3.14.1', '4.1.0' ],
21 silly audit   'locate-path': [ '5.0.0', '6.0.0' ],
21 silly audit   'p-limit': [ '2.3.0', '3.1.0' ],
21 silly audit   'p-locate': [ '4.1.0', '5.0.0' ],
21 silly audit   'resolve-from': [ '5.0.0', '4.0.0' ],
21 silly audit   '@istanbuljs/schema': [ '0.1.3' ],
21 silly audit   '@jest/console': [ '29.7.0' ],
21 silly audit   '@jest/core': [ '29.7.0' ],
21 silly audit   'ansi-regex': [ '5.0.1', '6.1.0' ],
21 silly audit   'pretty-format': [ '29.7.0', '27.5.1' ],
21 silly audit   'ansi-styles': [ '5.2.0', '4.3.0', '6.2.1' ],
21 silly audit   'react-is': [ '18.3.1', '17.0.2' ],
21 silly audit   'strip-ansi': [ '6.0.1', '7.1.0' ],
21 silly audit   '@jest/environment': [ '29.7.0' ],
21 silly audit   '@jest/expect': [ '29.7.0' ],
21 silly audit   '@jest/expect-utils': [ '29.7.0' ],
21 silly audit   '@jest/fake-timers': [ '29.7.0' ],
21 silly audit   '@jest/globals': [ '29.7.0' ],
21 silly audit   '@jest/reporters': [ '29.7.0' ],
21 silly audit   glob: [ '7.2.3', '10.4.5' ],
21 silly audit   '@jest/schemas': [ '29.6.3' ],
21 silly audit   '@jest/source-map': [ '29.6.3' ],
21 silly audit   '@jest/test-result': [ '29.7.0' ],
21 silly audit   '@jest/test-sequencer': [ '29.7.0' ],
21 silly audit   '@jest/transform': [ '29.7.0' ],
21 silly audit   '@jest/types': [ '29.6.3' ],
21 silly audit   '@jridgewell/gen-mapping': [ '0.3.5' ],
21 silly audit   '@jridgewell/resolve-uri': [ '3.1.2' ],
21 silly audit   '@jridgewell/set-array': [ '1.2.1' ],
21 silly audit   '@jridgewell/sourcemap-codec': [ '1.5.0' ],
21 silly audit   '@jridgewell/trace-mapping': [ '0.3.25' ],
21 silly audit   '@kurkle/color': [ '0.3.2' ],
21 silly audit   '@nodelib/fs.scandir': [ '2.1.5' ],
21 silly audit   '@nodelib/fs.stat': [ '2.0.5' ],
21 silly audit   '@nodelib/fs.walk': [ '1.2.8' ],
21 silly audit   '@pkgjs/parseargs': [ '0.11.0' ],
21 silly audit   '@remix-run/router': [ '1.20.0' ],
21 silly audit   '@rollup/rollup-android-arm-eabi': [ '4.24.0' ],
21 silly audit   '@rollup/rollup-android-arm64': [ '4.24.0' ],
21 silly audit   '@rollup/rollup-darwin-arm64': [ '4.24.0' ],
21 silly audit   '@rollup/rollup-darwin-x64': [ '4.24.0' ],
21 silly audit   '@rollup/rollup-linux-arm-gnueabihf': [ '4.24.0' ],
21 silly audit   '@rollup/rollup-linux-arm-musleabihf': [ '4.24.0' ],
21 silly audit   '@rollup/rollup-linux-arm64-gnu': [ '4.24.0' ],
21 silly audit   '@rollup/rollup-linux-arm64-musl': [ '4.24.0' ],
21 silly audit   '@rollup/rollup-linux-powerpc64le-gnu': [ '4.24.0' ],
21 silly audit   '@rollup/rollup-linux-riscv64-gnu': [ '4.24.0' ],
21 silly audit   '@rollup/rollup-linux-s390x-gnu': [ '4.24.0' ],
21 silly audit   '@rollup/rollup-linux-x64-gnu': [ '4.24.0' ],
21 silly audit   '@rollup/rollup-linux-x64-musl': [ '4.24.0' ],
21 silly audit   '@rollup/rollup-win32-arm64-msvc': [ '4.24.0' ],
21 silly audit   '@rollup/rollup-win32-ia32-msvc': [ '4.24.0' ],
21 silly audit   '@rollup/rollup-win32-x64-msvc': [ '4.24.0' ],
21 silly audit   '@sinclair/typebox': [ '0.27.8' ],
21 silly audit   '@sinonjs/commons': [ '3.0.1' ],
21 silly audit   '@sinonjs/fake-timers': [ '10.3.0' ],
21 silly audit   '@supabase/auth-js': [ '2.65.1' ],
21 silly audit   '@supabase/functions-js': [ '2.4.3' ],
21 silly audit   '@supabase/node-fetch': [ '2.6.15' ],
21 silly audit   '@supabase/postgrest-js': [ '1.16.3' ],
21 silly audit   '@supabase/realtime-js': [ '2.10.7' ],
21 silly audit   '@supabase/storage-js': [ '2.7.1' ],
21 silly audit   '@supabase/supabase-js': [ '2.45.6' ],
21 silly audit   '@tailwindcss/typography': [ '0.5.15' ],
21 silly audit   '@testing-library/dom': [ '10.4.0' ],
21 silly audit   '@testing-library/jest-dom': [ '6.6.2' ],
21 silly audit   chalk: [ '3.0.0', '4.1.2' ],
21 silly audit   'dom-accessibility-api': [ '0.6.3', '0.5.16' ],
21 silly audit   '@testing-library/react': [ '16.0.1' ],
21 silly audit   '@testing-library/user-event': [ '14.5.2' ],
21 silly audit   '@tootallnate/once': [ '2.0.0' ],
21 silly audit   '@types/aria-query': [ '5.0.4' ],
21 silly audit   '@types/babel__core': [ '7.20.5' ],
21 silly audit   '@types/babel__generator': [ '7.6.8' ],
21 silly audit   '@types/babel__template': [ '7.4.4' ],
21 silly audit   '@types/babel__traverse': [ '7.20.6' ],
21 silly audit   '@types/estree': [ '1.0.6' ],
21 silly audit   '@types/graceful-fs': [ '4.1.9' ],
21 silly audit   '@types/istanbul-lib-coverage': [ '2.0.6' ],
21 silly audit   '@types/istanbul-lib-report': [ '3.0.3' ],
21 silly audit   '@types/istanbul-reports': [ '3.0.4' ],
21 silly audit   '@types/jest': [ '29.5.14' ],
21 silly audit   '@types/jsdom': [ '20.0.1' ],
21 silly audit   '@types/json-schema': [ '7.0.15' ],
21 silly audit   '@types/node': [ '22.7.8' ],
21 silly audit   '@types/phoenix': [ '1.6.5' ],
21 silly audit   '@types/prop-types': [ '15.7.13' ],
21 silly audit   '@types/react': [ '18.3.11' ],
21 silly audit   '@types/react-dom': [ '18.3.1' ],
21 silly audit   '@types/stack-utils': [ '2.0.3' ],
21 silly audit   '@types/tough-cookie': [ '4.0.5' ],
21 silly audit   '@types/ws': [ '8.5.12' ],
21 silly audit   '@types/yargs': [ '17.0.33' ],
21 silly audit   '@types/yargs-parser': [ '21.0.3' ],
21 silly audit   '@typescript-eslint/eslint-plugin': [ '8.11.0' ],
21 silly audit   '@typescript-eslint/parser': [ '8.11.0' ],
21 silly audit   '@typescript-eslint/scope-manager': [ '8.11.0' ],
21 silly audit   '@typescript-eslint/type-utils': [ '8.11.0' ],
21 silly audit   '@typescript-eslint/types': [ '8.11.0' ],
21 silly audit   '@typescript-eslint/typescript-estree': [ '8.11.0' ],
21 silly audit   'brace-expansion': [ '2.0.1', '1.1.11' ],
21 silly audit   minimatch: [ '9.0.5', '5.1.6', '3.1.2' ],
21 silly audit   semver: [ '7.6.3', '6.3.1' ],
21 silly audit   '@typescript-eslint/utils': [ '8.11.0' ],
21 silly audit   '@typescript-eslint/visitor-keys': [ '8.11.0' ],
21 silly audit   '@vitejs/plugin-react': [ '4.3.3' ],
21 silly audit   abab: [ '2.0.6' ],
21 silly audit   acorn: [ '8.13.0' ],
21 silly audit   'acorn-globals': [ '7.0.1' ],
21 silly audit   'acorn-jsx': [ '5.3.2' ],
21 silly audit   'acorn-walk': [ '8.3.4' ],
21 silly audit   'agent-base': [ '6.0.2' ],
21 silly audit   ajv: [ '6.12.6' ],
21 silly audit   'ansi-escapes': [ '4.3.2' ],
21 silly audit   'any-promise': [ '1.3.0' ],
21 silly audit   anymatch: [ '3.1.3' ],
21 silly audit   arg: [ '5.0.2' ],
21 silly audit   'aria-query': [ '5.3.0' ],
21 silly audit   async: [ '3.2.6' ],
21 silly audit   asynckit: [ '0.4.0' ],
21 silly audit   autoprefixer: [ '10.4.20' ],
21 silly audit   'babel-jest': [ '29.7.0' ],
21 silly audit   'babel-plugin-istanbul': [ '6.1.1' ],
21 silly audit   'istanbul-lib-instrument': [ '5.2.1', '6.0.3' ],
21 silly audit   'babel-plugin-jest-hoist': [ '29.6.3' ],
21 silly audit   'babel-plugin-polyfill-corejs2': [ '0.4.11' ],
21 silly audit   'babel-plugin-polyfill-corejs3': [ '0.10.6' ],
21 silly audit   'babel-plugin-polyfill-regenerator': [ '0.6.2' ],
21 silly audit   'babel-preset-current-node-syntax': [ '1.1.0' ],
21 silly audit   'babel-preset-jest': [ '29.6.3' ],
21 silly audit   'balanced-match': [ '1.0.2' ],
21 silly audit   'binary-extensions': [ '2.3.0' ],
21 silly audit   braces: [ '3.0.3' ],
21 silly audit   browserslist: [ '4.24.2' ],
21 silly audit   'bs-logger': [ '0.2.6' ],
21 silly audit   bser: [ '2.1.1' ],
21 silly audit   'buffer-from': [ '1.1.2' ],
21 silly audit   callsites: [ '3.1.0' ],
21 silly audit   camelcase: [ '5.3.1', '6.3.0' ],
21 silly audit   'camelcase-css': [ '2.0.1' ],
21 silly audit   'caniuse-lite': [ '1.0.30001669' ],
21 silly audit   'char-regex': [ '1.0.2' ],
21 silly audit   'chart.js': [ '4.4.5' ],
21 silly audit   chokidar: [ '3.6.0' ],
21 silly audit   'glob-parent': [ '5.1.2', '6.0.2' ],
21 silly audit   'ci-info': [ '3.9.0' ],
21 silly audit   'cjs-module-lexer': [ '1.4.1' ],
21 silly audit   classnames: [ '2.5.1' ],
21 silly audit   cliui: [ '8.0.1' ],
21 silly audit   'emoji-regex': [ '8.0.0', '9.2.2' ],
21 silly audit   'string-width': [ '4.2.3', '5.1.2' ],
21 silly audit   'wrap-ansi': [ '7.0.0', '8.1.0' ],
21 silly audit   clsx: [ '2.1.1' ],
21 silly audit   co: [ '4.6.0' ],
21 silly audit   'collect-v8-coverage': [ '1.0.2' ],
21 silly audit   'color-convert': [ '2.0.1' ],
21 silly audit   'color-name': [ '1.1.4' ],
21 silly audit   'combined-stream': [ '1.0.8' ],
21 silly audit   commander: [ '4.1.1' ],
21 silly audit   'concat-map': [ '0.0.1' ],
21 silly audit   'convert-source-map': [ '2.0.0' ],
21 silly audit   'core-js-compat': [ '3.38.1' ],
21 silly audit   'create-jest': [ '29.7.0' ],
21 silly audit   'cross-spawn': [ '7.0.3' ],
21 silly audit   'css.escape': [ '1.5.1' ],
21 silly audit   cssesc: [ '3.0.0' ],
21 silly audit   cssom: [ '0.5.0', '0.3.8' ],
21 silly audit   cssstyle: [ '2.3.0' ],
21 silly audit   csstype: [ '3.1.3' ],
21 silly audit   'data-urls': [ '3.0.2' ],
21 silly audit   tr46: [ '3.0.0', '0.0.3' ],
21 silly audit   'webidl-conversions': [ '7.0.0', '3.0.1' ],
21 silly audit   'whatwg-url': [ '11.0.0', '5.0.0' ],
21 silly audit   debug: [ '4.3.7' ],
21 silly audit   'decimal.js': [ '10.4.3' ],
21 silly audit   dedent: [ '1.5.3' ],
21 silly audit   'deep-is': [ '0.1.4' ],
21 silly audit   deepmerge: [ '4.3.1' ],
21 silly audit   'delayed-stream': [ '1.0.0' ],
21 silly audit   dequal: [ '2.0.3' ],
21 silly audit   'detect-newline': [ '3.1.0' ],
21 silly audit   didyoumean: [ '1.2.2' ],
21 silly audit   'diff-sequences': [ '29.6.3' ],
21 silly audit   dlv: [ '1.1.3' ],
21 silly audit   domexception: [ '4.0.0' ],
21 silly audit   dotenv: [ '16.4.5' ],
21 silly audit   eastasianwidth: [ '0.2.0' ],
21 silly audit   ejs: [ '3.1.10' ],
21 silly audit   'electron-to-chromium': [ '1.5.41' ],
21 silly audit   emittery: [ '0.13.1' ],
21 silly audit   entities: [ '4.5.0' ],
21 silly audit   'error-ex': [ '1.3.2' ],
21 silly audit   esbuild: [ '0.21.5' ],
21 silly audit   escalade: [ '3.2.0' ],
21 silly audit   escodegen: [ '2.1.0' ],
21 silly audit   eslint: [ '9.13.0' ],
21 silly audit   'eslint-plugin-react-hooks': [ '5.1.0-rc-fb9a90fa48-20240614' ],
21 silly audit   'eslint-plugin-react-refresh': [ '0.4.13' ],
21 silly audit   'eslint-scope': [ '8.1.0' ],
21 silly audit   'escape-string-regexp': [ '4.0.0', '2.0.0' ],
21 silly audit   espree: [ '10.2.0' ],
21 silly audit   esprima: [ '4.0.1' ],
21 silly audit   esquery: [ '1.6.0' ],
21 silly audit   esrecurse: [ '4.3.0' ],
21 silly audit   estraverse: [ '5.3.0' ],
21 silly audit   esutils: [ '2.0.3' ],
21 silly audit   execa: [ '5.1.1' ],
21 silly audit   'signal-exit': [ '3.0.7', '4.1.0' ],
21 silly audit   exit: [ '0.1.2' ],
21 silly audit   expect: [ '29.7.0' ],
21 silly audit   'fast-deep-equal': [ '3.1.3' ],
21 silly audit   'fast-glob': [ '3.3.2' ],
21 silly audit   'fast-json-stable-stringify': [ '2.1.0' ],
21 silly audit   'fast-levenshtein': [ '2.0.6' ],
21 silly audit   fastq: [ '1.17.1' ],
21 silly audit   'fb-watchman': [ '2.0.2' ],
21 silly audit   'file-entry-cache': [ '8.0.0' ],
21 silly audit   filelist: [ '1.0.4' ],
21 silly audit   'fill-range': [ '7.1.1' ],
21 silly audit   'flat-cache': [ '4.0.1' ],
21 silly audit   flatted: [ '3.3.1' ],
21 silly audit   'foreground-child': [ '3.3.0' ],
21 silly audit   'form-data': [ '4.0.1' ],
21 silly audit   'fraction.js': [ '4.3.7' ],
21 silly audit   'fs.realpath': [ '1.0.0' ],
21 silly audit   fsevents: [ '2.3.3' ],
21 silly audit   'function-bind': [ '1.1.2' ],
21 silly audit   gensync: [ '1.0.0-beta.2' ],
21 silly audit   'get-caller-file': [ '2.0.5' ],
21 silly audit   'get-package-type': [ '0.1.0' ],
21 silly audit   'get-stream': [ '6.0.1' ],
21 silly audit   'graceful-fs': [ '4.2.11' ],
21 silly audit   graphemer: [ '1.4.0' ],
21 silly audit   'harmony-reflect': [ '1.6.2' ],
21 silly audit   'has-flag': [ '4.0.0' ],
21 silly audit   hasown: [ '2.0.2' ],
21 silly audit   'html-encoding-sniffer': [ '3.0.0' ],
21 silly audit   'html-escaper': [ '2.0.2' ],
21 silly audit   'http-proxy-agent': [ '5.0.0' ],
21 silly audit   'https-proxy-agent': [ '5.0.1' ],
21 silly audit   'human-signals': [ '2.1.0' ],
21 silly audit   'iconv-lite': [ '0.6.3' ],
21 silly audit   'identity-obj-proxy': [ '3.0.0' ],
21 silly audit   ignore: [ '5.3.2' ],
21 silly audit   'import-fresh': [ '3.3.0' ],
21 silly audit   'import-local': [ '3.2.0' ],
21 silly audit   imurmurhash: [ '0.1.4' ],
21 silly audit   'indent-string': [ '4.0.0' ],
21 silly audit   inflight: [ '1.0.6' ],
21 silly audit   inherits: [ '2.0.4' ],
21 silly audit   'is-arrayish': [ '0.2.1' ],
21 silly audit   'is-binary-path': [ '2.1.0' ],
21 silly audit   'is-core-module': [ '2.15.1' ],
21 silly audit   'is-extglob': [ '2.1.1' ],
21 silly audit   'is-fullwidth-code-point': [ '3.0.0' ],
21 silly audit   'is-generator-fn': [ '2.1.0' ],
21 silly audit   'is-glob': [ '4.0.3' ],
21 silly audit   'is-number': [ '7.0.0' ],
21 silly audit   'is-potential-custom-element-name': [ '1.0.1' ],
21 silly audit   'is-stream': [ '2.0.1' ],
21 silly audit   isexe: [ '2.0.0' ],
21 silly audit   'istanbul-lib-coverage': [ '3.2.2' ],
21 silly audit   'istanbul-lib-report': [ '3.0.1' ],
21 silly audit   'istanbul-lib-source-maps': [ '4.0.1' ],
21 silly audit   'istanbul-reports': [ '3.1.7' ],
21 silly audit   jackspeak: [ '3.4.3' ],
21 silly audit   jake: [ '10.9.2' ],
21 silly audit   jest: [ '29.7.0' ],
21 silly audit   'jest-changed-files': [ '29.7.0' ],
21 silly audit   'jest-circus': [ '29.7.0' ],
21 silly audit   'jest-cli': [ '29.7.0' ],
21 silly audit   'jest-config': [ '29.7.0' ],
21 silly audit   'jest-diff': [ '29.7.0' ],
21 silly audit   'jest-docblock': [ '29.7.0' ],
21 silly audit   'jest-each': [ '29.7.0' ],
21 silly audit   'jest-environment-jsdom': [ '29.7.0' ],
21 silly audit   'jest-environment-node': [ '29.7.0' ],
21 silly audit   'jest-get-type': [ '29.6.3' ],
21 silly audit   'jest-haste-map': [ '29.7.0' ],
21 silly audit   'jest-leak-detector': [ '29.7.0' ],
21 silly audit   'jest-matcher-utils': [ '29.7.0' ],
21 silly audit   'jest-message-util': [ '29.7.0' ],
21 silly audit   'jest-mock': [ '29.7.0' ],
21 silly audit   'jest-pnp-resolver': [ '1.2.3' ],
21 silly audit   'jest-regex-util': [ '29.6.3' ],
21 silly audit   'jest-resolve': [ '29.7.0' ],
21 silly audit   'jest-resolve-dependencies': [ '29.7.0' ],
21 silly audit   'jest-runner': [ '29.7.0' ],
21 silly audit   'jest-runtime': [ '29.7.0' ],
21 silly audit   'jest-snapshot': [ '29.7.0' ],
21 silly audit   'jest-util': [ '29.7.0' ],
21 silly audit   'jest-validate': [ '29.7.0' ],
21 silly audit   'jest-watcher': [ '29.7.0' ],
21 silly audit   'jest-worker': [ '29.7.0' ],
21 silly audit   'supports-color': [ '8.1.1', '7.2.0' ],
21 silly audit   jiti: [ '1.21.6' ],
21 silly audit   'js-tokens': [ '4.0.0' ],
21 silly audit   jsdom: [ '20.0.3' ],
21 silly audit   jsesc: [ '3.0.2' ],
21 silly audit   'json-buffer': [ '3.0.1' ],
21 silly audit   'json-parse-even-better-errors': [ '2.3.1' ],
21 silly audit   'json-schema-traverse': [ '0.4.1' ],
21 silly audit   'json-stable-stringify-without-jsonify': [ '1.0.1' ],
21 silly audit   json5: [ '2.2.3' ],
21 silly audit   keyv: [ '4.5.4' ],
21 silly audit   kleur: [ '3.0.3' ],
21 silly audit   leven: [ '3.1.0' ],
21 silly audit   levn: [ '0.4.1' ],
21 silly audit   lilconfig: [ '2.1.0', '3.1.2' ],
21 silly audit   'lines-and-columns': [ '1.2.4' ],
21 silly audit   lodash: [ '4.17.21' ],
21 silly audit   'lodash.castarray': [ '4.4.0' ],
21 silly audit   'lodash.debounce': [ '4.0.8' ],
21 silly audit   'lodash.isplainobject': [ '4.0.6' ],
21 silly audit   'lodash.memoize': [ '4.1.2' ],
21 silly audit   'lodash.merge': [ '4.6.2' ],
21 silly audit   'loose-envify': [ '1.4.0' ],
21 silly audit   'lru-cache': [ '5.1.1', '10.4.3' ],
21 silly audit   'lucide-react': [ '0.344.0' ],
21 silly audit   'lz-string': [ '1.5.0' ],
21 silly audit   'make-dir': [ '4.0.0' ],
21 silly audit   'make-error': [ '1.3.6' ],
21 silly audit   makeerror: [ '1.0.12' ],
21 silly audit   'merge-stream': [ '2.0.0' ],
21 silly audit   merge2: [ '1.4.1' ],
21 silly audit   micromatch: [ '4.0.8' ],
21 silly audit   'mime-db': [ '1.52.0' ],
21 silly audit   'mime-types': [ '2.1.35' ],
21 silly audit   'mimic-fn': [ '2.1.0' ],
21 silly audit   'min-indent': [ '1.0.1' ],
21 silly audit   minipass: [ '7.1.2' ],
21 silly audit   ms: [ '2.1.3' ],
21 silly audit   mz: [ '2.7.0' ],
21 silly audit   nanoid: [ '3.3.7' ],
21 silly audit   'natural-compare': [ '1.4.0' ],
21 silly audit   'node-int64': [ '0.4.0' ],
21 silly audit   'node-releases': [ '2.0.18' ],
21 silly audit   'normalize-path': [ '3.0.0' ],
21 silly audit   'normalize-range': [ '0.1.2' ],
21 silly audit   'npm-run-path': [ '4.0.1' ],
21 silly audit   nwsapi: [ '2.2.13' ],
21 silly audit   'object-assign': [ '4.1.1' ],
21 silly audit   'object-hash': [ '3.0.0' ],
21 silly audit   once: [ '1.4.0' ],
21 silly audit   onetime: [ '5.1.2' ],
21 silly audit   optionator: [ '0.9.4' ],
21 silly audit   'p-try': [ '2.2.0' ],
21 silly audit   'package-json-from-dist': [ '1.0.1' ],
21 silly audit   'parent-module': [ '1.0.1' ],
21 silly audit   'parse-json': [ '5.2.0' ],
21 silly audit   parse5: [ '7.2.0' ],
21 silly audit   'path-exists': [ '4.0.0' ],
21 silly audit   'path-is-absolute': [ '1.0.1' ],
21 silly audit   'path-key': [ '3.1.1' ],
21 silly audit   'path-parse': [ '1.0.7' ],
21 silly audit   'path-scurry': [ '1.11.1' ],
21 silly audit   picocolors: [ '1.1.1' ],
21 silly audit   picomatch: [ '2.3.1' ],
21 silly audit   pify: [ '2.3.0' ],
21 silly audit   pirates: [ '4.0.6' ],
21 silly audit   'pkg-dir': [ '4.2.0' ],
21 silly audit   postcss: [ '8.4.47' ],
21 silly audit   'postcss-import': [ '15.1.0' ],
21 silly audit   'postcss-js': [ '4.0.1' ],
21 silly audit   'postcss-load-config': [ '4.0.2' ],
21 silly audit   'postcss-nested': [ '6.2.0' ],
21 silly audit   'postcss-selector-parser': [ '6.1.2', '6.0.10' ],
21 silly audit   'postcss-value-parser': [ '4.2.0' ],
21 silly audit   'prelude-ls': [ '1.2.1' ],
21 silly audit   prompts: [ '2.4.2' ],
21 silly audit   psl: [ '1.9.0' ],
21 silly audit   punycode: [ '2.3.1' ],
21 silly audit   'pure-rand': [ '6.1.0' ],
21 silly audit   querystringify: [ '2.2.0' ],
21 silly audit   'queue-microtask': [ '1.2.3' ],
21 silly audit   react: [ '18.3.1' ],
21 silly audit   'react-chartjs-2': [ '5.2.0' ],
21 silly audit   'react-dom': [ '18.3.1' ],
21 silly audit   'react-refresh': [ '0.14.2' ],
21 silly audit   'react-router': [ '6.27.0' ],
21 silly audit   'react-router-dom': [ '6.27.0' ],
21 silly audit   'react-toastify': [ '10.0.6' ],
21 silly audit   'react-tooltip': [ '5.28.0' ],
21 silly audit   'read-cache': [ '1.0.0' ],
21 silly audit   readdirp: [ '3.6.0' ],
21 silly audit   redent: [ '3.0.0' ],
21 silly audit   regenerate: [ '1.4.2' ],
21 silly audit   'regenerate-unicode-properties': [ '10.2.0' ],
21 silly audit   'regenerator-runtime': [ '0.14.1' ],
21 silly audit   'regenerator-transform': [ '0.15.2' ],
21 silly audit   'regexpu-core': [ '6.1.1' ],
21 silly audit   regjsgen: [ '0.8.0' ],
21 silly audit   regjsparser: [ '0.11.2' ],
21 silly audit   'require-directory': [ '2.1.1' ],
21 silly audit   'requires-port': [ '1.0.0' ],
21 silly audit   resolve: [ '1.22.8' ],
21 silly audit   'resolve-cwd': [ '3.0.0' ],
21 silly audit   'resolve.exports': [ '2.0.2' ],
21 silly audit   reusify: [ '1.0.4' ],
21 silly audit   rollup: [ '4.24.0' ],
21 silly audit   'run-parallel': [ '1.2.0' ],
21 silly audit   'safer-buffer': [ '2.1.2' ],
21 silly audit   saxes: [ '6.0.0' ],
21 silly audit   scheduler: [ '0.23.2' ],
21 silly audit   'shebang-command': [ '2.0.0' ],
21 silly audit   'shebang-regex': [ '3.0.0' ],
21 silly audit   sisteransi: [ '1.0.5' ],
21 silly audit   slash: [ '3.0.0' ],
21 silly audit   'source-map': [ '0.6.1' ],
21 silly audit   'source-map-js': [ '1.2.1' ],
21 silly audit   'source-map-support': [ '0.5.13' ],
21 silly audit   'sprintf-js': [ '1.0.3' ],
21 silly audit   'stack-utils': [ '2.0.6' ],
21 silly audit   'string-length': [ '4.0.2' ],
21 silly audit   'strip-bom': [ '4.0.0' ],
21 silly audit   'strip-final-newline': [ '2.0.0' ],
21 silly audit   'strip-indent': [ '3.0.0' ],
21 silly audit   'strip-json-comments': [ '3.1.1' ],
21 silly audit   sucrase: [ '3.35.0' ],
21 silly audit   'supports-preserve-symlinks-flag': [ '1.0.0' ],
21 silly audit   'symbol-tree': [ '3.2.4' ],
21 silly audit   tailwindcss: [ '3.4.14' ],
21 silly audit   'test-exclude': [ '6.0.0' ],
21 silly audit   'text-table': [ '0.2.0' ],
21 silly audit   thenify: [ '3.3.1' ],
21 silly audit   'thenify-all': [ '1.6.0' ],
21 silly audit   tmpl: [ '1.0.5' ],
21 silly audit   'to-regex-range': [ '5.0.1' ],
21 silly audit   'tough-cookie': [ '4.1.4' ],
21 silly audit   'ts-api-utils': [ '1.3.0' ],
21 silly audit   'ts-interface-checker': [ '0.1.13' ],
21 silly audit   'ts-jest': [ '29.2.5' ],
21 silly audit   'type-check': [ '0.4.0' ],
21 silly audit   'type-detect': [ '4.0.8' ],
21 silly audit   'type-fest': [ '0.21.3' ],
21 silly audit   typescript: [ '5.6.3' ],
21 silly audit   'typescript-eslint': [ '8.11.0' ],
21 silly audit   'undici-types': [ '6.19.8' ],
21 silly audit   'unicode-canonical-property-names-ecmascript': [ '2.0.1' ],
21 silly audit   'unicode-match-property-ecmascript': [ '2.0.0' ],
21 silly audit   'unicode-match-property-value-ecmascript': [ '2.2.0' ],
21 silly audit   'unicode-property-aliases-ecmascript': [ '2.1.0' ],
21 silly audit   universalify: [ '0.2.0' ],
21 silly audit   'update-browserslist-db': [ '1.1.1' ],
21 silly audit   'uri-js': [ '4.4.1' ],
21 silly audit   'url-parse': [ '1.5.10' ],
21 silly audit   'util-deprecate': [ '1.0.2' ],
21 silly audit   'v8-to-istanbul': [ '9.3.0' ],
21 silly audit   vite: [ '5.4.9' ],
21 silly audit   'w3c-xmlserializer': [ '4.0.0' ],
21 silly audit   walker: [ '1.0.8' ],
21 silly audit   'whatwg-encoding': [ '2.0.0' ],
21 silly audit   'whatwg-mimetype': [ '3.0.0' ],
21 silly audit   which: [ '2.0.2' ],
21 silly audit   'word-wrap': [ '1.2.5' ],
21 silly audit   wrappy: [ '1.0.2' ],
21 silly audit   'write-file-atomic': [ '4.0.2' ],
21 silly audit   ws: [ '8.18.0' ],
21 silly audit   'xml-name-validator': [ '4.0.0' ],
21 silly audit   xmlchars: [ '2.2.0' ],
21 silly audit   y18n: [ '5.0.8' ],
21 silly audit   yallist: [ '3.1.1' ],
21 silly audit   yaml: [ '2.6.0' ],
21 silly audit   yargs: [ '17.7.2' ],
21 silly audit   'yargs-parser': [ '21.1.1' ],
21 silly audit   'yocto-queue': [ '0.1.0' ],
21 silly audit   husky: [ '9.1.7' ]
21 silly audit }
22 verbose reify failed optional dependency C:\Users\Janeth\Desktop\SOFTWARE DEV\SEMESTRE V\PDSEI\StockEasy\node_modules\fsevents
23 silly reify mark deleted [
23 silly reify   'C:\\Users\\Janeth\\Desktop\\SOFTWARE DEV\\SEMESTRE V\\PDSEI\\StockEasy\\node_modules\\fsevents'
23 silly reify ]
24 verbose reify failed optional dependency C:\Users\Janeth\Desktop\SOFTWARE DEV\SEMESTRE V\PDSEI\StockEasy\node_modules\@rollup\rollup-win32-ia32-msvc
25 silly reify mark deleted [
25 silly reify   'C:\\Users\\Janeth\\Desktop\\SOFTWARE DEV\\SEMESTRE V\\PDSEI\\StockEasy\\node_modules\\@rollup\\rollup-win32-ia32-msvc'
25 silly reify ]
26 verbose reify failed optional dependency C:\Users\Janeth\Desktop\SOFTWARE DEV\SEMESTRE V\PDSEI\StockEasy\node_modules\@rollup\rollup-win32-arm64-msvc
27 silly reify mark deleted [
27 silly reify   'C:\\Users\\Janeth\\Desktop\\SOFTWARE DEV\\SEMESTRE V\\PDSEI\\StockEasy\\node_modules\\@rollup\\rollup-win32-arm64-msvc'
27 silly reify ]
28 verbose reify failed optional dependency C:\Users\Janeth\Desktop\SOFTWARE DEV\SEMESTRE V\PDSEI\StockEasy\node_modules\@rollup\rollup-linux-x64-musl
29 silly reify mark deleted [
29 silly reify   'C:\\Users\\Janeth\\Desktop\\SOFTWARE DEV\\SEMESTRE V\\PDSEI\\StockEasy\\node_modules\\@rollup\\rollup-linux-x64-musl'
29 silly reify ]
30 verbose reify failed optional dependency C:\Users\Janeth\Desktop\SOFTWARE DEV\SEMESTRE V\PDSEI\StockEasy\node_modules\@rollup\rollup-linux-x64-gnu
31 silly reify mark deleted [
31 silly reify   'C:\\Users\\Janeth\\Desktop\\SOFTWARE DEV\\SEMESTRE V\\PDSEI\\StockEasy\\node_modules\\@rollup\\rollup-linux-x64-gnu'
31 silly reify ]
32 verbose reify failed optional dependency C:\Users\Janeth\Desktop\SOFTWARE DEV\SEMESTRE V\PDSEI\StockEasy\node_modules\@rollup\rollup-linux-s390x-gnu
33 silly reify mark deleted [
33 silly reify   'C:\\Users\\Janeth\\Desktop\\SOFTWARE DEV\\SEMESTRE V\\PDSEI\\StockEasy\\node_modules\\@rollup\\rollup-linux-s390x-gnu'
33 silly reify ]
34 verbose reify failed optional dependency C:\Users\Janeth\Desktop\SOFTWARE DEV\SEMESTRE V\PDSEI\StockEasy\node_modules\@rollup\rollup-linux-riscv64-gnu
35 silly reify mark deleted [
35 silly reify   'C:\\Users\\Janeth\\Desktop\\SOFTWARE DEV\\SEMESTRE V\\PDSEI\\StockEasy\\node_modules\\@rollup\\rollup-linux-riscv64-gnu'
35 silly reify ]
36 verbose reify failed optional dependency C:\Users\Janeth\Desktop\SOFTWARE DEV\SEMESTRE V\PDSEI\StockEasy\node_modules\@rollup\rollup-linux-powerpc64le-gnu
37 silly reify mark deleted [
37 silly reify   'C:\\Users\\Janeth\\Desktop\\SOFTWARE DEV\\SEMESTRE V\\PDSEI\\StockEasy\\node_modules\\@rollup\\rollup-linux-powerpc64le-gnu'
37 silly reify ]
38 verbose reify failed optional dependency C:\Users\Janeth\Desktop\SOFTWARE DEV\SEMESTRE V\PDSEI\StockEasy\node_modules\@rollup\rollup-linux-arm64-musl
39 silly reify mark deleted [
39 silly reify   'C:\\Users\\Janeth\\Desktop\\SOFTWARE DEV\\SEMESTRE V\\PDSEI\\StockEasy\\node_modules\\@rollup\\rollup-linux-arm64-musl'
39 silly reify ]
40 verbose reify failed optional dependency C:\Users\Janeth\Desktop\SOFTWARE DEV\SEMESTRE V\PDSEI\StockEasy\node_modules\@rollup\rollup-linux-arm64-gnu
41 silly reify mark deleted [
41 silly reify   'C:\\Users\\Janeth\\Desktop\\SOFTWARE DEV\\SEMESTRE V\\PDSEI\\StockEasy\\node_modules\\@rollup\\rollup-linux-arm64-gnu'
41 silly reify ]
42 verbose reify failed optional dependency C:\Users\Janeth\Desktop\SOFTWARE DEV\SEMESTRE V\PDSEI\StockEasy\node_modules\@rollup\rollup-linux-arm-musleabihf
43 silly reify mark deleted [
43 silly reify   'C:\\Users\\Janeth\\Desktop\\SOFTWARE DEV\\SEMESTRE V\\PDSEI\\StockEasy\\node_modules\\@rollup\\rollup-linux-arm-musleabihf'
43 silly reify ]
44 verbose reify failed optional dependency C:\Users\Janeth\Desktop\SOFTWARE DEV\SEMESTRE V\PDSEI\StockEasy\node_modules\@rollup\rollup-linux-arm-gnueabihf
45 silly reify mark deleted [
45 silly reify   'C:\\Users\\Janeth\\Desktop\\SOFTWARE DEV\\SEMESTRE V\\PDSEI\\StockEasy\\node_modules\\@rollup\\rollup-linux-arm-gnueabihf'
45 silly reify ]
46 verbose reify failed optional dependency C:\Users\Janeth\Desktop\SOFTWARE DEV\SEMESTRE V\PDSEI\StockEasy\node_modules\@rollup\rollup-darwin-x64
47 silly reify mark deleted [
47 silly reify   'C:\\Users\\Janeth\\Desktop\\SOFTWARE DEV\\SEMESTRE V\\PDSEI\\StockEasy\\node_modules\\@rollup\\rollup-darwin-x64'
47 silly reify ]
48 verbose reify failed optional dependency C:\Users\Janeth\Desktop\SOFTWARE DEV\SEMESTRE V\PDSEI\StockEasy\node_modules\@rollup\rollup-darwin-arm64
49 silly reify mark deleted [
49 silly reify   'C:\\Users\\Janeth\\Desktop\\SOFTWARE DEV\\SEMESTRE V\\PDSEI\\StockEasy\\node_modules\\@rollup\\rollup-darwin-arm64'
49 silly reify ]
50 verbose reify failed optional dependency C:\Users\Janeth\Desktop\SOFTWARE DEV\SEMESTRE V\PDSEI\StockEasy\node_modules\@rollup\rollup-android-arm64
51 silly reify mark deleted [
51 silly reify   'C:\\Users\\Janeth\\Desktop\\SOFTWARE DEV\\SEMESTRE V\\PDSEI\\StockEasy\\node_modules\\@rollup\\rollup-android-arm64'
51 silly reify ]
52 verbose reify failed optional dependency C:\Users\Janeth\Desktop\SOFTWARE DEV\SEMESTRE V\PDSEI\StockEasy\node_modules\@rollup\rollup-android-arm-eabi
53 silly reify mark deleted [
53 silly reify   'C:\\Users\\Janeth\\Desktop\\SOFTWARE DEV\\SEMESTRE V\\PDSEI\\StockEasy\\node_modules\\@rollup\\rollup-android-arm-eabi'
53 silly reify ]
54 verbose reify failed optional dependency C:\Users\Janeth\Desktop\SOFTWARE DEV\SEMESTRE V\PDSEI\StockEasy\node_modules\@esbuild\win32-ia32
55 silly reify mark deleted [
55 silly reify   'C:\\Users\\Janeth\\Desktop\\SOFTWARE DEV\\SEMESTRE V\\PDSEI\\StockEasy\\node_modules\\@esbuild\\win32-ia32'
55 silly reify ]
56 verbose reify failed optional dependency C:\Users\Janeth\Desktop\SOFTWARE DEV\SEMESTRE V\PDSEI\StockEasy\node_modules\@esbuild\win32-arm64
57 silly reify mark deleted [
57 silly reify   'C:\\Users\\Janeth\\Desktop\\SOFTWARE DEV\\SEMESTRE V\\PDSEI\\StockEasy\\node_modules\\@esbuild\\win32-arm64'
57 silly reify ]
58 verbose reify failed optional dependency C:\Users\Janeth\Desktop\SOFTWARE DEV\SEMESTRE V\PDSEI\StockEasy\node_modules\@esbuild\sunos-x64
59 silly reify mark deleted [
59 silly reify   'C:\\Users\\Janeth\\Desktop\\SOFTWARE DEV\\SEMESTRE V\\PDSEI\\StockEasy\\node_modules\\@esbuild\\sunos-x64'
59 silly reify ]
60 verbose reify failed optional dependency C:\Users\Janeth\Desktop\SOFTWARE DEV\SEMESTRE V\PDSEI\StockEasy\node_modules\@esbuild\openbsd-x64
61 silly reify mark deleted [
61 silly reify   'C:\\Users\\Janeth\\Desktop\\SOFTWARE DEV\\SEMESTRE V\\PDSEI\\StockEasy\\node_modules\\@esbuild\\openbsd-x64'
61 silly reify ]
62 verbose reify failed optional dependency C:\Users\Janeth\Desktop\SOFTWARE DEV\SEMESTRE V\PDSEI\StockEasy\node_modules\@esbuild\netbsd-x64
63 silly reify mark deleted [
63 silly reify   'C:\\Users\\Janeth\\Desktop\\SOFTWARE DEV\\SEMESTRE V\\PDSEI\\StockEasy\\node_modules\\@esbuild\\netbsd-x64'
63 silly reify ]
64 verbose reify failed optional dependency C:\Users\Janeth\Desktop\SOFTWARE DEV\SEMESTRE V\PDSEI\StockEasy\node_modules\@esbuild\linux-x64
65 silly reify mark deleted [
65 silly reify   'C:\\Users\\Janeth\\Desktop\\SOFTWARE DEV\\SEMESTRE V\\PDSEI\\StockEasy\\node_modules\\@esbuild\\linux-x64'
65 silly reify ]
66 verbose reify failed optional dependency C:\Users\Janeth\Desktop\SOFTWARE DEV\SEMESTRE V\PDSEI\StockEasy\node_modules\@esbuild\linux-s390x
67 silly reify mark deleted [
67 silly reify   'C:\\Users\\Janeth\\Desktop\\SOFTWARE DEV\\SEMESTRE V\\PDSEI\\StockEasy\\node_modules\\@esbuild\\linux-s390x'
67 silly reify ]
68 verbose reify failed optional dependency C:\Users\Janeth\Desktop\SOFTWARE DEV\SEMESTRE V\PDSEI\StockEasy\node_modules\@esbuild\linux-riscv64
69 silly reify mark deleted [
69 silly reify   'C:\\Users\\Janeth\\Desktop\\SOFTWARE DEV\\SEMESTRE V\\PDSEI\\StockEasy\\node_modules\\@esbuild\\linux-riscv64'
69 silly reify ]
70 verbose reify failed optional dependency C:\Users\Janeth\Desktop\SOFTWARE DEV\SEMESTRE V\PDSEI\StockEasy\node_modules\@esbuild\linux-ppc64
71 silly reify mark deleted [
71 silly reify   'C:\\Users\\Janeth\\Desktop\\SOFTWARE DEV\\SEMESTRE V\\PDSEI\\StockEasy\\node_modules\\@esbuild\\linux-ppc64'
71 silly reify ]
72 verbose reify failed optional dependency C:\Users\Janeth\Desktop\SOFTWARE DEV\SEMESTRE V\PDSEI\StockEasy\node_modules\@esbuild\linux-mips64el
73 silly reify mark deleted [
73 silly reify   'C:\\Users\\Janeth\\Desktop\\SOFTWARE DEV\\SEMESTRE V\\PDSEI\\StockEasy\\node_modules\\@esbuild\\linux-mips64el'
73 silly reify ]
74 verbose reify failed optional dependency C:\Users\Janeth\Desktop\SOFTWARE DEV\SEMESTRE V\PDSEI\StockEasy\node_modules\@esbuild\linux-loong64
75 silly reify mark deleted [
75 silly reify   'C:\\Users\\Janeth\\Desktop\\SOFTWARE DEV\\SEMESTRE V\\PDSEI\\StockEasy\\node_modules\\@esbuild\\linux-loong64'
75 silly reify ]
76 verbose reify failed optional dependency C:\Users\Janeth\Desktop\SOFTWARE DEV\SEMESTRE V\PDSEI\StockEasy\node_modules\@esbuild\linux-ia32
77 silly reify mark deleted [
77 silly reify   'C:\\Users\\Janeth\\Desktop\\SOFTWARE DEV\\SEMESTRE V\\PDSEI\\StockEasy\\node_modules\\@esbuild\\linux-ia32'
77 silly reify ]
78 verbose reify failed optional dependency C:\Users\Janeth\Desktop\SOFTWARE DEV\SEMESTRE V\PDSEI\StockEasy\node_modules\@esbuild\linux-arm64
79 silly reify mark deleted [
79 silly reify   'C:\\Users\\Janeth\\Desktop\\SOFTWARE DEV\\SEMESTRE V\\PDSEI\\StockEasy\\node_modules\\@esbuild\\linux-arm64'
79 silly reify ]
80 verbose reify failed optional dependency C:\Users\Janeth\Desktop\SOFTWARE DEV\SEMESTRE V\PDSEI\StockEasy\node_modules\@esbuild\linux-arm
81 silly reify mark deleted [
81 silly reify   'C:\\Users\\Janeth\\Desktop\\SOFTWARE DEV\\SEMESTRE V\\PDSEI\\StockEasy\\node_modules\\@esbuild\\linux-arm'
81 silly reify ]
82 verbose reify failed optional dependency C:\Users\Janeth\Desktop\SOFTWARE DEV\SEMESTRE V\PDSEI\StockEasy\node_modules\@esbuild\freebsd-x64
83 silly reify mark deleted [
83 silly reify   'C:\\Users\\Janeth\\Desktop\\SOFTWARE DEV\\SEMESTRE V\\PDSEI\\StockEasy\\node_modules\\@esbuild\\freebsd-x64'
83 silly reify ]
84 verbose reify failed optional dependency C:\Users\Janeth\Desktop\SOFTWARE DEV\SEMESTRE V\PDSEI\StockEasy\node_modules\@esbuild\freebsd-arm64
85 silly reify mark deleted [
85 silly reify   'C:\\Users\\Janeth\\Desktop\\SOFTWARE DEV\\SEMESTRE V\\PDSEI\\StockEasy\\node_modules\\@esbuild\\freebsd-arm64'
85 silly reify ]
86 verbose reify failed optional dependency C:\Users\Janeth\Desktop\SOFTWARE DEV\SEMESTRE V\PDSEI\StockEasy\node_modules\@esbuild\darwin-x64
87 silly reify mark deleted [
87 silly reify   'C:\\Users\\Janeth\\Desktop\\SOFTWARE DEV\\SEMESTRE V\\PDSEI\\StockEasy\\node_modules\\@esbuild\\darwin-x64'
87 silly reify ]
88 verbose reify failed optional dependency C:\Users\Janeth\Desktop\SOFTWARE DEV\SEMESTRE V\PDSEI\StockEasy\node_modules\@esbuild\darwin-arm64
89 silly reify mark deleted [
89 silly reify   'C:\\Users\\Janeth\\Desktop\\SOFTWARE DEV\\SEMESTRE V\\PDSEI\\StockEasy\\node_modules\\@esbuild\\darwin-arm64'
89 silly reify ]
90 verbose reify failed optional dependency C:\Users\Janeth\Desktop\SOFTWARE DEV\SEMESTRE V\PDSEI\StockEasy\node_modules\@esbuild\android-x64
91 silly reify mark deleted [
91 silly reify   'C:\\Users\\Janeth\\Desktop\\SOFTWARE DEV\\SEMESTRE V\\PDSEI\\StockEasy\\node_modules\\@esbuild\\android-x64'
91 silly reify ]
92 verbose reify failed optional dependency C:\Users\Janeth\Desktop\SOFTWARE DEV\SEMESTRE V\PDSEI\StockEasy\node_modules\@esbuild\android-arm64
93 silly reify mark deleted [
93 silly reify   'C:\\Users\\Janeth\\Desktop\\SOFTWARE DEV\\SEMESTRE V\\PDSEI\\StockEasy\\node_modules\\@esbuild\\android-arm64'
93 silly reify ]
94 verbose reify failed optional dependency C:\Users\Janeth\Desktop\SOFTWARE DEV\SEMESTRE V\PDSEI\StockEasy\node_modules\@esbuild\android-arm
95 silly reify mark deleted [
95 silly reify   'C:\\Users\\Janeth\\Desktop\\SOFTWARE DEV\\SEMESTRE V\\PDSEI\\StockEasy\\node_modules\\@esbuild\\android-arm'
95 silly reify ]
96 verbose reify failed optional dependency C:\Users\Janeth\Desktop\SOFTWARE DEV\SEMESTRE V\PDSEI\StockEasy\node_modules\@esbuild\aix-ppc64
97 silly reify mark deleted [
97 silly reify   'C:\\Users\\Janeth\\Desktop\\SOFTWARE DEV\\SEMESTRE V\\PDSEI\\StockEasy\\node_modules\\@esbuild\\aix-ppc64'
97 silly reify ]
98 silly tarball no local data for husky@https://registry.npmjs.org/husky/-/husky-9.1.7.tgz. Extracting by manifest.
99 http fetch GET 200 https://registry.npmjs.org/husky/-/husky-9.1.7.tgz 109ms (cache miss)
100 http fetch POST 200 https://registry.npmjs.org/-/npm/v1/security/advisories/bulk 553ms
101 silly audit report {
101 silly audit report   '@eslint/plugin-kit': [
101 silly audit report     {
101 silly audit report       id: 1100564,
101 silly audit report       url: 'https://github.com/advisories/GHSA-7q7g-4xm8-89cq',
101 silly audit report       title: 'Regular Expression Denial of Service (ReDoS) in @eslint/plugin-kit',
101 silly audit report       severity: 'low',
101 silly audit report       vulnerable_versions: '<0.2.3',
101 silly audit report       cwe: [Array],
101 silly audit report       cvss: [Object]
101 silly audit report     }
101 silly audit report   ],
101 silly audit report   'cross-spawn': [
101 silly audit report     {
101 silly audit report       id: 1100563,
101 silly audit report       url: 'https://github.com/advisories/GHSA-3xgq-45jj-v275',
101 silly audit report       title: 'Regular Expression Denial of Service (ReDoS) in cross-spawn',
101 silly audit report       severity: 'high',
101 silly audit report       vulnerable_versions: '>=7.0.0 <7.0.5',
101 silly audit report       cwe: [Array],
101 silly audit report       cvss: [Object]
101 silly audit report     }
101 silly audit report   ]
101 silly audit report }
102 silly packumentCache corgi:https://registry.npmjs.org/@eslint%2fplugin-kit cache-miss
103 silly packumentCache corgi:https://registry.npmjs.org/cross-spawn cache-miss
104 http fetch GET 200 https://registry.npmjs.org/@eslint%2fplugin-kit 219ms (cache miss)
105 silly packumentCache corgi:https://registry.npmjs.org/@eslint%2fplugin-kit set size:undefined disposed:false
106 http fetch GET 200 https://registry.npmjs.org/cross-spawn 221ms (cache miss)
107 silly packumentCache corgi:https://registry.npmjs.org/cross-spawn set size:undefined disposed:false
108 silly packumentCache corgi:https://registry.npmjs.org/eslint cache-miss
109 http fetch GET 200 https://registry.npmjs.org/eslint 160ms (cache miss)
110 silly packumentCache corgi:https://registry.npmjs.org/eslint set size:undefined disposed:false
111 silly packumentCache corgi:https://registry.npmjs.org/execa cache-miss
112 silly packumentCache corgi:https://registry.npmjs.org/foreground-child cache-miss
113 http fetch GET 200 https://registry.npmjs.org/foreground-child 116ms (cache miss)
114 silly packumentCache corgi:https://registry.npmjs.org/foreground-child set size:undefined disposed:false
115 http fetch GET 200 https://registry.npmjs.org/execa 131ms (cache miss)
116 silly packumentCache corgi:https://registry.npmjs.org/execa set size:undefined disposed:false
117 silly ADD node_modules/husky
118 silly ADD
119 silly ADD
120 silly ADD
121 silly ADD
122 silly ADD
123 silly ADD
124 silly ADD
125 silly ADD
126 silly ADD
127 silly ADD
128 silly ADD
129 silly ADD
130 silly ADD
131 silly ADD
132 silly ADD
133 silly ADD
134 silly ADD
135 silly ADD
136 silly ADD
137 silly ADD
138 silly ADD
139 silly ADD
140 silly ADD
141 silly ADD
142 silly ADD
143 silly ADD
144 silly ADD
145 silly ADD
146 silly ADD
147 silly ADD
148 silly ADD
149 silly ADD
150 silly ADD
151 silly ADD
152 silly ADD
153 silly ADD
154 silly ADD
155 silly ADD
156 verbose cwd C:\Users\Janeth\Desktop\SOFTWARE DEV\SEMESTRE V\PDSEI\StockEasy
157 verbose os Windows_NT 10.0.19045
158 verbose node v20.17.0
159 verbose npm  v10.8.3
160 notice
160 notice New [33mminor[39m version of npm available! [33m10.8.3[39m -> [34m10.9.1[39m
160 notice Changelog: [34mhttps://github.com/npm/cli/releases/tag/v10.9.1[39m
160 notice To update run: [4mnpm install -g npm@10.9.1[24m
160 notice  { force: true, [Symbol(proc-log.meta)]: true }
161 verbose exit 0
162 info ok
