0 verbose cli C:\Program Files\nodejs\node.exe C:\Users\Janeth\AppData\Roaming\npm\node_modules\npm\bin\npm-cli.js
1 info using npm@10.8.3
2 info using node@v20.17.0
3 silly config load:file:C:\Users\Janeth\AppData\Roaming\npm\node_modules\npm\npmrc
4 silly config load:file:C:\Users\Janeth\Desktop\SOFTWARE DEV\SEMESTRE V\PDSEI\StockEasy\.npmrc
5 silly config load:file:C:\Users\Janeth\.npmrc
6 silly config load:file:C:\Users\Janeth\AppData\Roaming\npm\etc\npmrc
7 verbose title npm install @commitlint/config-conventional
8 verbose argv "install" "--save-dev" "@commitlint/config-conventional"
9 verbose logfile logs-max:10 dir:C:\Users\Janeth\Desktop\SOFTWARE DEV\SEMESTRE V\PDSEI\StockEasy\Janeth\AppData\Data\Roaming\npm-cache\_logs\2024-12-03T19_30_31_324Z-
10 verbose logfile C:\Users\Janeth\Desktop\SOFTWARE DEV\SEMESTRE V\PDSEI\StockEasy\Janeth\AppData\Data\Roaming\npm-cache\_logs\2024-12-03T19_30_31_324Z-debug-0.log
11 silly packumentCache heap:4345298944 maxSize:1086324736 maxEntrySize:543162368
12 silly logfile start cleaning logs, removing 1 files
13 silly logfile done cleaning log files
14 silly idealTree buildDeps
15 silly fetch manifest husky@^8.0.0
16 silly packumentCache full:https://registry.npmjs.org/husky cache-miss
17 http fetch GET 200 https://registry.npmjs.org/husky 676ms (cache revalidated)
18 silly packumentCache full:https://registry.npmjs.org/husky set size:643630 disposed:false
19 silly fetch manifest @commitlint/config-conventional@*
20 silly packumentCache full:https://registry.npmjs.org/@commitlint%2fconfig-conventional cache-miss
21 http fetch GET 200 https://registry.npmjs.org/@commitlint%2fconfig-conventional 140ms (cache miss)
22 silly packumentCache full:https://registry.npmjs.org/@commitlint%2fconfig-conventional set size:undefined disposed:false
23 silly placeDep ROOT @commitlint/config-conventional@19.6.0 OK for: vite-react-typescript-starter@0.0.0 want: *
24 silly placeDep ROOT husky@8.0.3 REPLACE for: vite-react-typescript-starter@0.0.0 want: ^8.0.0
25 silly fetch manifest @commitlint/types@^19.5.0
26 silly packumentCache full:https://registry.npmjs.org/@commitlint%2ftypes cache-miss
27 silly fetch manifest conventional-changelog-conventionalcommits@^7.0.2
28 silly packumentCache full:https://registry.npmjs.org/conventional-changelog-conventionalcommits cache-miss
29 http fetch GET 200 https://registry.npmjs.org/@commitlint%2ftypes 132ms (cache miss)
30 silly packumentCache full:https://registry.npmjs.org/@commitlint%2ftypes set size:undefined disposed:false
31 http fetch GET 200 https://registry.npmjs.org/conventional-changelog-conventionalcommits 328ms (cache miss)
32 silly packumentCache full:https://registry.npmjs.org/conventional-changelog-conventionalcommits set size:undefined disposed:false
33 silly placeDep ROOT @commitlint/types@19.5.0 OK for: @commitlint/config-conventional@19.6.0 want: ^19.5.0
34 silly placeDep ROOT conventional-changelog-conventionalcommits@7.0.2 OK for: @commitlint/config-conventional@19.6.0 want: ^7.0.2
35 silly fetch manifest @types/conventional-commits-parser@^5.0.0
36 silly packumentCache full:https://registry.npmjs.org/@types%2fconventional-commits-parser cache-miss
37 silly fetch manifest chalk@^5.3.0
38 silly packumentCache full:https://registry.npmjs.org/chalk cache-miss
39 silly fetch manifest compare-func@^2.0.0
40 silly packumentCache full:https://registry.npmjs.org/compare-func cache-miss
41 http fetch GET 200 https://registry.npmjs.org/chalk 127ms (cache miss)
42 silly packumentCache full:https://registry.npmjs.org/chalk set size:undefined disposed:false
43 http fetch GET 200 https://registry.npmjs.org/@types%2fconventional-commits-parser 239ms (cache miss)
44 silly packumentCache full:https://registry.npmjs.org/@types%2fconventional-commits-parser set size:undefined disposed:false
45 http fetch GET 200 https://registry.npmjs.org/compare-func 347ms (cache miss)
46 silly packumentCache full:https://registry.npmjs.org/compare-func set size:undefined disposed:false
47 silly placeDep ROOT @types/conventional-commits-parser@5.0.1 OK for: @commitlint/types@19.5.0 want: ^5.0.0
48 silly placeDep node_modules/@commitlint/types chalk@5.3.0 OK for: @commitlint/types@19.5.0 want: ^5.3.0
49 silly placeDep ROOT compare-func@2.0.0 OK for: conventional-changelog-conventionalcommits@7.0.2 want: ^2.0.0
50 silly fetch manifest array-ify@^1.0.0
51 silly packumentCache full:https://registry.npmjs.org/array-ify cache-miss
52 silly fetch manifest dot-prop@^5.1.0
53 silly packumentCache full:https://registry.npmjs.org/dot-prop cache-miss
54 http fetch GET 200 https://registry.npmjs.org/dot-prop 122ms (cache miss)
55 silly packumentCache full:https://registry.npmjs.org/dot-prop set size:undefined disposed:false
56 http fetch GET 200 https://registry.npmjs.org/array-ify 139ms (cache miss)
57 silly packumentCache full:https://registry.npmjs.org/array-ify set size:undefined disposed:false
58 silly placeDep ROOT array-ify@1.0.0 OK for: compare-func@2.0.0 want: ^1.0.0
59 silly placeDep ROOT dot-prop@5.3.0 OK for: compare-func@2.0.0 want: ^5.1.0
60 silly fetch manifest is-obj@^2.0.0
61 silly packumentCache full:https://registry.npmjs.org/is-obj cache-miss
62 http fetch GET 200 https://registry.npmjs.org/is-obj 100ms (cache miss)
63 silly packumentCache full:https://registry.npmjs.org/is-obj set size:undefined disposed:false
64 silly placeDep ROOT is-obj@2.0.0 OK for: dot-prop@5.3.0 want: ^2.0.0
65 silly reify mark retired [
65 silly reify   'C:\\Users\\Janeth\\Desktop\\SOFTWARE DEV\\SEMESTRE V\\PDSEI\\StockEasy\\node_modules\\husky',
65 silly reify   'C:\\Users\\Janeth\\Desktop\\SOFTWARE DEV\\SEMESTRE V\\PDSEI\\StockEasy\\node_modules\\.bin\\husky',
65 silly reify   'C:\\Users\\Janeth\\Desktop\\SOFTWARE DEV\\SEMESTRE V\\PDSEI\\StockEasy\\node_modules\\.bin\\husky.cmd',
65 silly reify   'C:\\Users\\Janeth\\Desktop\\SOFTWARE DEV\\SEMESTRE V\\PDSEI\\StockEasy\\node_modules\\.bin\\husky.ps1'
65 silly reify ]
66 silly reify moves {
66 silly reify   'C:\\Users\\Janeth\\Desktop\\SOFTWARE DEV\\SEMESTRE V\\PDSEI\\StockEasy\\node_modules\\husky': 'C:\\Users\\Janeth\\Desktop\\SOFTWARE DEV\\SEMESTRE V\\PDSEI\\StockEasy\\node_modules\\.husky-XaFzgLxf',
66 silly reify   'C:\\Users\\Janeth\\Desktop\\SOFTWARE DEV\\SEMESTRE V\\PDSEI\\StockEasy\\node_modules\\.bin\\husky': 'C:\\Users\\Janeth\\Desktop\\SOFTWARE DEV\\SEMESTRE V\\PDSEI\\StockEasy\\node_modules\\.bin\\.husky-mgtmOM9z',
66 silly reify   'C:\\Users\\Janeth\\Desktop\\SOFTWARE DEV\\SEMESTRE V\\PDSEI\\StockEasy\\node_modules\\.bin\\husky.cmd': 'C:\\Users\\Janeth\\Desktop\\SOFTWARE DEV\\SEMESTRE V\\PDSEI\\StockEasy\\node_modules\\.bin\\.husky.cmd-yfgv8PHk',
66 silly reify   'C:\\Users\\Janeth\\Desktop\\SOFTWARE DEV\\SEMESTRE V\\PDSEI\\StockEasy\\node_modules\\.bin\\husky.ps1': 'C:\\Users\\Janeth\\Desktop\\SOFTWARE DEV\\SEMESTRE V\\PDSEI\\StockEasy\\node_modules\\.bin\\.husky.ps1-3vQqYRQv'
66 silly reify }
67 silly audit bulk request {
67 silly audit   '@adobe/css-tools': [ '4.4.0' ],
67 silly audit   '@alloc/quick-lru': [ '5.2.0' ],
67 silly audit   '@ampproject/remapping': [ '2.3.0' ],
67 silly audit   '@babel/code-frame': [ '7.26.0' ],
67 silly audit   '@babel/compat-data': [ '7.26.0' ],
67 silly audit   '@babel/core': [ '7.25.8' ],
67 silly audit   '@babel/generator': [ '7.26.0' ],
67 silly audit   '@babel/helper-annotate-as-pure': [ '7.25.9' ],
67 silly audit   '@babel/helper-builder-binary-assignment-operator-visitor': [ '7.25.9' ],
67 silly audit   '@babel/helper-compilation-targets': [ '7.25.9' ],
67 silly audit   '@babel/helper-create-class-features-plugin': [ '7.25.9' ],
67 silly audit   '@babel/helper-create-regexp-features-plugin': [ '7.25.9' ],
67 silly audit   '@babel/helper-define-polyfill-provider': [ '0.6.2' ],
67 silly audit   '@babel/helper-member-expression-to-functions': [ '7.25.9' ],
67 silly audit   '@babel/helper-module-imports': [ '7.25.9' ],
67 silly audit   '@babel/helper-module-transforms': [ '7.26.0' ],
67 silly audit   '@babel/helper-optimise-call-expression': [ '7.25.9' ],
67 silly audit   '@babel/helper-plugin-utils': [ '7.25.9' ],
67 silly audit   '@babel/helper-remap-async-to-generator': [ '7.25.9' ],
67 silly audit   '@babel/helper-replace-supers': [ '7.25.9' ],
67 silly audit   '@babel/helper-simple-access': [ '7.25.9' ],
67 silly audit   '@babel/helper-skip-transparent-expression-wrappers': [ '7.25.9' ],
67 silly audit   '@babel/helper-string-parser': [ '7.25.9' ],
67 silly audit   '@babel/helper-validator-identifier': [ '7.25.9' ],
67 silly audit   '@babel/helper-validator-option': [ '7.25.9' ],
67 silly audit   '@babel/helper-wrap-function': [ '7.25.9' ],
67 silly audit   '@babel/helpers': [ '7.25.7' ],
67 silly audit   '@babel/parser': [ '7.26.1' ],
67 silly audit   '@babel/plugin-bugfix-firefox-class-in-computed-class-key': [ '7.25.9' ],
67 silly audit   '@babel/plugin-bugfix-safari-class-field-initializer-scope': [ '7.25.9' ],
67 silly audit   '@babel/plugin-bugfix-safari-id-destructuring-collision-in-function-expression': [ '7.25.9' ],
67 silly audit   '@babel/plugin-bugfix-v8-spread-parameters-in-optional-chaining': [ '7.25.9' ],
67 silly audit   '@babel/plugin-bugfix-v8-static-class-fields-redefine-readonly': [ '7.25.9' ],
67 silly audit   '@babel/plugin-proposal-private-property-in-object': [ '7.21.0-placeholder-for-preset-env.2' ],
67 silly audit   '@babel/plugin-syntax-async-generators': [ '7.8.4' ],
67 silly audit   '@babel/plugin-syntax-bigint': [ '7.8.3' ],
67 silly audit   '@babel/plugin-syntax-class-properties': [ '7.12.13' ],
67 silly audit   '@babel/plugin-syntax-class-static-block': [ '7.14.5' ],
67 silly audit   '@babel/plugin-syntax-import-assertions': [ '7.26.0' ],
67 silly audit   '@babel/plugin-syntax-import-attributes': [ '7.26.0' ],
67 silly audit   '@babel/plugin-syntax-import-meta': [ '7.10.4' ],
67 silly audit   '@babel/plugin-syntax-json-strings': [ '7.8.3' ],
67 silly audit   '@babel/plugin-syntax-jsx': [ '7.25.9' ],
67 silly audit   '@babel/plugin-syntax-logical-assignment-operators': [ '7.10.4' ],
67 silly audit   '@babel/plugin-syntax-nullish-coalescing-operator': [ '7.8.3' ],
67 silly audit   '@babel/plugin-syntax-numeric-separator': [ '7.10.4' ],
67 silly audit   '@babel/plugin-syntax-object-rest-spread': [ '7.8.3' ],
67 silly audit   '@babel/plugin-syntax-optional-catch-binding': [ '7.8.3' ],
67 silly audit   '@babel/plugin-syntax-optional-chaining': [ '7.8.3' ],
67 silly audit   '@babel/plugin-syntax-private-property-in-object': [ '7.14.5' ],
67 silly audit   '@babel/plugin-syntax-top-level-await': [ '7.14.5' ],
67 silly audit   '@babel/plugin-syntax-typescript': [ '7.25.9' ],
67 silly audit   '@babel/plugin-syntax-unicode-sets-regex': [ '7.18.6' ],
67 silly audit   '@babel/plugin-transform-arrow-functions': [ '7.25.9' ],
67 silly audit   '@babel/plugin-transform-async-generator-functions': [ '7.25.9' ],
67 silly audit   '@babel/plugin-transform-async-to-generator': [ '7.25.9' ],
67 silly audit   '@babel/plugin-transform-block-scoped-functions': [ '7.25.9' ],
67 silly audit   '@babel/plugin-transform-block-scoping': [ '7.25.9' ],
67 silly audit   '@babel/plugin-transform-class-properties': [ '7.25.9' ],
67 silly audit   '@babel/plugin-transform-class-static-block': [ '7.26.0' ],
67 silly audit   '@babel/plugin-transform-classes': [ '7.25.9' ],
67 silly audit   globals: [ '11.12.0', '14.0.0', '15.11.0' ],
67 silly audit   '@babel/plugin-transform-computed-properties': [ '7.25.9' ],
67 silly audit   '@babel/plugin-transform-destructuring': [ '7.25.9' ],
67 silly audit   '@babel/plugin-transform-dotall-regex': [ '7.25.9' ],
67 silly audit   '@babel/plugin-transform-duplicate-keys': [ '7.25.9' ],
67 silly audit   '@babel/plugin-transform-duplicate-named-capturing-groups-regex': [ '7.25.9' ],
67 silly audit   '@babel/plugin-transform-dynamic-import': [ '7.25.9' ],
67 silly audit   '@babel/plugin-transform-exponentiation-operator': [ '7.25.9' ],
67 silly audit   '@babel/plugin-transform-export-namespace-from': [ '7.25.9' ],
67 silly audit   '@babel/plugin-transform-for-of': [ '7.25.9' ],
67 silly audit   '@babel/plugin-transform-function-name': [ '7.25.9' ],
67 silly audit   '@babel/plugin-transform-json-strings': [ '7.25.9' ],
67 silly audit   '@babel/plugin-transform-literals': [ '7.25.9' ],
67 silly audit   '@babel/plugin-transform-logical-assignment-operators': [ '7.25.9' ],
67 silly audit   '@babel/plugin-transform-member-expression-literals': [ '7.25.9' ],
67 silly audit   '@babel/plugin-transform-modules-amd': [ '7.25.9' ],
67 silly audit   '@babel/plugin-transform-modules-commonjs': [ '7.25.9' ],
67 silly audit   '@babel/plugin-transform-modules-systemjs': [ '7.25.9' ],
67 silly audit   '@babel/plugin-transform-modules-umd': [ '7.25.9' ],
67 silly audit   '@babel/plugin-transform-named-capturing-groups-regex': [ '7.25.9' ],
67 silly audit   '@babel/plugin-transform-new-target': [ '7.25.9' ],
67 silly audit   '@babel/plugin-transform-nullish-coalescing-operator': [ '7.25.9' ],
67 silly audit   '@babel/plugin-transform-numeric-separator': [ '7.25.9' ],
67 silly audit   '@babel/plugin-transform-object-rest-spread': [ '7.25.9' ],
67 silly audit   '@babel/plugin-transform-object-super': [ '7.25.9' ],
67 silly audit   '@babel/plugin-transform-optional-catch-binding': [ '7.25.9' ],
67 silly audit   '@babel/plugin-transform-optional-chaining': [ '7.25.9' ],
67 silly audit   '@babel/plugin-transform-parameters': [ '7.25.9' ],
67 silly audit   '@babel/plugin-transform-private-methods': [ '7.25.9' ],
67 silly audit   '@babel/plugin-transform-private-property-in-object': [ '7.25.9' ],
67 silly audit   '@babel/plugin-transform-property-literals': [ '7.25.9' ],
67 silly audit   '@babel/plugin-transform-react-display-name': [ '7.25.9' ],
67 silly audit   '@babel/plugin-transform-react-jsx': [ '7.25.9' ],
67 silly audit   '@babel/plugin-transform-react-jsx-development': [ '7.25.9' ],
67 silly audit   '@babel/plugin-transform-react-jsx-self': [ '7.25.7' ],
67 silly audit   '@babel/plugin-transform-react-jsx-source': [ '7.25.7' ],
67 silly audit   '@babel/plugin-transform-react-pure-annotations': [ '7.25.9' ],
67 silly audit   '@babel/plugin-transform-regenerator': [ '7.25.9' ],
67 silly audit   '@babel/plugin-transform-regexp-modifiers': [ '7.26.0' ],
67 silly audit   '@babel/plugin-transform-reserved-words': [ '7.25.9' ],
67 silly audit   '@babel/plugin-transform-shorthand-properties': [ '7.25.9' ],
67 silly audit   '@babel/plugin-transform-spread': [ '7.25.9' ],
67 silly audit   '@babel/plugin-transform-sticky-regex': [ '7.25.9' ],
67 silly audit   '@babel/plugin-transform-template-literals': [ '7.25.9' ],
67 silly audit   '@babel/plugin-transform-typeof-symbol': [ '7.25.9' ],
67 silly audit   '@babel/plugin-transform-typescript': [ '7.25.9' ],
67 silly audit   '@babel/plugin-transform-unicode-escapes': [ '7.25.9' ],
67 silly audit   '@babel/plugin-transform-unicode-property-regex': [ '7.25.9' ],
67 silly audit   '@babel/plugin-transform-unicode-regex': [ '7.25.9' ],
67 silly audit   '@babel/plugin-transform-unicode-sets-regex': [ '7.25.9' ],
67 silly audit   '@babel/preset-env': [ '7.26.0' ],
67 silly audit   '@babel/preset-modules': [ '0.1.6-no-external-plugins' ],
67 silly audit   '@babel/preset-react': [ '7.25.9' ],
67 silly audit   '@babel/preset-typescript': [ '7.26.0' ],
67 silly audit   '@babel/runtime': [ '7.26.0' ],
67 silly audit   '@babel/template': [ '7.25.9' ],
67 silly audit   '@babel/traverse': [ '7.25.9' ],
67 silly audit   '@babel/types': [ '7.26.0' ],
67 silly audit   '@bcoe/v8-coverage': [ '0.2.3' ],
67 silly audit   '@esbuild/aix-ppc64': [ '0.21.5' ],
67 silly audit   '@esbuild/android-arm': [ '0.21.5' ],
67 silly audit   '@esbuild/android-arm64': [ '0.21.5' ],
67 silly audit   '@esbuild/android-x64': [ '0.21.5' ],
67 silly audit   '@esbuild/darwin-arm64': [ '0.21.5' ],
67 silly audit   '@esbuild/darwin-x64': [ '0.21.5' ],
67 silly audit   '@esbuild/freebsd-arm64': [ '0.21.5' ],
67 silly audit   '@esbuild/freebsd-x64': [ '0.21.5' ],
67 silly audit   '@esbuild/linux-arm': [ '0.21.5' ],
67 silly audit   '@esbuild/linux-arm64': [ '0.21.5' ],
67 silly audit   '@esbuild/linux-ia32': [ '0.21.5' ],
67 silly audit   '@esbuild/linux-loong64': [ '0.21.5' ],
67 silly audit   '@esbuild/linux-mips64el': [ '0.21.5' ],
67 silly audit   '@esbuild/linux-ppc64': [ '0.21.5' ],
67 silly audit   '@esbuild/linux-riscv64': [ '0.21.5' ],
67 silly audit   '@esbuild/linux-s390x': [ '0.21.5' ],
67 silly audit   '@esbuild/linux-x64': [ '0.21.5' ],
67 silly audit   '@esbuild/netbsd-x64': [ '0.21.5' ],
67 silly audit   '@esbuild/openbsd-x64': [ '0.21.5' ],
67 silly audit   '@esbuild/sunos-x64': [ '0.21.5' ],
67 silly audit   '@esbuild/win32-arm64': [ '0.21.5' ],
67 silly audit   '@esbuild/win32-ia32': [ '0.21.5' ],
67 silly audit   '@esbuild/win32-x64': [ '0.21.5' ],
67 silly audit   '@eslint-community/eslint-utils': [ '4.4.0' ],
67 silly audit   'eslint-visitor-keys': [ '3.4.3', '4.1.0' ],
67 silly audit   '@eslint-community/regexpp': [ '4.11.1' ],
67 silly audit   '@eslint/config-array': [ '0.18.0' ],
67 silly audit   '@eslint/core': [ '0.7.0' ],
67 silly audit   '@eslint/eslintrc': [ '3.1.0' ],
67 silly audit   '@eslint/js': [ '9.13.0' ],
67 silly audit   '@eslint/object-schema': [ '2.1.4' ],
67 silly audit   '@eslint/plugin-kit': [ '0.2.1' ],
67 silly audit   '@floating-ui/core': [ '1.6.8' ],
67 silly audit   '@floating-ui/dom': [ '1.6.11' ],
67 silly audit   '@floating-ui/utils': [ '0.2.8' ],
67 silly audit   '@humanfs/core': [ '0.19.0' ],
67 silly audit   '@humanfs/node': [ '0.16.5' ],
67 silly audit   '@humanwhocodes/module-importer': [ '1.0.1' ],
67 silly audit   '@humanwhocodes/retry': [ '0.3.1' ],
67 silly audit   '@isaacs/cliui': [ '8.0.2' ],
67 silly audit   '@istanbuljs/load-nyc-config': [ '1.1.0' ],
67 silly audit   argparse: [ '1.0.10', '2.0.1' ],
67 silly audit   'find-up': [ '4.1.0', '5.0.0' ],
67 silly audit   'js-yaml': [ '3.14.1', '4.1.0' ],
67 silly audit   'locate-path': [ '5.0.0', '6.0.0' ],
67 silly audit   'p-limit': [ '2.3.0', '3.1.0' ],
67 silly audit   'p-locate': [ '4.1.0', '5.0.0' ],
67 silly audit   'resolve-from': [ '5.0.0', '4.0.0' ],
67 silly audit   '@istanbuljs/schema': [ '0.1.3' ],
67 silly audit   '@jest/console': [ '29.7.0' ],
67 silly audit   '@jest/core': [ '29.7.0' ],
67 silly audit   'ansi-regex': [ '5.0.1', '6.1.0' ],
67 silly audit   'pretty-format': [ '29.7.0', '27.5.1' ],
67 silly audit   'ansi-styles': [ '5.2.0', '4.3.0', '6.2.1' ],
67 silly audit   'react-is': [ '18.3.1', '17.0.2' ],
67 silly audit   'strip-ansi': [ '6.0.1', '7.1.0' ],
67 silly audit   '@jest/environment': [ '29.7.0' ],
67 silly audit   '@jest/expect': [ '29.7.0' ],
67 silly audit   '@jest/expect-utils': [ '29.7.0' ],
67 silly audit   '@jest/fake-timers': [ '29.7.0' ],
67 silly audit   '@jest/globals': [ '29.7.0' ],
67 silly audit   '@jest/reporters': [ '29.7.0' ],
67 silly audit   glob: [ '7.2.3', '10.4.5' ],
67 silly audit   '@jest/schemas': [ '29.6.3' ],
67 silly audit   '@jest/source-map': [ '29.6.3' ],
67 silly audit   '@jest/test-result': [ '29.7.0' ],
67 silly audit   '@jest/test-sequencer': [ '29.7.0' ],
67 silly audit   '@jest/transform': [ '29.7.0' ],
67 silly audit   '@jest/types': [ '29.6.3' ],
67 silly audit   '@jridgewell/gen-mapping': [ '0.3.5' ],
67 silly audit   '@jridgewell/resolve-uri': [ '3.1.2' ],
67 silly audit   '@jridgewell/set-array': [ '1.2.1' ],
67 silly audit   '@jridgewell/sourcemap-codec': [ '1.5.0' ],
67 silly audit   '@jridgewell/trace-mapping': [ '0.3.25' ],
67 silly audit   '@kurkle/color': [ '0.3.2' ],
67 silly audit   '@nodelib/fs.scandir': [ '2.1.5' ],
67 silly audit   '@nodelib/fs.stat': [ '2.0.5' ],
67 silly audit   '@nodelib/fs.walk': [ '1.2.8' ],
67 silly audit   '@pkgjs/parseargs': [ '0.11.0' ],
67 silly audit   '@remix-run/router': [ '1.20.0' ],
67 silly audit   '@rollup/rollup-android-arm-eabi': [ '4.24.0' ],
67 silly audit   '@rollup/rollup-android-arm64': [ '4.24.0' ],
67 silly audit   '@rollup/rollup-darwin-arm64': [ '4.24.0' ],
67 silly audit   '@rollup/rollup-darwin-x64': [ '4.24.0' ],
67 silly audit   '@rollup/rollup-linux-arm-gnueabihf': [ '4.24.0' ],
67 silly audit   '@rollup/rollup-linux-arm-musleabihf': [ '4.24.0' ],
67 silly audit   '@rollup/rollup-linux-arm64-gnu': [ '4.24.0' ],
67 silly audit   '@rollup/rollup-linux-arm64-musl': [ '4.24.0' ],
67 silly audit   '@rollup/rollup-linux-powerpc64le-gnu': [ '4.24.0' ],
67 silly audit   '@rollup/rollup-linux-riscv64-gnu': [ '4.24.0' ],
67 silly audit   '@rollup/rollup-linux-s390x-gnu': [ '4.24.0' ],
67 silly audit   '@rollup/rollup-linux-x64-gnu': [ '4.24.0' ],
67 silly audit   '@rollup/rollup-linux-x64-musl': [ '4.24.0' ],
67 silly audit   '@rollup/rollup-win32-arm64-msvc': [ '4.24.0' ],
67 silly audit   '@rollup/rollup-win32-ia32-msvc': [ '4.24.0' ],
67 silly audit   '@rollup/rollup-win32-x64-msvc': [ '4.24.0' ],
67 silly audit   '@sinclair/typebox': [ '0.27.8' ],
67 silly audit   '@sinonjs/commons': [ '3.0.1' ],
67 silly audit   '@sinonjs/fake-timers': [ '10.3.0' ],
67 silly audit   '@supabase/auth-js': [ '2.65.1' ],
67 silly audit   '@supabase/functions-js': [ '2.4.3' ],
67 silly audit   '@supabase/node-fetch': [ '2.6.15' ],
67 silly audit   '@supabase/postgrest-js': [ '1.16.3' ],
67 silly audit   '@supabase/realtime-js': [ '2.10.7' ],
67 silly audit   '@supabase/storage-js': [ '2.7.1' ],
67 silly audit   '@supabase/supabase-js': [ '2.45.6' ],
67 silly audit   '@tailwindcss/typography': [ '0.5.15' ],
67 silly audit   '@testing-library/dom': [ '10.4.0' ],
67 silly audit   '@testing-library/jest-dom': [ '6.6.2' ],
67 silly audit   chalk: [ '3.0.0', '4.1.2', '5.3.0' ],
67 silly audit   'dom-accessibility-api': [ '0.6.3', '0.5.16' ],
67 silly audit   '@testing-library/react': [ '16.0.1' ],
67 silly audit   '@testing-library/user-event': [ '14.5.2' ],
67 silly audit   '@tootallnate/once': [ '2.0.0' ],
67 silly audit   '@types/aria-query': [ '5.0.4' ],
67 silly audit   '@types/babel__core': [ '7.20.5' ],
67 silly audit   '@types/babel__generator': [ '7.6.8' ],
67 silly audit   '@types/babel__template': [ '7.4.4' ],
67 silly audit   '@types/babel__traverse': [ '7.20.6' ],
67 silly audit   '@types/estree': [ '1.0.6' ],
67 silly audit   '@types/graceful-fs': [ '4.1.9' ],
67 silly audit   '@types/istanbul-lib-coverage': [ '2.0.6' ],
67 silly audit   '@types/istanbul-lib-report': [ '3.0.3' ],
67 silly audit   '@types/istanbul-reports': [ '3.0.4' ],
67 silly audit   '@types/jest': [ '29.5.14' ],
67 silly audit   '@types/jsdom': [ '20.0.1' ],
67 silly audit   '@types/json-schema': [ '7.0.15' ],
67 silly audit   '@types/node': [ '22.7.8' ],
67 silly audit   '@types/phoenix': [ '1.6.5' ],
67 silly audit   '@types/prop-types': [ '15.7.13' ],
67 silly audit   '@types/react': [ '18.3.11' ],
67 silly audit   '@types/react-dom': [ '18.3.1' ],
67 silly audit   '@types/stack-utils': [ '2.0.3' ],
67 silly audit   '@types/tough-cookie': [ '4.0.5' ],
67 silly audit   '@types/ws': [ '8.5.12' ],
67 silly audit   '@types/yargs': [ '17.0.33' ],
67 silly audit   '@types/yargs-parser': [ '21.0.3' ],
67 silly audit   '@typescript-eslint/eslint-plugin': [ '8.11.0' ],
67 silly audit   '@typescript-eslint/parser': [ '8.11.0' ],
67 silly audit   '@typescript-eslint/scope-manager': [ '8.11.0' ],
67 silly audit   '@typescript-eslint/type-utils': [ '8.11.0' ],
67 silly audit   '@typescript-eslint/types': [ '8.11.0' ],
67 silly audit   '@typescript-eslint/typescript-estree': [ '8.11.0' ],
67 silly audit   'brace-expansion': [ '2.0.1', '1.1.11' ],
67 silly audit   minimatch: [ '9.0.5', '5.1.6', '3.1.2' ],
67 silly audit   semver: [ '7.6.3', '6.3.1' ],
67 silly audit   '@typescript-eslint/utils': [ '8.11.0' ],
67 silly audit   '@typescript-eslint/visitor-keys': [ '8.11.0' ],
67 silly audit   '@vitejs/plugin-react': [ '4.3.3' ],
67 silly audit   abab: [ '2.0.6' ],
67 silly audit   acorn: [ '8.13.0' ],
67 silly audit   'acorn-globals': [ '7.0.1' ],
67 silly audit   'acorn-jsx': [ '5.3.2' ],
67 silly audit   'acorn-walk': [ '8.3.4' ],
67 silly audit   'agent-base': [ '6.0.2' ],
67 silly audit   ajv: [ '6.12.6' ],
67 silly audit   'ansi-escapes': [ '4.3.2' ],
67 silly audit   'any-promise': [ '1.3.0' ],
67 silly audit   anymatch: [ '3.1.3' ],
67 silly audit   arg: [ '5.0.2' ],
67 silly audit   'aria-query': [ '5.3.0' ],
67 silly audit   async: [ '3.2.6' ],
67 silly audit   asynckit: [ '0.4.0' ],
67 silly audit   autoprefixer: [ '10.4.20' ],
67 silly audit   'babel-jest': [ '29.7.0' ],
67 silly audit   'babel-plugin-istanbul': [ '6.1.1' ],
67 silly audit   'istanbul-lib-instrument': [ '5.2.1', '6.0.3' ],
67 silly audit   'babel-plugin-jest-hoist': [ '29.6.3' ],
67 silly audit   'babel-plugin-polyfill-corejs2': [ '0.4.11' ],
67 silly audit   'babel-plugin-polyfill-corejs3': [ '0.10.6' ],
67 silly audit   'babel-plugin-polyfill-regenerator': [ '0.6.2' ],
67 silly audit   'babel-preset-current-node-syntax': [ '1.1.0' ],
67 silly audit   'babel-preset-jest': [ '29.6.3' ],
67 silly audit   'balanced-match': [ '1.0.2' ],
67 silly audit   'binary-extensions': [ '2.3.0' ],
67 silly audit   braces: [ '3.0.3' ],
67 silly audit   browserslist: [ '4.24.2' ],
67 silly audit   'bs-logger': [ '0.2.6' ],
67 silly audit   bser: [ '2.1.1' ],
67 silly audit   'buffer-from': [ '1.1.2' ],
67 silly audit   callsites: [ '3.1.0' ],
67 silly audit   camelcase: [ '5.3.1', '6.3.0' ],
67 silly audit   'camelcase-css': [ '2.0.1' ],
67 silly audit   'caniuse-lite': [ '1.0.30001669' ],
67 silly audit   'char-regex': [ '1.0.2' ],
67 silly audit   'chart.js': [ '4.4.5' ],
67 silly audit   chokidar: [ '3.6.0' ],
67 silly audit   'glob-parent': [ '5.1.2', '6.0.2' ],
67 silly audit   'ci-info': [ '3.9.0' ],
67 silly audit   'cjs-module-lexer': [ '1.4.1' ],
67 silly audit   classnames: [ '2.5.1' ],
67 silly audit   cliui: [ '8.0.1' ],
67 silly audit   'emoji-regex': [ '8.0.0', '9.2.2' ],
67 silly audit   'string-width': [ '4.2.3', '5.1.2' ],
67 silly audit   'wrap-ansi': [ '7.0.0', '8.1.0' ],
67 silly audit   clsx: [ '2.1.1' ],
67 silly audit   co: [ '4.6.0' ],
67 silly audit   'collect-v8-coverage': [ '1.0.2' ],
67 silly audit   'color-convert': [ '2.0.1' ],
67 silly audit   'color-name': [ '1.1.4' ],
67 silly audit   'combined-stream': [ '1.0.8' ],
67 silly audit   commander: [ '4.1.1' ],
67 silly audit   'concat-map': [ '0.0.1' ],
67 silly audit   'convert-source-map': [ '2.0.0' ],
67 silly audit   'core-js-compat': [ '3.38.1' ],
67 silly audit   'create-jest': [ '29.7.0' ],
67 silly audit   'cross-spawn': [ '7.0.3' ],
67 silly audit   'css.escape': [ '1.5.1' ],
67 silly audit   cssesc: [ '3.0.0' ],
67 silly audit   cssom: [ '0.5.0', '0.3.8' ],
67 silly audit   cssstyle: [ '2.3.0' ],
67 silly audit   csstype: [ '3.1.3' ],
67 silly audit   'data-urls': [ '3.0.2' ],
67 silly audit   tr46: [ '3.0.0', '0.0.3' ],
67 silly audit   'webidl-conversions': [ '7.0.0', '3.0.1' ],
67 silly audit   'whatwg-url': [ '11.0.0', '5.0.0' ],
67 silly audit   debug: [ '4.3.7' ],
67 silly audit   'decimal.js': [ '10.4.3' ],
67 silly audit   dedent: [ '1.5.3' ],
67 silly audit   'deep-is': [ '0.1.4' ],
67 silly audit   deepmerge: [ '4.3.1' ],
67 silly audit   'delayed-stream': [ '1.0.0' ],
67 silly audit   dequal: [ '2.0.3' ],
67 silly audit   'detect-newline': [ '3.1.0' ],
67 silly audit   didyoumean: [ '1.2.2' ],
67 silly audit   'diff-sequences': [ '29.6.3' ],
67 silly audit   dlv: [ '1.1.3' ],
67 silly audit   domexception: [ '4.0.0' ],
67 silly audit   dotenv: [ '16.4.5' ],
67 silly audit   eastasianwidth: [ '0.2.0' ],
67 silly audit   ejs: [ '3.1.10' ],
67 silly audit   'electron-to-chromium': [ '1.5.41' ],
67 silly audit   emittery: [ '0.13.1' ],
67 silly audit   entities: [ '4.5.0' ],
67 silly audit   'error-ex': [ '1.3.2' ],
67 silly audit   esbuild: [ '0.21.5' ],
67 silly audit   escalade: [ '3.2.0' ],
67 silly audit   escodegen: [ '2.1.0' ],
67 silly audit   eslint: [ '9.13.0' ],
67 silly audit   'eslint-plugin-react-hooks': [ '5.1.0-rc-fb9a90fa48-20240614' ],
67 silly audit   'eslint-plugin-react-refresh': [ '0.4.13' ],
67 silly audit   'eslint-scope': [ '8.1.0' ],
67 silly audit   'escape-string-regexp': [ '4.0.0', '2.0.0' ],
67 silly audit   espree: [ '10.2.0' ],
67 silly audit   esprima: [ '4.0.1' ],
67 silly audit   esquery: [ '1.6.0' ],
67 silly audit   esrecurse: [ '4.3.0' ],
67 silly audit   estraverse: [ '5.3.0' ],
67 silly audit   esutils: [ '2.0.3' ],
67 silly audit   execa: [ '5.1.1' ],
67 silly audit   'signal-exit': [ '3.0.7', '4.1.0' ],
67 silly audit   exit: [ '0.1.2' ],
67 silly audit   expect: [ '29.7.0' ],
67 silly audit   'fast-deep-equal': [ '3.1.3' ],
67 silly audit   'fast-glob': [ '3.3.2' ],
67 silly audit   'fast-json-stable-stringify': [ '2.1.0' ],
67 silly audit   'fast-levenshtein': [ '2.0.6' ],
67 silly audit   fastq: [ '1.17.1' ],
67 silly audit   'fb-watchman': [ '2.0.2' ],
67 silly audit   'file-entry-cache': [ '8.0.0' ],
67 silly audit   filelist: [ '1.0.4' ],
67 silly audit   'fill-range': [ '7.1.1' ],
67 silly audit   'flat-cache': [ '4.0.1' ],
67 silly audit   flatted: [ '3.3.1' ],
67 silly audit   'foreground-child': [ '3.3.0' ],
67 silly audit   'form-data': [ '4.0.1' ],
67 silly audit   'fraction.js': [ '4.3.7' ],
67 silly audit   'fs.realpath': [ '1.0.0' ],
67 silly audit   fsevents: [ '2.3.3' ],
67 silly audit   'function-bind': [ '1.1.2' ],
67 silly audit   gensync: [ '1.0.0-beta.2' ],
67 silly audit   'get-caller-file': [ '2.0.5' ],
67 silly audit   'get-package-type': [ '0.1.0' ],
67 silly audit   'get-stream': [ '6.0.1' ],
67 silly audit   'graceful-fs': [ '4.2.11' ],
67 silly audit   graphemer: [ '1.4.0' ],
67 silly audit   'harmony-reflect': [ '1.6.2' ],
67 silly audit   'has-flag': [ '4.0.0' ],
67 silly audit   hasown: [ '2.0.2' ],
67 silly audit   'html-encoding-sniffer': [ '3.0.0' ],
67 silly audit   'html-escaper': [ '2.0.2' ],
67 silly audit   'http-proxy-agent': [ '5.0.0' ],
67 silly audit   'https-proxy-agent': [ '5.0.1' ],
67 silly audit   'human-signals': [ '2.1.0' ],
67 silly audit   'iconv-lite': [ '0.6.3' ],
67 silly audit   'identity-obj-proxy': [ '3.0.0' ],
67 silly audit   ignore: [ '5.3.2' ],
67 silly audit   'import-fresh': [ '3.3.0' ],
67 silly audit   'import-local': [ '3.2.0' ],
67 silly audit   imurmurhash: [ '0.1.4' ],
67 silly audit   'indent-string': [ '4.0.0' ],
67 silly audit   inflight: [ '1.0.6' ],
67 silly audit   inherits: [ '2.0.4' ],
67 silly audit   'is-arrayish': [ '0.2.1' ],
67 silly audit   'is-binary-path': [ '2.1.0' ],
67 silly audit   'is-core-module': [ '2.15.1' ],
67 silly audit   'is-extglob': [ '2.1.1' ],
67 silly audit   'is-fullwidth-code-point': [ '3.0.0' ],
67 silly audit   'is-generator-fn': [ '2.1.0' ],
67 silly audit   'is-glob': [ '4.0.3' ],
67 silly audit   'is-number': [ '7.0.0' ],
67 silly audit   'is-potential-custom-element-name': [ '1.0.1' ],
67 silly audit   'is-stream': [ '2.0.1' ],
67 silly audit   isexe: [ '2.0.0' ],
67 silly audit   'istanbul-lib-coverage': [ '3.2.2' ],
67 silly audit   'istanbul-lib-report': [ '3.0.1' ],
67 silly audit   'istanbul-lib-source-maps': [ '4.0.1' ],
67 silly audit   'istanbul-reports': [ '3.1.7' ],
67 silly audit   jackspeak: [ '3.4.3' ],
67 silly audit   jake: [ '10.9.2' ],
67 silly audit   jest: [ '29.7.0' ],
67 silly audit   'jest-changed-files': [ '29.7.0' ],
67 silly audit   'jest-circus': [ '29.7.0' ],
67 silly audit   'jest-cli': [ '29.7.0' ],
67 silly audit   'jest-config': [ '29.7.0' ],
67 silly audit   'jest-diff': [ '29.7.0' ],
67 silly audit   'jest-docblock': [ '29.7.0' ],
67 silly audit   'jest-each': [ '29.7.0' ],
67 silly audit   'jest-environment-jsdom': [ '29.7.0' ],
67 silly audit   'jest-environment-node': [ '29.7.0' ],
67 silly audit   'jest-get-type': [ '29.6.3' ],
67 silly audit   'jest-haste-map': [ '29.7.0' ],
67 silly audit   'jest-leak-detector': [ '29.7.0' ],
67 silly audit   'jest-matcher-utils': [ '29.7.0' ],
67 silly audit   'jest-message-util': [ '29.7.0' ],
67 silly audit   'jest-mock': [ '29.7.0' ],
67 silly audit   'jest-pnp-resolver': [ '1.2.3' ],
67 silly audit   'jest-regex-util': [ '29.6.3' ],
67 silly audit   'jest-resolve': [ '29.7.0' ],
67 silly audit   'jest-resolve-dependencies': [ '29.7.0' ],
67 silly audit   'jest-runner': [ '29.7.0' ],
67 silly audit   'jest-runtime': [ '29.7.0' ],
67 silly audit   'jest-snapshot': [ '29.7.0' ],
67 silly audit   'jest-util': [ '29.7.0' ],
67 silly audit   'jest-validate': [ '29.7.0' ],
67 silly audit   'jest-watcher': [ '29.7.0' ],
67 silly audit   'jest-worker': [ '29.7.0' ],
67 silly audit   'supports-color': [ '8.1.1', '7.2.0' ],
67 silly audit   jiti: [ '1.21.6' ],
67 silly audit   'js-tokens': [ '4.0.0' ],
67 silly audit   jsdom: [ '20.0.3' ],
67 silly audit   jsesc: [ '3.0.2' ],
67 silly audit   'json-buffer': [ '3.0.1' ],
67 silly audit   'json-parse-even-better-errors': [ '2.3.1' ],
67 silly audit   'json-schema-traverse': [ '0.4.1' ],
67 silly audit   'json-stable-stringify-without-jsonify': [ '1.0.1' ],
67 silly audit   json5: [ '2.2.3' ],
67 silly audit   keyv: [ '4.5.4' ],
67 silly audit   kleur: [ '3.0.3' ],
67 silly audit   leven: [ '3.1.0' ],
67 silly audit   levn: [ '0.4.1' ],
67 silly audit   lilconfig: [ '2.1.0', '3.1.2' ],
67 silly audit   'lines-and-columns': [ '1.2.4' ],
67 silly audit   lodash: [ '4.17.21' ],
67 silly audit   'lodash.castarray': [ '4.4.0' ],
67 silly audit   'lodash.debounce': [ '4.0.8' ],
67 silly audit   'lodash.isplainobject': [ '4.0.6' ],
67 silly audit   'lodash.memoize': [ '4.1.2' ],
67 silly audit   'lodash.merge': [ '4.6.2' ],
67 silly audit   'loose-envify': [ '1.4.0' ],
67 silly audit   'lru-cache': [ '5.1.1', '10.4.3' ],
67 silly audit   'lucide-react': [ '0.344.0' ],
67 silly audit   'lz-string': [ '1.5.0' ],
67 silly audit   'make-dir': [ '4.0.0' ],
67 silly audit   'make-error': [ '1.3.6' ],
67 silly audit   makeerror: [ '1.0.12' ],
67 silly audit   'merge-stream': [ '2.0.0' ],
67 silly audit   merge2: [ '1.4.1' ],
67 silly audit   micromatch: [ '4.0.8' ],
67 silly audit   'mime-db': [ '1.52.0' ],
67 silly audit   'mime-types': [ '2.1.35' ],
67 silly audit   'mimic-fn': [ '2.1.0' ],
67 silly audit   'min-indent': [ '1.0.1' ],
67 silly audit   minipass: [ '7.1.2' ],
67 silly audit   ms: [ '2.1.3' ],
67 silly audit   mz: [ '2.7.0' ],
67 silly audit   nanoid: [ '3.3.7' ],
67 silly audit   'natural-compare': [ '1.4.0' ],
67 silly audit   'node-int64': [ '0.4.0' ],
67 silly audit   'node-releases': [ '2.0.18' ],
67 silly audit   'normalize-path': [ '3.0.0' ],
67 silly audit   'normalize-range': [ '0.1.2' ],
67 silly audit   'npm-run-path': [ '4.0.1' ],
67 silly audit   nwsapi: [ '2.2.13' ],
67 silly audit   'object-assign': [ '4.1.1' ],
67 silly audit   'object-hash': [ '3.0.0' ],
67 silly audit   once: [ '1.4.0' ],
67 silly audit   onetime: [ '5.1.2' ],
67 silly audit   optionator: [ '0.9.4' ],
67 silly audit   'p-try': [ '2.2.0' ],
67 silly audit   'package-json-from-dist': [ '1.0.1' ],
67 silly audit   'parent-module': [ '1.0.1' ],
67 silly audit   'parse-json': [ '5.2.0' ],
67 silly audit   parse5: [ '7.2.0' ],
67 silly audit   'path-exists': [ '4.0.0' ],
67 silly audit   'path-is-absolute': [ '1.0.1' ],
67 silly audit   'path-key': [ '3.1.1' ],
67 silly audit   'path-parse': [ '1.0.7' ],
67 silly audit   'path-scurry': [ '1.11.1' ],
67 silly audit   picocolors: [ '1.1.1' ],
67 silly audit   picomatch: [ '2.3.1' ],
67 silly audit   pify: [ '2.3.0' ],
67 silly audit   pirates: [ '4.0.6' ],
67 silly audit   'pkg-dir': [ '4.2.0' ],
67 silly audit   postcss: [ '8.4.47' ],
67 silly audit   'postcss-import': [ '15.1.0' ],
67 silly audit   'postcss-js': [ '4.0.1' ],
67 silly audit   'postcss-load-config': [ '4.0.2' ],
67 silly audit   'postcss-nested': [ '6.2.0' ],
67 silly audit   'postcss-selector-parser': [ '6.1.2', '6.0.10' ],
67 silly audit   'postcss-value-parser': [ '4.2.0' ],
67 silly audit   'prelude-ls': [ '1.2.1' ],
67 silly audit   prompts: [ '2.4.2' ],
67 silly audit   psl: [ '1.9.0' ],
67 silly audit   punycode: [ '2.3.1' ],
67 silly audit   'pure-rand': [ '6.1.0' ],
67 silly audit   querystringify: [ '2.2.0' ],
67 silly audit   'queue-microtask': [ '1.2.3' ],
67 silly audit   react: [ '18.3.1' ],
67 silly audit   'react-chartjs-2': [ '5.2.0' ],
67 silly audit   'react-dom': [ '18.3.1' ],
67 silly audit   'react-refresh': [ '0.14.2' ],
67 silly audit   'react-router': [ '6.27.0' ],
67 silly audit   'react-router-dom': [ '6.27.0' ],
67 silly audit   'react-toastify': [ '10.0.6' ],
67 silly audit   'react-tooltip': [ '5.28.0' ],
67 silly audit   'read-cache': [ '1.0.0' ],
67 silly audit   readdirp: [ '3.6.0' ],
67 silly audit   redent: [ '3.0.0' ],
67 silly audit   regenerate: [ '1.4.2' ],
67 silly audit   'regenerate-unicode-properties': [ '10.2.0' ],
67 silly audit   'regenerator-runtime': [ '0.14.1' ],
67 silly audit   'regenerator-transform': [ '0.15.2' ],
67 silly audit   'regexpu-core': [ '6.1.1' ],
67 silly audit   regjsgen: [ '0.8.0' ],
67 silly audit   regjsparser: [ '0.11.2' ],
67 silly audit   'require-directory': [ '2.1.1' ],
67 silly audit   'requires-port': [ '1.0.0' ],
67 silly audit   resolve: [ '1.22.8' ],
67 silly audit   'resolve-cwd': [ '3.0.0' ],
67 silly audit   'resolve.exports': [ '2.0.2' ],
67 silly audit   reusify: [ '1.0.4' ],
67 silly audit   rollup: [ '4.24.0' ],
67 silly audit   'run-parallel': [ '1.2.0' ],
67 silly audit   'safer-buffer': [ '2.1.2' ],
67 silly audit   saxes: [ '6.0.0' ],
67 silly audit   scheduler: [ '0.23.2' ],
67 silly audit   'shebang-command': [ '2.0.0' ],
67 silly audit   'shebang-regex': [ '3.0.0' ],
67 silly audit   sisteransi: [ '1.0.5' ],
67 silly audit   slash: [ '3.0.0' ],
67 silly audit   'source-map': [ '0.6.1' ],
67 silly audit   'source-map-js': [ '1.2.1' ],
67 silly audit   'source-map-support': [ '0.5.13' ],
67 silly audit   'sprintf-js': [ '1.0.3' ],
67 silly audit   'stack-utils': [ '2.0.6' ],
67 silly audit   'string-length': [ '4.0.2' ],
67 silly audit   'strip-bom': [ '4.0.0' ],
67 silly audit   'strip-final-newline': [ '2.0.0' ],
67 silly audit   'strip-indent': [ '3.0.0' ],
67 silly audit   'strip-json-comments': [ '3.1.1' ],
67 silly audit   sucrase: [ '3.35.0' ],
67 silly audit   'supports-preserve-symlinks-flag': [ '1.0.0' ],
67 silly audit   'symbol-tree': [ '3.2.4' ],
67 silly audit   tailwindcss: [ '3.4.14' ],
67 silly audit   'test-exclude': [ '6.0.0' ],
67 silly audit   'text-table': [ '0.2.0' ],
67 silly audit   thenify: [ '3.3.1' ],
67 silly audit   'thenify-all': [ '1.6.0' ],
67 silly audit   tmpl: [ '1.0.5' ],
67 silly audit   'to-regex-range': [ '5.0.1' ],
67 silly audit   'tough-cookie': [ '4.1.4' ],
67 silly audit   'ts-api-utils': [ '1.3.0' ],
67 silly audit   'ts-interface-checker': [ '0.1.13' ],
67 silly audit   'ts-jest': [ '29.2.5' ],
67 silly audit   'type-check': [ '0.4.0' ],
67 silly audit   'type-detect': [ '4.0.8' ],
67 silly audit   'type-fest': [ '0.21.3' ],
67 silly audit   typescript: [ '5.6.3' ],
67 silly audit   'typescript-eslint': [ '8.11.0' ],
67 silly audit   'undici-types': [ '6.19.8' ],
67 silly audit   'unicode-canonical-property-names-ecmascript': [ '2.0.1' ],
67 silly audit   'unicode-match-property-ecmascript': [ '2.0.0' ],
67 silly audit   'unicode-match-property-value-ecmascript': [ '2.2.0' ],
67 silly audit   'unicode-property-aliases-ecmascript': [ '2.1.0' ],
67 silly audit   universalify: [ '0.2.0' ],
67 silly audit   'update-browserslist-db': [ '1.1.1' ],
67 silly audit   'uri-js': [ '4.4.1' ],
67 silly audit   'url-parse': [ '1.5.10' ],
67 silly audit   'util-deprecate': [ '1.0.2' ],
67 silly audit   'v8-to-istanbul': [ '9.3.0' ],
67 silly audit   vite: [ '5.4.9' ],
67 silly audit   'w3c-xmlserializer': [ '4.0.0' ],
67 silly audit   walker: [ '1.0.8' ],
67 silly audit   'whatwg-encoding': [ '2.0.0' ],
67 silly audit   'whatwg-mimetype': [ '3.0.0' ],
67 silly audit   which: [ '2.0.2' ],
67 silly audit   'word-wrap': [ '1.2.5' ],
67 silly audit   wrappy: [ '1.0.2' ],
67 silly audit   'write-file-atomic': [ '4.0.2' ],
67 silly audit   ws: [ '8.18.0' ],
67 silly audit   'xml-name-validator': [ '4.0.0' ],
67 silly audit   xmlchars: [ '2.2.0' ],
67 silly audit   y18n: [ '5.0.8' ],
67 silly audit   yallist: [ '3.1.1' ],
67 silly audit   yaml: [ '2.6.0' ],
67 silly audit   yargs: [ '17.7.2' ],
67 silly audit   'yargs-parser': [ '21.1.1' ],
67 silly audit   'yocto-queue': [ '0.1.0' ],
67 silly audit   '@commitlint/config-conventional': [ '19.6.0' ],
67 silly audit   husky: [ '8.0.3' ],
67 silly audit   '@commitlint/types': [ '19.5.0' ],
67 silly audit   'conventional-changelog-conventionalcommits': [ '7.0.2' ],
67 silly audit   '@types/conventional-commits-parser': [ '5.0.1' ],
67 silly audit   'compare-func': [ '2.0.0' ],
67 silly audit   'array-ify': [ '1.0.0' ],
67 silly audit   'dot-prop': [ '5.3.0' ],
67 silly audit   'is-obj': [ '2.0.0' ]
67 silly audit }
68 verbose reify failed optional dependency C:\Users\Janeth\Desktop\SOFTWARE DEV\SEMESTRE V\PDSEI\StockEasy\node_modules\fsevents
69 silly reify mark deleted [
69 silly reify   'C:\\Users\\Janeth\\Desktop\\SOFTWARE DEV\\SEMESTRE V\\PDSEI\\StockEasy\\node_modules\\fsevents'
69 silly reify ]
70 verbose reify failed optional dependency C:\Users\Janeth\Desktop\SOFTWARE DEV\SEMESTRE V\PDSEI\StockEasy\node_modules\@rollup\rollup-win32-ia32-msvc
71 silly reify mark deleted [
71 silly reify   'C:\\Users\\Janeth\\Desktop\\SOFTWARE DEV\\SEMESTRE V\\PDSEI\\StockEasy\\node_modules\\@rollup\\rollup-win32-ia32-msvc'
71 silly reify ]
72 verbose reify failed optional dependency C:\Users\Janeth\Desktop\SOFTWARE DEV\SEMESTRE V\PDSEI\StockEasy\node_modules\@rollup\rollup-win32-arm64-msvc
73 silly reify mark deleted [
73 silly reify   'C:\\Users\\Janeth\\Desktop\\SOFTWARE DEV\\SEMESTRE V\\PDSEI\\StockEasy\\node_modules\\@rollup\\rollup-win32-arm64-msvc'
73 silly reify ]
74 verbose reify failed optional dependency C:\Users\Janeth\Desktop\SOFTWARE DEV\SEMESTRE V\PDSEI\StockEasy\node_modules\@rollup\rollup-linux-x64-musl
75 silly reify mark deleted [
75 silly reify   'C:\\Users\\Janeth\\Desktop\\SOFTWARE DEV\\SEMESTRE V\\PDSEI\\StockEasy\\node_modules\\@rollup\\rollup-linux-x64-musl'
75 silly reify ]
76 verbose reify failed optional dependency C:\Users\Janeth\Desktop\SOFTWARE DEV\SEMESTRE V\PDSEI\StockEasy\node_modules\@rollup\rollup-linux-x64-gnu
77 silly reify mark deleted [
77 silly reify   'C:\\Users\\Janeth\\Desktop\\SOFTWARE DEV\\SEMESTRE V\\PDSEI\\StockEasy\\node_modules\\@rollup\\rollup-linux-x64-gnu'
77 silly reify ]
78 verbose reify failed optional dependency C:\Users\Janeth\Desktop\SOFTWARE DEV\SEMESTRE V\PDSEI\StockEasy\node_modules\@rollup\rollup-linux-s390x-gnu
79 silly reify mark deleted [
79 silly reify   'C:\\Users\\Janeth\\Desktop\\SOFTWARE DEV\\SEMESTRE V\\PDSEI\\StockEasy\\node_modules\\@rollup\\rollup-linux-s390x-gnu'
79 silly reify ]
80 verbose reify failed optional dependency C:\Users\Janeth\Desktop\SOFTWARE DEV\SEMESTRE V\PDSEI\StockEasy\node_modules\@rollup\rollup-linux-riscv64-gnu
81 silly reify mark deleted [
81 silly reify   'C:\\Users\\Janeth\\Desktop\\SOFTWARE DEV\\SEMESTRE V\\PDSEI\\StockEasy\\node_modules\\@rollup\\rollup-linux-riscv64-gnu'
81 silly reify ]
82 verbose reify failed optional dependency C:\Users\Janeth\Desktop\SOFTWARE DEV\SEMESTRE V\PDSEI\StockEasy\node_modules\@rollup\rollup-linux-powerpc64le-gnu
83 silly reify mark deleted [
83 silly reify   'C:\\Users\\Janeth\\Desktop\\SOFTWARE DEV\\SEMESTRE V\\PDSEI\\StockEasy\\node_modules\\@rollup\\rollup-linux-powerpc64le-gnu'
83 silly reify ]
84 verbose reify failed optional dependency C:\Users\Janeth\Desktop\SOFTWARE DEV\SEMESTRE V\PDSEI\StockEasy\node_modules\@rollup\rollup-linux-arm64-musl
85 silly reify mark deleted [
85 silly reify   'C:\\Users\\Janeth\\Desktop\\SOFTWARE DEV\\SEMESTRE V\\PDSEI\\StockEasy\\node_modules\\@rollup\\rollup-linux-arm64-musl'
85 silly reify ]
86 verbose reify failed optional dependency C:\Users\Janeth\Desktop\SOFTWARE DEV\SEMESTRE V\PDSEI\StockEasy\node_modules\@rollup\rollup-linux-arm64-gnu
87 silly reify mark deleted [
87 silly reify   'C:\\Users\\Janeth\\Desktop\\SOFTWARE DEV\\SEMESTRE V\\PDSEI\\StockEasy\\node_modules\\@rollup\\rollup-linux-arm64-gnu'
87 silly reify ]
88 verbose reify failed optional dependency C:\Users\Janeth\Desktop\SOFTWARE DEV\SEMESTRE V\PDSEI\StockEasy\node_modules\@rollup\rollup-linux-arm-musleabihf
89 silly reify mark deleted [
89 silly reify   'C:\\Users\\Janeth\\Desktop\\SOFTWARE DEV\\SEMESTRE V\\PDSEI\\StockEasy\\node_modules\\@rollup\\rollup-linux-arm-musleabihf'
89 silly reify ]
90 verbose reify failed optional dependency C:\Users\Janeth\Desktop\SOFTWARE DEV\SEMESTRE V\PDSEI\StockEasy\node_modules\@rollup\rollup-linux-arm-gnueabihf
91 silly reify mark deleted [
91 silly reify   'C:\\Users\\Janeth\\Desktop\\SOFTWARE DEV\\SEMESTRE V\\PDSEI\\StockEasy\\node_modules\\@rollup\\rollup-linux-arm-gnueabihf'
91 silly reify ]
92 verbose reify failed optional dependency C:\Users\Janeth\Desktop\SOFTWARE DEV\SEMESTRE V\PDSEI\StockEasy\node_modules\@rollup\rollup-darwin-x64
93 silly reify mark deleted [
93 silly reify   'C:\\Users\\Janeth\\Desktop\\SOFTWARE DEV\\SEMESTRE V\\PDSEI\\StockEasy\\node_modules\\@rollup\\rollup-darwin-x64'
93 silly reify ]
94 verbose reify failed optional dependency C:\Users\Janeth\Desktop\SOFTWARE DEV\SEMESTRE V\PDSEI\StockEasy\node_modules\@rollup\rollup-darwin-arm64
95 silly reify mark deleted [
95 silly reify   'C:\\Users\\Janeth\\Desktop\\SOFTWARE DEV\\SEMESTRE V\\PDSEI\\StockEasy\\node_modules\\@rollup\\rollup-darwin-arm64'
95 silly reify ]
96 verbose reify failed optional dependency C:\Users\Janeth\Desktop\SOFTWARE DEV\SEMESTRE V\PDSEI\StockEasy\node_modules\@rollup\rollup-android-arm64
97 silly reify mark deleted [
97 silly reify   'C:\\Users\\Janeth\\Desktop\\SOFTWARE DEV\\SEMESTRE V\\PDSEI\\StockEasy\\node_modules\\@rollup\\rollup-android-arm64'
97 silly reify ]
98 verbose reify failed optional dependency C:\Users\Janeth\Desktop\SOFTWARE DEV\SEMESTRE V\PDSEI\StockEasy\node_modules\@rollup\rollup-android-arm-eabi
99 silly reify mark deleted [
99 silly reify   'C:\\Users\\Janeth\\Desktop\\SOFTWARE DEV\\SEMESTRE V\\PDSEI\\StockEasy\\node_modules\\@rollup\\rollup-android-arm-eabi'
99 silly reify ]
100 verbose reify failed optional dependency C:\Users\Janeth\Desktop\SOFTWARE DEV\SEMESTRE V\PDSEI\StockEasy\node_modules\@esbuild\win32-ia32
101 silly reify mark deleted [
101 silly reify   'C:\\Users\\Janeth\\Desktop\\SOFTWARE DEV\\SEMESTRE V\\PDSEI\\StockEasy\\node_modules\\@esbuild\\win32-ia32'
101 silly reify ]
102 verbose reify failed optional dependency C:\Users\Janeth\Desktop\SOFTWARE DEV\SEMESTRE V\PDSEI\StockEasy\node_modules\@esbuild\win32-arm64
103 silly reify mark deleted [
103 silly reify   'C:\\Users\\Janeth\\Desktop\\SOFTWARE DEV\\SEMESTRE V\\PDSEI\\StockEasy\\node_modules\\@esbuild\\win32-arm64'
103 silly reify ]
104 verbose reify failed optional dependency C:\Users\Janeth\Desktop\SOFTWARE DEV\SEMESTRE V\PDSEI\StockEasy\node_modules\@esbuild\sunos-x64
105 silly reify mark deleted [
105 silly reify   'C:\\Users\\Janeth\\Desktop\\SOFTWARE DEV\\SEMESTRE V\\PDSEI\\StockEasy\\node_modules\\@esbuild\\sunos-x64'
105 silly reify ]
106 verbose reify failed optional dependency C:\Users\Janeth\Desktop\SOFTWARE DEV\SEMESTRE V\PDSEI\StockEasy\node_modules\@esbuild\openbsd-x64
107 silly reify mark deleted [
107 silly reify   'C:\\Users\\Janeth\\Desktop\\SOFTWARE DEV\\SEMESTRE V\\PDSEI\\StockEasy\\node_modules\\@esbuild\\openbsd-x64'
107 silly reify ]
108 verbose reify failed optional dependency C:\Users\Janeth\Desktop\SOFTWARE DEV\SEMESTRE V\PDSEI\StockEasy\node_modules\@esbuild\netbsd-x64
109 silly reify mark deleted [
109 silly reify   'C:\\Users\\Janeth\\Desktop\\SOFTWARE DEV\\SEMESTRE V\\PDSEI\\StockEasy\\node_modules\\@esbuild\\netbsd-x64'
109 silly reify ]
110 verbose reify failed optional dependency C:\Users\Janeth\Desktop\SOFTWARE DEV\SEMESTRE V\PDSEI\StockEasy\node_modules\@esbuild\linux-x64
111 silly reify mark deleted [
111 silly reify   'C:\\Users\\Janeth\\Desktop\\SOFTWARE DEV\\SEMESTRE V\\PDSEI\\StockEasy\\node_modules\\@esbuild\\linux-x64'
111 silly reify ]
112 verbose reify failed optional dependency C:\Users\Janeth\Desktop\SOFTWARE DEV\SEMESTRE V\PDSEI\StockEasy\node_modules\@esbuild\linux-s390x
113 silly reify mark deleted [
113 silly reify   'C:\\Users\\Janeth\\Desktop\\SOFTWARE DEV\\SEMESTRE V\\PDSEI\\StockEasy\\node_modules\\@esbuild\\linux-s390x'
113 silly reify ]
114 verbose reify failed optional dependency C:\Users\Janeth\Desktop\SOFTWARE DEV\SEMESTRE V\PDSEI\StockEasy\node_modules\@esbuild\linux-riscv64
115 silly reify mark deleted [
115 silly reify   'C:\\Users\\Janeth\\Desktop\\SOFTWARE DEV\\SEMESTRE V\\PDSEI\\StockEasy\\node_modules\\@esbuild\\linux-riscv64'
115 silly reify ]
116 verbose reify failed optional dependency C:\Users\Janeth\Desktop\SOFTWARE DEV\SEMESTRE V\PDSEI\StockEasy\node_modules\@esbuild\linux-ppc64
117 silly reify mark deleted [
117 silly reify   'C:\\Users\\Janeth\\Desktop\\SOFTWARE DEV\\SEMESTRE V\\PDSEI\\StockEasy\\node_modules\\@esbuild\\linux-ppc64'
117 silly reify ]
118 verbose reify failed optional dependency C:\Users\Janeth\Desktop\SOFTWARE DEV\SEMESTRE V\PDSEI\StockEasy\node_modules\@esbuild\linux-mips64el
119 silly reify mark deleted [
119 silly reify   'C:\\Users\\Janeth\\Desktop\\SOFTWARE DEV\\SEMESTRE V\\PDSEI\\StockEasy\\node_modules\\@esbuild\\linux-mips64el'
119 silly reify ]
120 verbose reify failed optional dependency C:\Users\Janeth\Desktop\SOFTWARE DEV\SEMESTRE V\PDSEI\StockEasy\node_modules\@esbuild\linux-loong64
121 silly reify mark deleted [
121 silly reify   'C:\\Users\\Janeth\\Desktop\\SOFTWARE DEV\\SEMESTRE V\\PDSEI\\StockEasy\\node_modules\\@esbuild\\linux-loong64'
121 silly reify ]
122 verbose reify failed optional dependency C:\Users\Janeth\Desktop\SOFTWARE DEV\SEMESTRE V\PDSEI\StockEasy\node_modules\@esbuild\linux-ia32
123 silly reify mark deleted [
123 silly reify   'C:\\Users\\Janeth\\Desktop\\SOFTWARE DEV\\SEMESTRE V\\PDSEI\\StockEasy\\node_modules\\@esbuild\\linux-ia32'
123 silly reify ]
124 verbose reify failed optional dependency C:\Users\Janeth\Desktop\SOFTWARE DEV\SEMESTRE V\PDSEI\StockEasy\node_modules\@esbuild\linux-arm64
125 silly reify mark deleted [
125 silly reify   'C:\\Users\\Janeth\\Desktop\\SOFTWARE DEV\\SEMESTRE V\\PDSEI\\StockEasy\\node_modules\\@esbuild\\linux-arm64'
125 silly reify ]
126 verbose reify failed optional dependency C:\Users\Janeth\Desktop\SOFTWARE DEV\SEMESTRE V\PDSEI\StockEasy\node_modules\@esbuild\linux-arm
127 silly reify mark deleted [
127 silly reify   'C:\\Users\\Janeth\\Desktop\\SOFTWARE DEV\\SEMESTRE V\\PDSEI\\StockEasy\\node_modules\\@esbuild\\linux-arm'
127 silly reify ]
128 verbose reify failed optional dependency C:\Users\Janeth\Desktop\SOFTWARE DEV\SEMESTRE V\PDSEI\StockEasy\node_modules\@esbuild\freebsd-x64
129 silly reify mark deleted [
129 silly reify   'C:\\Users\\Janeth\\Desktop\\SOFTWARE DEV\\SEMESTRE V\\PDSEI\\StockEasy\\node_modules\\@esbuild\\freebsd-x64'
129 silly reify ]
130 verbose reify failed optional dependency C:\Users\Janeth\Desktop\SOFTWARE DEV\SEMESTRE V\PDSEI\StockEasy\node_modules\@esbuild\freebsd-arm64
131 silly reify mark deleted [
131 silly reify   'C:\\Users\\Janeth\\Desktop\\SOFTWARE DEV\\SEMESTRE V\\PDSEI\\StockEasy\\node_modules\\@esbuild\\freebsd-arm64'
131 silly reify ]
132 verbose reify failed optional dependency C:\Users\Janeth\Desktop\SOFTWARE DEV\SEMESTRE V\PDSEI\StockEasy\node_modules\@esbuild\darwin-x64
133 silly reify mark deleted [
133 silly reify   'C:\\Users\\Janeth\\Desktop\\SOFTWARE DEV\\SEMESTRE V\\PDSEI\\StockEasy\\node_modules\\@esbuild\\darwin-x64'
133 silly reify ]
134 verbose reify failed optional dependency C:\Users\Janeth\Desktop\SOFTWARE DEV\SEMESTRE V\PDSEI\StockEasy\node_modules\@esbuild\darwin-arm64
135 silly reify mark deleted [
135 silly reify   'C:\\Users\\Janeth\\Desktop\\SOFTWARE DEV\\SEMESTRE V\\PDSEI\\StockEasy\\node_modules\\@esbuild\\darwin-arm64'
135 silly reify ]
136 verbose reify failed optional dependency C:\Users\Janeth\Desktop\SOFTWARE DEV\SEMESTRE V\PDSEI\StockEasy\node_modules\@esbuild\android-x64
137 silly reify mark deleted [
137 silly reify   'C:\\Users\\Janeth\\Desktop\\SOFTWARE DEV\\SEMESTRE V\\PDSEI\\StockEasy\\node_modules\\@esbuild\\android-x64'
137 silly reify ]
138 verbose reify failed optional dependency C:\Users\Janeth\Desktop\SOFTWARE DEV\SEMESTRE V\PDSEI\StockEasy\node_modules\@esbuild\android-arm64
139 silly reify mark deleted [
139 silly reify   'C:\\Users\\Janeth\\Desktop\\SOFTWARE DEV\\SEMESTRE V\\PDSEI\\StockEasy\\node_modules\\@esbuild\\android-arm64'
139 silly reify ]
140 verbose reify failed optional dependency C:\Users\Janeth\Desktop\SOFTWARE DEV\SEMESTRE V\PDSEI\StockEasy\node_modules\@esbuild\android-arm
141 silly reify mark deleted [
141 silly reify   'C:\\Users\\Janeth\\Desktop\\SOFTWARE DEV\\SEMESTRE V\\PDSEI\\StockEasy\\node_modules\\@esbuild\\android-arm'
141 silly reify ]
142 verbose reify failed optional dependency C:\Users\Janeth\Desktop\SOFTWARE DEV\SEMESTRE V\PDSEI\StockEasy\node_modules\@esbuild\aix-ppc64
143 silly reify mark deleted [
143 silly reify   'C:\\Users\\Janeth\\Desktop\\SOFTWARE DEV\\SEMESTRE V\\PDSEI\\StockEasy\\node_modules\\@esbuild\\aix-ppc64'
143 silly reify ]
144 silly tarball no local data for is-obj@https://registry.npmjs.org/is-obj/-/is-obj-2.0.0.tgz. Extracting by manifest.
145 silly tarball no local data for dot-prop@https://registry.npmjs.org/dot-prop/-/dot-prop-5.3.0.tgz. Extracting by manifest.
146 silly tarball no local data for array-ify@https://registry.npmjs.org/array-ify/-/array-ify-1.0.0.tgz. Extracting by manifest.
147 silly tarball no local data for @types/conventional-commits-parser@https://registry.npmjs.org/@types/conventional-commits-parser/-/conventional-commits-parser-5.0.1.tgz. Extracting by manifest.
148 silly tarball no local data for conventional-changelog-conventionalcommits@https://registry.npmjs.org/conventional-changelog-conventionalcommits/-/conventional-changelog-conventionalcommits-7.0.2.tgz. Extracting by manifest.
149 silly tarball no local data for compare-func@https://registry.npmjs.org/compare-func/-/compare-func-2.0.0.tgz. Extracting by manifest.
150 silly tarball no local data for @commitlint/types@https://registry.npmjs.org/@commitlint/types/-/types-19.5.0.tgz. Extracting by manifest.
151 silly tarball no local data for @commitlint/config-conventional@https://registry.npmjs.org/@commitlint/config-conventional/-/config-conventional-19.6.0.tgz. Extracting by manifest.
152 silly tarball no local data for chalk@https://registry.npmjs.org/chalk/-/chalk-5.3.0.tgz. Extracting by manifest.
153 http fetch GET 200 https://registry.npmjs.org/is-obj/-/is-obj-2.0.0.tgz 119ms (cache miss)
154 http fetch POST 200 https://registry.npmjs.org/-/npm/v1/security/advisories/bulk 206ms
155 silly audit report {
155 silly audit report   '@eslint/plugin-kit': [
155 silly audit report     {
155 silly audit report       id: 1100564,
155 silly audit report       url: 'https://github.com/advisories/GHSA-7q7g-4xm8-89cq',
155 silly audit report       title: 'Regular Expression Denial of Service (ReDoS) in @eslint/plugin-kit',
155 silly audit report       severity: 'low',
155 silly audit report       vulnerable_versions: '<0.2.3',
155 silly audit report       cwe: [Array],
155 silly audit report       cvss: [Object]
155 silly audit report     }
155 silly audit report   ],
155 silly audit report   'cross-spawn': [
155 silly audit report     {
155 silly audit report       id: 1100563,
155 silly audit report       url: 'https://github.com/advisories/GHSA-3xgq-45jj-v275',
155 silly audit report       title: 'Regular Expression Denial of Service (ReDoS) in cross-spawn',
155 silly audit report       severity: 'high',
155 silly audit report       vulnerable_versions: '>=7.0.0 <7.0.5',
155 silly audit report       cwe: [Array],
155 silly audit report       cvss: [Object]
155 silly audit report     }
155 silly audit report   ]
155 silly audit report }
156 silly packumentCache corgi:https://registry.npmjs.org/@eslint%2fplugin-kit cache-miss
157 silly packumentCache corgi:https://registry.npmjs.org/cross-spawn cache-miss
158 http fetch GET 200 https://registry.npmjs.org/dot-prop/-/dot-prop-5.3.0.tgz 189ms (cache miss)
159 http fetch GET 200 https://registry.npmjs.org/cross-spawn 106ms (cache revalidated)
160 silly packumentCache corgi:https://registry.npmjs.org/cross-spawn set size:44626 disposed:false
161 http fetch GET 200 https://registry.npmjs.org/@eslint%2fplugin-kit 160ms (cache revalidated)
162 silly packumentCache corgi:https://registry.npmjs.org/@eslint%2fplugin-kit set size:4736 disposed:false
163 silly packumentCache corgi:https://registry.npmjs.org/eslint cache-miss
164 http fetch GET 200 https://registry.npmjs.org/array-ify/-/array-ify-1.0.0.tgz 360ms (cache miss)
165 http fetch GET 200 https://registry.npmjs.org/compare-func/-/compare-func-2.0.0.tgz 369ms (cache miss)
166 http fetch GET 200 https://registry.npmjs.org/@types/conventional-commits-parser/-/conventional-commits-parser-5.0.1.tgz 408ms (cache miss)
167 http fetch GET 200 https://registry.npmjs.org/@commitlint/config-conventional/-/config-conventional-19.6.0.tgz 408ms (cache miss)
168 http fetch GET 200 https://registry.npmjs.org/eslint 137ms (cache revalidated)
169 silly packumentCache corgi:https://registry.npmjs.org/eslint set size:1015531 disposed:false
170 silly packumentCache corgi:https://registry.npmjs.org/execa cache-miss
171 silly packumentCache corgi:https://registry.npmjs.org/foreground-child cache-miss
172 http fetch GET 200 https://registry.npmjs.org/conventional-changelog-conventionalcommits/-/conventional-changelog-conventionalcommits-7.0.2.tgz 643ms (cache miss)
173 http fetch GET 200 https://registry.npmjs.org/execa 130ms (cache revalidated)
174 silly packumentCache corgi:https://registry.npmjs.org/execa set size:83988 disposed:false
175 http fetch GET 200 https://registry.npmjs.org/foreground-child 139ms (cache revalidated)
176 silly packumentCache corgi:https://registry.npmjs.org/foreground-child set size:20383 disposed:false
177 http fetch GET 200 https://registry.npmjs.org/chalk/-/chalk-5.3.0.tgz 681ms (cache miss)
178 http fetch GET 200 https://registry.npmjs.org/@commitlint/types/-/types-19.5.0.tgz 724ms (cache miss)
179 silly ADD node_modules/is-obj
180 silly ADD node_modules/dot-prop
181 silly ADD node_modules/array-ify
182 silly ADD node_modules/compare-func
183 silly ADD node_modules/@types/conventional-commits-parser
184 silly ADD node_modules/conventional-changelog-conventionalcommits
185 silly ADD node_modules/@commitlint/types
186 silly ADD node_modules/@commitlint/types/node_modules/chalk
187 silly ADD node_modules/@commitlint/config-conventional
188 silly ADD
189 silly ADD
190 silly ADD
191 silly ADD
192 silly ADD
193 silly ADD
194 silly ADD
195 silly ADD
196 silly ADD
197 silly ADD
198 silly ADD
199 silly ADD
200 silly ADD
201 silly ADD
202 silly ADD
203 silly ADD
204 silly ADD
205 silly ADD
206 silly ADD
207 silly ADD
208 silly ADD
209 silly ADD
210 silly ADD
211 silly ADD
212 silly ADD
213 silly ADD
214 silly ADD
215 silly ADD
216 silly ADD
217 silly ADD
218 silly ADD
219 silly ADD
220 silly ADD
221 silly ADD
222 silly ADD
223 silly ADD
224 silly ADD
225 silly ADD
226 silly CHANGE node_modules/husky
227 verbose cwd C:\Users\Janeth\Desktop\SOFTWARE DEV\SEMESTRE V\PDSEI\StockEasy
228 verbose os Windows_NT 10.0.19045
229 verbose node v20.17.0
230 verbose npm  v10.8.3
231 verbose exit 0
232 info ok
