0 verbose cli C:\Program Files\nodejs\node.exe C:\Users\Janeth\AppData\Roaming\npm\node_modules\npm\bin\npm-cli.js
1 info using npm@10.8.3
2 info using node@v20.17.0
3 silly config load:file:C:\Users\Janeth\AppData\Roaming\npm\node_modules\npm\npmrc
4 silly config load:file:C:\Users\Janeth\Desktop\SOFTWARE DEV\SEMESTRE V\PDSEI\StockEasy\.npmrc
5 silly config load:file:C:\Users\Janeth\.npmrc
6 silly config load:file:C:\Users\Janeth\AppData\Roaming\npm\etc\npmrc
7 verbose title npm exec husky-init
8 verbose argv "exec" "--" "husky-init"
9 verbose logfile logs-max:10 dir:C:\Users\Janeth\Desktop\SOFTWARE DEV\SEMESTRE V\PDSEI\StockEasy\Janeth\AppData\Data\Roaming\npm-cache\_logs\2024-12-03T19_16_20_613Z-
10 verbose logfile C:\Users\Janeth\Desktop\SOFTWARE DEV\SEMESTRE V\PDSEI\StockEasy\Janeth\AppData\Data\Roaming\npm-cache\_logs\2024-12-03T19_16_20_613Z-debug-0.log
11 silly logfile start cleaning logs, removing 1 files
12 silly logfile done cleaning log files
13 silly packumentCache heap:4345298944 maxSize:1086324736 maxEntrySize:543162368
14 http fetch GET 200 https://registry.npmjs.org/husky-init 974ms (cache miss)
15 silly packumentCache heap:4345298944 maxSize:1086324736 maxEntrySize:543162368
16 silly packumentCache heap:4345298944 maxSize:1086324736 maxEntrySize:543162368
17 silly idealTree buildDeps
18 silly fetch manifest husky-init@8.0.0
19 silly packumentCache full:https://registry.npmjs.org/husky-init cache-miss
20 http fetch GET 200 https://registry.npmjs.org/husky-init 227ms (cache miss)
21 silly packumentCache full:https://registry.npmjs.org/husky-init set size:undefined disposed:false
22 silly placeDep ROOT husky-init@8.0.0 OK for:  want: 8.0.0
23 silly fetch manifest husky@^8.0.0
24 silly packumentCache full:https://registry.npmjs.org/husky cache-miss
25 http fetch GET 200 https://registry.npmjs.org/husky 10ms (cache hit)
26 silly packumentCache full:https://registry.npmjs.org/husky set size:643630 disposed:false
27 silly placeDep ROOT husky@8.0.3 OK for: husky-init@8.0.0 want: ^8.0.0
28 silly reify moves {}
29 silly audit bulk request { 'husky-init': [ '8.0.0' ], husky: [ '8.0.3' ] }
30 silly tarball no local data for husky@https://registry.npmjs.org/husky/-/husky-8.0.3.tgz. Extracting by manifest.
31 silly tarball no local data for husky-init@https://registry.npmjs.org/husky-init/-/husky-init-8.0.0.tgz. Extracting by manifest.
32 http fetch GET 200 https://registry.npmjs.org/husky-init/-/husky-init-8.0.0.tgz 261ms (cache miss)
33 http fetch GET 200 https://registry.npmjs.org/husky/-/husky-8.0.3.tgz 285ms (cache miss)
34 http fetch POST 200 https://registry.npmjs.org/-/npm/v1/security/advisories/bulk 1018ms
35 silly audit report {}
36 verbose cwd C:\Users\Janeth\Desktop\SOFTWARE DEV\SEMESTRE V\PDSEI\StockEasy
37 verbose os Windows_NT 10.0.19045
38 verbose node v20.17.0
39 verbose npm  v10.8.3
40 verbose exit 0
41 info ok
