0 verbose cli C:\Program Files\nodejs\node.exe C:\Users\Janeth\AppData\Roaming\npm\node_modules\npm\bin\npm-cli.js
1 info using npm@10.8.3
2 info using node@v20.17.0
3 silly config load:file:C:\Users\Janeth\AppData\Roaming\npm\node_modules\npm\npmrc
4 silly config load:file:C:\Users\Janeth\Desktop\SOFTWARE DEV\SEMESTRE V\PDSEI\StockEasy\.npmrc
5 silly config load:file:C:\Users\Janeth\.npmrc
6 silly config load:file:C:\Users\Janeth\AppData\Roaming\npm\etc\npmrc
7 verbose title npm install
8 verbose argv "install"
9 verbose logfile logs-max:10 dir:C:\Users\Janeth\Desktop\SOFTWARE DEV\SEMESTRE V\PDSEI\StockEasy\Janeth\AppData\Data\Roaming\npm-cache\_logs\2024-10-28T16_50_15_554Z-
10 verbose logfile C:\Users\Janeth\Desktop\SOFTWARE DEV\SEMESTRE V\PDSEI\StockEasy\Janeth\AppData\Data\Roaming\npm-cache\_logs\2024-10-28T16_50_15_554Z-debug-0.log
11 silly packumentCache heap:4345298944 maxSize:1086324736 maxEntrySize:543162368
12 silly logfile done cleaning log files
13 silly idealTree buildDeps
14 silly reify moves {}
15 silly audit bulk request {
15 silly audit   '@alloc/quick-lru': [ '5.2.0' ],
15 silly audit   '@ampproject/remapping': [ '2.3.0' ],
15 silly audit   '@babel/code-frame': [ '7.25.7' ],
15 silly audit   '@babel/compat-data': [ '7.25.8' ],
15 silly audit   '@babel/core': [ '7.25.8' ],
15 silly audit   '@babel/generator': [ '7.25.7' ],
15 silly audit   '@babel/helper-compilation-targets': [ '7.25.7' ],
15 silly audit   '@babel/helper-module-imports': [ '7.25.7' ],
15 silly audit   '@babel/helper-module-transforms': [ '7.25.7' ],
15 silly audit   '@babel/helper-plugin-utils': [ '7.25.7' ],
15 silly audit   '@babel/helper-simple-access': [ '7.25.7' ],
15 silly audit   '@babel/helper-string-parser': [ '7.25.7' ],
15 silly audit   '@babel/helper-validator-identifier': [ '7.25.7' ],
15 silly audit   '@babel/helper-validator-option': [ '7.25.7' ],
15 silly audit   '@babel/helpers': [ '7.25.7' ],
15 silly audit   '@babel/highlight': [ '7.25.7' ],
15 silly audit   '@babel/parser': [ '7.25.8' ],
15 silly audit   '@babel/plugin-transform-react-jsx-self': [ '7.25.7' ],
15 silly audit   '@babel/plugin-transform-react-jsx-source': [ '7.25.7' ],
15 silly audit   '@babel/template': [ '7.25.7' ],
15 silly audit   '@babel/traverse': [ '7.25.7' ],
15 silly audit   globals: [ '11.12.0', '14.0.0', '15.11.0' ],
15 silly audit   '@babel/types': [ '7.25.8' ],
15 silly audit   '@esbuild/aix-ppc64': [ '0.21.5' ],
15 silly audit   '@esbuild/android-arm': [ '0.21.5' ],
15 silly audit   '@esbuild/android-arm64': [ '0.21.5' ],
15 silly audit   '@esbuild/android-x64': [ '0.21.5' ],
15 silly audit   '@esbuild/darwin-arm64': [ '0.21.5' ],
15 silly audit   '@esbuild/darwin-x64': [ '0.21.5' ],
15 silly audit   '@esbuild/freebsd-arm64': [ '0.21.5' ],
15 silly audit   '@esbuild/freebsd-x64': [ '0.21.5' ],
15 silly audit   '@esbuild/linux-arm': [ '0.21.5' ],
15 silly audit   '@esbuild/linux-arm64': [ '0.21.5' ],
15 silly audit   '@esbuild/linux-ia32': [ '0.21.5' ],
15 silly audit   '@esbuild/linux-loong64': [ '0.21.5' ],
15 silly audit   '@esbuild/linux-mips64el': [ '0.21.5' ],
15 silly audit   '@esbuild/linux-ppc64': [ '0.21.5' ],
15 silly audit   '@esbuild/linux-riscv64': [ '0.21.5' ],
15 silly audit   '@esbuild/linux-s390x': [ '0.21.5' ],
15 silly audit   '@esbuild/linux-x64': [ '0.21.5' ],
15 silly audit   '@esbuild/netbsd-x64': [ '0.21.5' ],
15 silly audit   '@esbuild/openbsd-x64': [ '0.21.5' ],
15 silly audit   '@esbuild/sunos-x64': [ '0.21.5' ],
15 silly audit   '@esbuild/win32-arm64': [ '0.21.5' ],
15 silly audit   '@esbuild/win32-ia32': [ '0.21.5' ],
15 silly audit   '@esbuild/win32-x64': [ '0.21.5' ],
15 silly audit   '@eslint-community/eslint-utils': [ '4.4.0' ],
15 silly audit   'eslint-visitor-keys': [ '3.4.3', '4.1.0' ],
15 silly audit   '@eslint-community/regexpp': [ '4.11.1' ],
15 silly audit   '@eslint/config-array': [ '0.18.0' ],
15 silly audit   '@eslint/core': [ '0.7.0' ],
15 silly audit   '@eslint/eslintrc': [ '3.1.0' ],
15 silly audit   '@eslint/js': [ '9.13.0' ],
15 silly audit   '@eslint/object-schema': [ '2.1.4' ],
15 silly audit   '@eslint/plugin-kit': [ '0.2.1' ],
15 silly audit   '@floating-ui/core': [ '1.6.8' ],
15 silly audit   '@floating-ui/dom': [ '1.6.11' ],
15 silly audit   '@floating-ui/utils': [ '0.2.8' ],
15 silly audit   '@humanfs/core': [ '0.19.0' ],
15 silly audit   '@humanfs/node': [ '0.16.5' ],
15 silly audit   '@humanwhocodes/module-importer': [ '1.0.1' ],
15 silly audit   '@humanwhocodes/retry': [ '0.3.1' ],
15 silly audit   '@isaacs/cliui': [ '8.0.2' ],
15 silly audit   '@jridgewell/gen-mapping': [ '0.3.5' ],
15 silly audit   '@jridgewell/resolve-uri': [ '3.1.2' ],
15 silly audit   '@jridgewell/set-array': [ '1.2.1' ],
15 silly audit   '@jridgewell/sourcemap-codec': [ '1.5.0' ],
15 silly audit   '@jridgewell/trace-mapping': [ '0.3.25' ],
15 silly audit   '@kurkle/color': [ '0.3.2' ],
15 silly audit   '@nodelib/fs.scandir': [ '2.1.5' ],
15 silly audit   '@nodelib/fs.stat': [ '2.0.5' ],
15 silly audit   '@nodelib/fs.walk': [ '1.2.8' ],
15 silly audit   '@pkgjs/parseargs': [ '0.11.0' ],
15 silly audit   '@remix-run/router': [ '1.20.0' ],
15 silly audit   '@rollup/rollup-android-arm-eabi': [ '4.24.0' ],
15 silly audit   '@rollup/rollup-android-arm64': [ '4.24.0' ],
15 silly audit   '@rollup/rollup-darwin-arm64': [ '4.24.0' ],
15 silly audit   '@rollup/rollup-darwin-x64': [ '4.24.0' ],
15 silly audit   '@rollup/rollup-linux-arm-gnueabihf': [ '4.24.0' ],
15 silly audit   '@rollup/rollup-linux-arm-musleabihf': [ '4.24.0' ],
15 silly audit   '@rollup/rollup-linux-arm64-gnu': [ '4.24.0' ],
15 silly audit   '@rollup/rollup-linux-arm64-musl': [ '4.24.0' ],
15 silly audit   '@rollup/rollup-linux-powerpc64le-gnu': [ '4.24.0' ],
15 silly audit   '@rollup/rollup-linux-riscv64-gnu': [ '4.24.0' ],
15 silly audit   '@rollup/rollup-linux-s390x-gnu': [ '4.24.0' ],
15 silly audit   '@rollup/rollup-linux-x64-gnu': [ '4.24.0' ],
15 silly audit   '@rollup/rollup-linux-x64-musl': [ '4.24.0' ],
15 silly audit   '@rollup/rollup-win32-arm64-msvc': [ '4.24.0' ],
15 silly audit   '@rollup/rollup-win32-ia32-msvc': [ '4.24.0' ],
15 silly audit   '@rollup/rollup-win32-x64-msvc': [ '4.24.0' ],
15 silly audit   '@supabase/auth-js': [ '2.65.1' ],
15 silly audit   '@supabase/functions-js': [ '2.4.3' ],
15 silly audit   '@supabase/node-fetch': [ '2.6.15' ],
15 silly audit   '@supabase/postgrest-js': [ '1.16.3' ],
15 silly audit   '@supabase/realtime-js': [ '2.10.7' ],
15 silly audit   '@supabase/storage-js': [ '2.7.1' ],
15 silly audit   '@supabase/supabase-js': [ '2.45.6' ],
15 silly audit   '@tailwindcss/typography': [ '0.5.15' ],
15 silly audit   '@types/babel__core': [ '7.20.5' ],
15 silly audit   '@types/babel__generator': [ '7.6.8' ],
15 silly audit   '@types/babel__template': [ '7.4.4' ],
15 silly audit   '@types/babel__traverse': [ '7.20.6' ],
15 silly audit   '@types/estree': [ '1.0.6' ],
15 silly audit   '@types/json-schema': [ '7.0.15' ],
15 silly audit   '@types/node': [ '22.7.8' ],
15 silly audit   '@types/phoenix': [ '1.6.5' ],
15 silly audit   '@types/prop-types': [ '15.7.13' ],
15 silly audit   '@types/react': [ '18.3.11' ],
15 silly audit   '@types/react-dom': [ '18.3.1' ],
15 silly audit   '@types/ws': [ '8.5.12' ],
15 silly audit   '@typescript-eslint/eslint-plugin': [ '8.11.0' ],
15 silly audit   '@typescript-eslint/parser': [ '8.11.0' ],
15 silly audit   '@typescript-eslint/scope-manager': [ '8.11.0' ],
15 silly audit   '@typescript-eslint/type-utils': [ '8.11.0' ],
15 silly audit   '@typescript-eslint/types': [ '8.11.0' ],
15 silly audit   '@typescript-eslint/typescript-estree': [ '8.11.0' ],
15 silly audit   'brace-expansion': [ '2.0.1', '1.1.11' ],
15 silly audit   minimatch: [ '9.0.5', '3.1.2' ],
15 silly audit   semver: [ '7.6.3', '6.3.1' ],
15 silly audit   '@typescript-eslint/utils': [ '8.11.0' ],
15 silly audit   '@typescript-eslint/visitor-keys': [ '8.11.0' ],
15 silly audit   '@vitejs/plugin-react': [ '4.3.3' ],
15 silly audit   acorn: [ '8.13.0' ],
15 silly audit   'acorn-jsx': [ '5.3.2' ],
15 silly audit   ajv: [ '6.12.6' ],
15 silly audit   'ansi-regex': [ '6.1.0', '5.0.1' ],
15 silly audit   'ansi-styles': [ '3.2.1', '4.3.0', '6.2.1' ],
15 silly audit   'any-promise': [ '1.3.0' ],
15 silly audit   anymatch: [ '3.1.3' ],
15 silly audit   arg: [ '5.0.2' ],
15 silly audit   argparse: [ '2.0.1' ],
15 silly audit   autoprefixer: [ '10.4.20' ],
15 silly audit   'balanced-match': [ '1.0.2' ],
15 silly audit   'binary-extensions': [ '2.3.0' ],
15 silly audit   braces: [ '3.0.3' ],
15 silly audit   browserslist: [ '4.24.2' ],
15 silly audit   callsites: [ '3.1.0' ],
15 silly audit   'camelcase-css': [ '2.0.1' ],
15 silly audit   'caniuse-lite': [ '1.0.30001669' ],
15 silly audit   chalk: [ '2.4.2', '4.1.2' ],
15 silly audit   'chart.js': [ '4.4.5' ],
15 silly audit   chokidar: [ '3.6.0' ],
15 silly audit   'glob-parent': [ '5.1.2', '6.0.2' ],
15 silly audit   classnames: [ '2.5.1' ],
15 silly audit   clsx: [ '2.1.1' ],
15 silly audit   'color-convert': [ '1.9.3', '2.0.1' ],
15 silly audit   'color-name': [ '1.1.3', '1.1.4' ],
15 silly audit   commander: [ '4.1.1' ],
15 silly audit   'concat-map': [ '0.0.1' ],
15 silly audit   'convert-source-map': [ '2.0.0' ],
15 silly audit   'cross-spawn': [ '7.0.3' ],
15 silly audit   cssesc: [ '3.0.0' ],
15 silly audit   csstype: [ '3.1.3' ],
15 silly audit   debug: [ '4.3.7' ],
15 silly audit   'deep-is': [ '0.1.4' ],
15 silly audit   didyoumean: [ '1.2.2' ],
15 silly audit   dlv: [ '1.1.3' ],
15 silly audit   eastasianwidth: [ '0.2.0' ],
15 silly audit   'electron-to-chromium': [ '1.5.41' ],
15 silly audit   'emoji-regex': [ '9.2.2', '8.0.0' ],
15 silly audit   esbuild: [ '0.21.5' ],
15 silly audit   escalade: [ '3.2.0' ],
15 silly audit   'escape-string-regexp': [ '1.0.5', '4.0.0' ],
15 silly audit   eslint: [ '9.13.0' ],
15 silly audit   'eslint-plugin-react-hooks': [ '5.1.0-rc-fb9a90fa48-20240614' ],
15 silly audit   'eslint-plugin-react-refresh': [ '0.4.13' ],
15 silly audit   'eslint-scope': [ '8.1.0' ],
15 silly audit   'has-flag': [ '4.0.0', '3.0.0' ],
15 silly audit   'supports-color': [ '7.2.0', '5.5.0' ],
15 silly audit   espree: [ '10.2.0' ],
15 silly audit   esquery: [ '1.6.0' ],
15 silly audit   esrecurse: [ '4.3.0' ],
15 silly audit   estraverse: [ '5.3.0' ],
15 silly audit   esutils: [ '2.0.3' ],
15 silly audit   'fast-deep-equal': [ '3.1.3' ],
15 silly audit   'fast-glob': [ '3.3.2' ],
15 silly audit   'fast-json-stable-stringify': [ '2.1.0' ],
15 silly audit   'fast-levenshtein': [ '2.0.6' ],
15 silly audit   fastq: [ '1.17.1' ],
15 silly audit   'file-entry-cache': [ '8.0.0' ],
15 silly audit   'fill-range': [ '7.1.1' ],
15 silly audit   'find-up': [ '5.0.0' ],
15 silly audit   'flat-cache': [ '4.0.1' ],
15 silly audit   flatted: [ '3.3.1' ],
15 silly audit   'foreground-child': [ '3.3.0' ],
15 silly audit   'fraction.js': [ '4.3.7' ],
15 silly audit   fsevents: [ '2.3.3' ],
15 silly audit   'function-bind': [ '1.1.2' ],
15 silly audit   gensync: [ '1.0.0-beta.2' ],
15 silly audit   glob: [ '10.4.5' ],
15 silly audit   graphemer: [ '1.4.0' ],
15 silly audit   hasown: [ '2.0.2' ],
15 silly audit   ignore: [ '5.3.2' ],
15 silly audit   'import-fresh': [ '3.3.0' ],
15 silly audit   imurmurhash: [ '0.1.4' ],
15 silly audit   'is-binary-path': [ '2.1.0' ],
15 silly audit   'is-core-module': [ '2.15.1' ],
15 silly audit   'is-extglob': [ '2.1.1' ],
15 silly audit   'is-fullwidth-code-point': [ '3.0.0' ],
15 silly audit   'is-glob': [ '4.0.3' ],
15 silly audit   'is-number': [ '7.0.0' ],
15 silly audit   isexe: [ '2.0.0' ],
15 silly audit   jackspeak: [ '3.4.3' ],
15 silly audit   jiti: [ '1.21.6' ],
15 silly audit   'js-tokens': [ '4.0.0' ],
15 silly audit   'js-yaml': [ '4.1.0' ],
15 silly audit   jsesc: [ '3.0.2' ],
15 silly audit   'json-buffer': [ '3.0.1' ],
15 silly audit   'json-schema-traverse': [ '0.4.1' ],
15 silly audit   'json-stable-stringify-without-jsonify': [ '1.0.1' ],
15 silly audit   json5: [ '2.2.3' ],
15 silly audit   keyv: [ '4.5.4' ],
15 silly audit   levn: [ '0.4.1' ],
15 silly audit   lilconfig: [ '2.1.0', '3.1.2' ],
15 silly audit   'lines-and-columns': [ '1.2.4' ],
15 silly audit   'locate-path': [ '6.0.0' ],
15 silly audit   'lodash.castarray': [ '4.4.0' ],
15 silly audit   'lodash.isplainobject': [ '4.0.6' ],
15 silly audit   'lodash.merge': [ '4.6.2' ],
15 silly audit   'loose-envify': [ '1.4.0' ],
15 silly audit   'lru-cache': [ '5.1.1', '10.4.3' ],
15 silly audit   'lucide-react': [ '0.344.0' ],
15 silly audit   merge2: [ '1.4.1' ],
15 silly audit   micromatch: [ '4.0.8' ],
15 silly audit   minipass: [ '7.1.2' ],
15 silly audit   ms: [ '2.1.3' ],
15 silly audit   mz: [ '2.7.0' ],
15 silly audit   nanoid: [ '3.3.7' ],
15 silly audit   'natural-compare': [ '1.4.0' ],
15 silly audit   'node-releases': [ '2.0.18' ],
15 silly audit   'normalize-path': [ '3.0.0' ],
15 silly audit   'normalize-range': [ '0.1.2' ],
15 silly audit   'object-assign': [ '4.1.1' ],
15 silly audit   'object-hash': [ '3.0.0' ],
15 silly audit   optionator: [ '0.9.4' ],
15 silly audit   'p-limit': [ '3.1.0' ],
15 silly audit   'p-locate': [ '5.0.0' ],
15 silly audit   'package-json-from-dist': [ '1.0.1' ],
15 silly audit   'parent-module': [ '1.0.1' ],
15 silly audit   'path-exists': [ '4.0.0' ],
15 silly audit   'path-key': [ '3.1.1' ],
15 silly audit   'path-parse': [ '1.0.7' ],
15 silly audit   'path-scurry': [ '1.11.1' ],
15 silly audit   picocolors: [ '1.1.1' ],
15 silly audit   picomatch: [ '2.3.1' ],
15 silly audit   pify: [ '2.3.0' ],
15 silly audit   pirates: [ '4.0.6' ],
15 silly audit   postcss: [ '8.4.47' ],
15 silly audit   'postcss-import': [ '15.1.0' ],
15 silly audit   'postcss-js': [ '4.0.1' ],
15 silly audit   'postcss-load-config': [ '4.0.2' ],
15 silly audit   'postcss-nested': [ '6.2.0' ],
15 silly audit   'postcss-selector-parser': [ '6.1.2', '6.0.10' ],
15 silly audit   'postcss-value-parser': [ '4.2.0' ],
15 silly audit   'prelude-ls': [ '1.2.1' ],
15 silly audit   punycode: [ '2.3.1' ],
15 silly audit   'queue-microtask': [ '1.2.3' ],
15 silly audit   react: [ '18.3.1' ],
15 silly audit   'react-chartjs-2': [ '5.2.0' ],
15 silly audit   'react-dom': [ '18.3.1' ],
15 silly audit   'react-refresh': [ '0.14.2' ],
15 silly audit   'react-router': [ '6.27.0' ],
15 silly audit   'react-router-dom': [ '6.27.0' ],
15 silly audit   'react-toastify': [ '10.0.6' ],
15 silly audit   'react-tooltip': [ '5.28.0' ],
15 silly audit   'read-cache': [ '1.0.0' ],
15 silly audit   readdirp: [ '3.6.0' ],
15 silly audit   resolve: [ '1.22.8' ],
15 silly audit   'resolve-from': [ '4.0.0' ],
15 silly audit   reusify: [ '1.0.4' ],
15 silly audit   rollup: [ '4.24.0' ],
15 silly audit   'run-parallel': [ '1.2.0' ],
15 silly audit   scheduler: [ '0.23.2' ],
15 silly audit   'shebang-command': [ '2.0.0' ],
15 silly audit   'shebang-regex': [ '3.0.0' ],
15 silly audit   'signal-exit': [ '4.1.0' ],
15 silly audit   'source-map-js': [ '1.2.1' ],
15 silly audit   'string-width': [ '5.1.2', '4.2.3' ],
15 silly audit   'strip-ansi': [ '6.0.1', '7.1.0' ],
15 silly audit   'strip-json-comments': [ '3.1.1' ],
15 silly audit   sucrase: [ '3.35.0' ],
15 silly audit   'supports-preserve-symlinks-flag': [ '1.0.0' ],
15 silly audit   tailwindcss: [ '3.4.14' ],
15 silly audit   'text-table': [ '0.2.0' ],
15 silly audit   thenify: [ '3.3.1' ],
15 silly audit   'thenify-all': [ '1.6.0' ],
15 silly audit   'to-fast-properties': [ '2.0.0' ],
15 silly audit   'to-regex-range': [ '5.0.1' ],
15 silly audit   tr46: [ '0.0.3' ],
15 silly audit   'ts-api-utils': [ '1.3.0' ],
15 silly audit   'ts-interface-checker': [ '0.1.13' ],
15 silly audit   'type-check': [ '0.4.0' ],
15 silly audit   typescript: [ '5.6.3' ],
15 silly audit   'typescript-eslint': [ '8.11.0' ],
15 silly audit   'undici-types': [ '6.19.8' ],
15 silly audit   'update-browserslist-db': [ '1.1.1' ],
15 silly audit   'uri-js': [ '4.4.1' ],
15 silly audit   'util-deprecate': [ '1.0.2' ],
15 silly audit   vite: [ '5.4.9' ],
15 silly audit   'webidl-conversions': [ '3.0.1' ],
15 silly audit   'whatwg-url': [ '5.0.0' ],
15 silly audit   which: [ '2.0.2' ],
15 silly audit   'word-wrap': [ '1.2.5' ],
15 silly audit   'wrap-ansi': [ '8.1.0', '7.0.0' ],
15 silly audit   ws: [ '8.18.0' ],
15 silly audit   yallist: [ '3.1.1' ],
15 silly audit   yaml: [ '2.6.0' ],
15 silly audit   'yocto-queue': [ '0.1.0' ]
15 silly audit }
16 verbose reify failed optional dependency C:\Users\Janeth\Desktop\SOFTWARE DEV\SEMESTRE V\PDSEI\StockEasy\node_modules\fsevents
17 silly reify mark deleted [
17 silly reify   'C:\\Users\\Janeth\\Desktop\\SOFTWARE DEV\\SEMESTRE V\\PDSEI\\StockEasy\\node_modules\\fsevents'
17 silly reify ]
18 verbose reify failed optional dependency C:\Users\Janeth\Desktop\SOFTWARE DEV\SEMESTRE V\PDSEI\StockEasy\node_modules\@rollup\rollup-win32-ia32-msvc
19 silly reify mark deleted [
19 silly reify   'C:\\Users\\Janeth\\Desktop\\SOFTWARE DEV\\SEMESTRE V\\PDSEI\\StockEasy\\node_modules\\@rollup\\rollup-win32-ia32-msvc'
19 silly reify ]
20 verbose reify failed optional dependency C:\Users\Janeth\Desktop\SOFTWARE DEV\SEMESTRE V\PDSEI\StockEasy\node_modules\@rollup\rollup-win32-arm64-msvc
21 silly reify mark deleted [
21 silly reify   'C:\\Users\\Janeth\\Desktop\\SOFTWARE DEV\\SEMESTRE V\\PDSEI\\StockEasy\\node_modules\\@rollup\\rollup-win32-arm64-msvc'
21 silly reify ]
22 verbose reify failed optional dependency C:\Users\Janeth\Desktop\SOFTWARE DEV\SEMESTRE V\PDSEI\StockEasy\node_modules\@rollup\rollup-linux-x64-musl
23 silly reify mark deleted [
23 silly reify   'C:\\Users\\Janeth\\Desktop\\SOFTWARE DEV\\SEMESTRE V\\PDSEI\\StockEasy\\node_modules\\@rollup\\rollup-linux-x64-musl'
23 silly reify ]
24 verbose reify failed optional dependency C:\Users\Janeth\Desktop\SOFTWARE DEV\SEMESTRE V\PDSEI\StockEasy\node_modules\@rollup\rollup-linux-x64-gnu
25 silly reify mark deleted [
25 silly reify   'C:\\Users\\Janeth\\Desktop\\SOFTWARE DEV\\SEMESTRE V\\PDSEI\\StockEasy\\node_modules\\@rollup\\rollup-linux-x64-gnu'
25 silly reify ]
26 verbose reify failed optional dependency C:\Users\Janeth\Desktop\SOFTWARE DEV\SEMESTRE V\PDSEI\StockEasy\node_modules\@rollup\rollup-linux-s390x-gnu
27 silly reify mark deleted [
27 silly reify   'C:\\Users\\Janeth\\Desktop\\SOFTWARE DEV\\SEMESTRE V\\PDSEI\\StockEasy\\node_modules\\@rollup\\rollup-linux-s390x-gnu'
27 silly reify ]
28 verbose reify failed optional dependency C:\Users\Janeth\Desktop\SOFTWARE DEV\SEMESTRE V\PDSEI\StockEasy\node_modules\@rollup\rollup-linux-riscv64-gnu
29 silly reify mark deleted [
29 silly reify   'C:\\Users\\Janeth\\Desktop\\SOFTWARE DEV\\SEMESTRE V\\PDSEI\\StockEasy\\node_modules\\@rollup\\rollup-linux-riscv64-gnu'
29 silly reify ]
30 verbose reify failed optional dependency C:\Users\Janeth\Desktop\SOFTWARE DEV\SEMESTRE V\PDSEI\StockEasy\node_modules\@rollup\rollup-linux-powerpc64le-gnu
31 silly reify mark deleted [
31 silly reify   'C:\\Users\\Janeth\\Desktop\\SOFTWARE DEV\\SEMESTRE V\\PDSEI\\StockEasy\\node_modules\\@rollup\\rollup-linux-powerpc64le-gnu'
31 silly reify ]
32 verbose reify failed optional dependency C:\Users\Janeth\Desktop\SOFTWARE DEV\SEMESTRE V\PDSEI\StockEasy\node_modules\@rollup\rollup-linux-arm64-musl
33 silly reify mark deleted [
33 silly reify   'C:\\Users\\Janeth\\Desktop\\SOFTWARE DEV\\SEMESTRE V\\PDSEI\\StockEasy\\node_modules\\@rollup\\rollup-linux-arm64-musl'
33 silly reify ]
34 verbose reify failed optional dependency C:\Users\Janeth\Desktop\SOFTWARE DEV\SEMESTRE V\PDSEI\StockEasy\node_modules\@rollup\rollup-linux-arm64-gnu
35 silly reify mark deleted [
35 silly reify   'C:\\Users\\Janeth\\Desktop\\SOFTWARE DEV\\SEMESTRE V\\PDSEI\\StockEasy\\node_modules\\@rollup\\rollup-linux-arm64-gnu'
35 silly reify ]
36 verbose reify failed optional dependency C:\Users\Janeth\Desktop\SOFTWARE DEV\SEMESTRE V\PDSEI\StockEasy\node_modules\@rollup\rollup-linux-arm-musleabihf
37 silly reify mark deleted [
37 silly reify   'C:\\Users\\Janeth\\Desktop\\SOFTWARE DEV\\SEMESTRE V\\PDSEI\\StockEasy\\node_modules\\@rollup\\rollup-linux-arm-musleabihf'
37 silly reify ]
38 verbose reify failed optional dependency C:\Users\Janeth\Desktop\SOFTWARE DEV\SEMESTRE V\PDSEI\StockEasy\node_modules\@rollup\rollup-linux-arm-gnueabihf
39 silly reify mark deleted [
39 silly reify   'C:\\Users\\Janeth\\Desktop\\SOFTWARE DEV\\SEMESTRE V\\PDSEI\\StockEasy\\node_modules\\@rollup\\rollup-linux-arm-gnueabihf'
39 silly reify ]
40 verbose reify failed optional dependency C:\Users\Janeth\Desktop\SOFTWARE DEV\SEMESTRE V\PDSEI\StockEasy\node_modules\@rollup\rollup-darwin-x64
41 silly reify mark deleted [
41 silly reify   'C:\\Users\\Janeth\\Desktop\\SOFTWARE DEV\\SEMESTRE V\\PDSEI\\StockEasy\\node_modules\\@rollup\\rollup-darwin-x64'
41 silly reify ]
42 verbose reify failed optional dependency C:\Users\Janeth\Desktop\SOFTWARE DEV\SEMESTRE V\PDSEI\StockEasy\node_modules\@rollup\rollup-darwin-arm64
43 silly reify mark deleted [
43 silly reify   'C:\\Users\\Janeth\\Desktop\\SOFTWARE DEV\\SEMESTRE V\\PDSEI\\StockEasy\\node_modules\\@rollup\\rollup-darwin-arm64'
43 silly reify ]
44 verbose reify failed optional dependency C:\Users\Janeth\Desktop\SOFTWARE DEV\SEMESTRE V\PDSEI\StockEasy\node_modules\@rollup\rollup-android-arm64
45 silly reify mark deleted [
45 silly reify   'C:\\Users\\Janeth\\Desktop\\SOFTWARE DEV\\SEMESTRE V\\PDSEI\\StockEasy\\node_modules\\@rollup\\rollup-android-arm64'
45 silly reify ]
46 verbose reify failed optional dependency C:\Users\Janeth\Desktop\SOFTWARE DEV\SEMESTRE V\PDSEI\StockEasy\node_modules\@rollup\rollup-android-arm-eabi
47 silly reify mark deleted [
47 silly reify   'C:\\Users\\Janeth\\Desktop\\SOFTWARE DEV\\SEMESTRE V\\PDSEI\\StockEasy\\node_modules\\@rollup\\rollup-android-arm-eabi'
47 silly reify ]
48 verbose reify failed optional dependency C:\Users\Janeth\Desktop\SOFTWARE DEV\SEMESTRE V\PDSEI\StockEasy\node_modules\@esbuild\win32-ia32
49 silly reify mark deleted [
49 silly reify   'C:\\Users\\Janeth\\Desktop\\SOFTWARE DEV\\SEMESTRE V\\PDSEI\\StockEasy\\node_modules\\@esbuild\\win32-ia32'
49 silly reify ]
50 verbose reify failed optional dependency C:\Users\Janeth\Desktop\SOFTWARE DEV\SEMESTRE V\PDSEI\StockEasy\node_modules\@esbuild\win32-arm64
51 silly reify mark deleted [
51 silly reify   'C:\\Users\\Janeth\\Desktop\\SOFTWARE DEV\\SEMESTRE V\\PDSEI\\StockEasy\\node_modules\\@esbuild\\win32-arm64'
51 silly reify ]
52 verbose reify failed optional dependency C:\Users\Janeth\Desktop\SOFTWARE DEV\SEMESTRE V\PDSEI\StockEasy\node_modules\@esbuild\sunos-x64
53 silly reify mark deleted [
53 silly reify   'C:\\Users\\Janeth\\Desktop\\SOFTWARE DEV\\SEMESTRE V\\PDSEI\\StockEasy\\node_modules\\@esbuild\\sunos-x64'
53 silly reify ]
54 verbose reify failed optional dependency C:\Users\Janeth\Desktop\SOFTWARE DEV\SEMESTRE V\PDSEI\StockEasy\node_modules\@esbuild\openbsd-x64
55 silly reify mark deleted [
55 silly reify   'C:\\Users\\Janeth\\Desktop\\SOFTWARE DEV\\SEMESTRE V\\PDSEI\\StockEasy\\node_modules\\@esbuild\\openbsd-x64'
55 silly reify ]
56 verbose reify failed optional dependency C:\Users\Janeth\Desktop\SOFTWARE DEV\SEMESTRE V\PDSEI\StockEasy\node_modules\@esbuild\netbsd-x64
57 silly reify mark deleted [
57 silly reify   'C:\\Users\\Janeth\\Desktop\\SOFTWARE DEV\\SEMESTRE V\\PDSEI\\StockEasy\\node_modules\\@esbuild\\netbsd-x64'
57 silly reify ]
58 verbose reify failed optional dependency C:\Users\Janeth\Desktop\SOFTWARE DEV\SEMESTRE V\PDSEI\StockEasy\node_modules\@esbuild\linux-x64
59 silly reify mark deleted [
59 silly reify   'C:\\Users\\Janeth\\Desktop\\SOFTWARE DEV\\SEMESTRE V\\PDSEI\\StockEasy\\node_modules\\@esbuild\\linux-x64'
59 silly reify ]
60 verbose reify failed optional dependency C:\Users\Janeth\Desktop\SOFTWARE DEV\SEMESTRE V\PDSEI\StockEasy\node_modules\@esbuild\linux-s390x
61 silly reify mark deleted [
61 silly reify   'C:\\Users\\Janeth\\Desktop\\SOFTWARE DEV\\SEMESTRE V\\PDSEI\\StockEasy\\node_modules\\@esbuild\\linux-s390x'
61 silly reify ]
62 verbose reify failed optional dependency C:\Users\Janeth\Desktop\SOFTWARE DEV\SEMESTRE V\PDSEI\StockEasy\node_modules\@esbuild\linux-riscv64
63 silly reify mark deleted [
63 silly reify   'C:\\Users\\Janeth\\Desktop\\SOFTWARE DEV\\SEMESTRE V\\PDSEI\\StockEasy\\node_modules\\@esbuild\\linux-riscv64'
63 silly reify ]
64 verbose reify failed optional dependency C:\Users\Janeth\Desktop\SOFTWARE DEV\SEMESTRE V\PDSEI\StockEasy\node_modules\@esbuild\linux-ppc64
65 silly reify mark deleted [
65 silly reify   'C:\\Users\\Janeth\\Desktop\\SOFTWARE DEV\\SEMESTRE V\\PDSEI\\StockEasy\\node_modules\\@esbuild\\linux-ppc64'
65 silly reify ]
66 verbose reify failed optional dependency C:\Users\Janeth\Desktop\SOFTWARE DEV\SEMESTRE V\PDSEI\StockEasy\node_modules\@esbuild\linux-mips64el
67 silly reify mark deleted [
67 silly reify   'C:\\Users\\Janeth\\Desktop\\SOFTWARE DEV\\SEMESTRE V\\PDSEI\\StockEasy\\node_modules\\@esbuild\\linux-mips64el'
67 silly reify ]
68 verbose reify failed optional dependency C:\Users\Janeth\Desktop\SOFTWARE DEV\SEMESTRE V\PDSEI\StockEasy\node_modules\@esbuild\linux-loong64
69 silly reify mark deleted [
69 silly reify   'C:\\Users\\Janeth\\Desktop\\SOFTWARE DEV\\SEMESTRE V\\PDSEI\\StockEasy\\node_modules\\@esbuild\\linux-loong64'
69 silly reify ]
70 verbose reify failed optional dependency C:\Users\Janeth\Desktop\SOFTWARE DEV\SEMESTRE V\PDSEI\StockEasy\node_modules\@esbuild\linux-ia32
71 silly reify mark deleted [
71 silly reify   'C:\\Users\\Janeth\\Desktop\\SOFTWARE DEV\\SEMESTRE V\\PDSEI\\StockEasy\\node_modules\\@esbuild\\linux-ia32'
71 silly reify ]
72 verbose reify failed optional dependency C:\Users\Janeth\Desktop\SOFTWARE DEV\SEMESTRE V\PDSEI\StockEasy\node_modules\@esbuild\linux-arm64
73 silly reify mark deleted [
73 silly reify   'C:\\Users\\Janeth\\Desktop\\SOFTWARE DEV\\SEMESTRE V\\PDSEI\\StockEasy\\node_modules\\@esbuild\\linux-arm64'
73 silly reify ]
74 verbose reify failed optional dependency C:\Users\Janeth\Desktop\SOFTWARE DEV\SEMESTRE V\PDSEI\StockEasy\node_modules\@esbuild\linux-arm
75 silly reify mark deleted [
75 silly reify   'C:\\Users\\Janeth\\Desktop\\SOFTWARE DEV\\SEMESTRE V\\PDSEI\\StockEasy\\node_modules\\@esbuild\\linux-arm'
75 silly reify ]
76 verbose reify failed optional dependency C:\Users\Janeth\Desktop\SOFTWARE DEV\SEMESTRE V\PDSEI\StockEasy\node_modules\@esbuild\freebsd-x64
77 silly reify mark deleted [
77 silly reify   'C:\\Users\\Janeth\\Desktop\\SOFTWARE DEV\\SEMESTRE V\\PDSEI\\StockEasy\\node_modules\\@esbuild\\freebsd-x64'
77 silly reify ]
78 verbose reify failed optional dependency C:\Users\Janeth\Desktop\SOFTWARE DEV\SEMESTRE V\PDSEI\StockEasy\node_modules\@esbuild\freebsd-arm64
79 silly reify mark deleted [
79 silly reify   'C:\\Users\\Janeth\\Desktop\\SOFTWARE DEV\\SEMESTRE V\\PDSEI\\StockEasy\\node_modules\\@esbuild\\freebsd-arm64'
79 silly reify ]
80 verbose reify failed optional dependency C:\Users\Janeth\Desktop\SOFTWARE DEV\SEMESTRE V\PDSEI\StockEasy\node_modules\@esbuild\darwin-x64
81 silly reify mark deleted [
81 silly reify   'C:\\Users\\Janeth\\Desktop\\SOFTWARE DEV\\SEMESTRE V\\PDSEI\\StockEasy\\node_modules\\@esbuild\\darwin-x64'
81 silly reify ]
82 verbose reify failed optional dependency C:\Users\Janeth\Desktop\SOFTWARE DEV\SEMESTRE V\PDSEI\StockEasy\node_modules\@esbuild\darwin-arm64
83 silly reify mark deleted [
83 silly reify   'C:\\Users\\Janeth\\Desktop\\SOFTWARE DEV\\SEMESTRE V\\PDSEI\\StockEasy\\node_modules\\@esbuild\\darwin-arm64'
83 silly reify ]
84 verbose reify failed optional dependency C:\Users\Janeth\Desktop\SOFTWARE DEV\SEMESTRE V\PDSEI\StockEasy\node_modules\@esbuild\android-x64
85 silly reify mark deleted [
85 silly reify   'C:\\Users\\Janeth\\Desktop\\SOFTWARE DEV\\SEMESTRE V\\PDSEI\\StockEasy\\node_modules\\@esbuild\\android-x64'
85 silly reify ]
86 verbose reify failed optional dependency C:\Users\Janeth\Desktop\SOFTWARE DEV\SEMESTRE V\PDSEI\StockEasy\node_modules\@esbuild\android-arm64
87 silly reify mark deleted [
87 silly reify   'C:\\Users\\Janeth\\Desktop\\SOFTWARE DEV\\SEMESTRE V\\PDSEI\\StockEasy\\node_modules\\@esbuild\\android-arm64'
87 silly reify ]
88 verbose reify failed optional dependency C:\Users\Janeth\Desktop\SOFTWARE DEV\SEMESTRE V\PDSEI\StockEasy\node_modules\@esbuild\android-arm
89 silly reify mark deleted [
89 silly reify   'C:\\Users\\Janeth\\Desktop\\SOFTWARE DEV\\SEMESTRE V\\PDSEI\\StockEasy\\node_modules\\@esbuild\\android-arm'
89 silly reify ]
90 verbose reify failed optional dependency C:\Users\Janeth\Desktop\SOFTWARE DEV\SEMESTRE V\PDSEI\StockEasy\node_modules\@esbuild\aix-ppc64
91 silly reify mark deleted [
91 silly reify   'C:\\Users\\Janeth\\Desktop\\SOFTWARE DEV\\SEMESTRE V\\PDSEI\\StockEasy\\node_modules\\@esbuild\\aix-ppc64'
91 silly reify ]
92 silly tarball no local data for yaml@https://registry.npmjs.org/yaml/-/yaml-2.6.0.tgz. Extracting by manifest.
93 silly tarball no local data for yallist@https://registry.npmjs.org/yallist/-/yallist-3.1.1.tgz. Extracting by manifest.
94 silly tarball no local data for vite@https://registry.npmjs.org/vite/-/vite-5.4.9.tgz. Extracting by manifest.
95 silly tarball no local data for update-browserslist-db@https://registry.npmjs.org/update-browserslist-db/-/update-browserslist-db-1.1.1.tgz. Extracting by manifest.
96 silly tarball no local data for typescript-eslint@https://registry.npmjs.org/typescript-eslint/-/typescript-eslint-8.11.0.tgz. Extracting by manifest.
97 silly tarball no local data for typescript@https://registry.npmjs.org/typescript/-/typescript-5.6.3.tgz. Extracting by manifest.
98 silly tarball no local data for to-fast-properties@https://registry.npmjs.org/to-fast-properties/-/to-fast-properties-2.0.0.tgz. Extracting by manifest.
99 silly tarball no local data for tailwindcss@https://registry.npmjs.org/tailwindcss/-/tailwindcss-3.4.14.tgz. Extracting by manifest.
100 silly tarball no local data for supports-color@https://registry.npmjs.org/supports-color/-/supports-color-5.5.0.tgz. Extracting by manifest.
101 silly tarball no local data for rollup@https://registry.npmjs.org/rollup/-/rollup-4.24.0.tgz. Extracting by manifest.
102 silly tarball no local data for react-tooltip@https://registry.npmjs.org/react-tooltip/-/react-tooltip-5.28.0.tgz. Extracting by manifest.
103 silly tarball no local data for react-toastify@https://registry.npmjs.org/react-toastify/-/react-toastify-10.0.6.tgz. Extracting by manifest.
104 silly tarball no local data for react-router-dom@https://registry.npmjs.org/react-router-dom/-/react-router-dom-6.27.0.tgz. Extracting by manifest.
105 silly tarball no local data for react-refresh@https://registry.npmjs.org/react-refresh/-/react-refresh-0.14.2.tgz. Extracting by manifest.
106 silly tarball no local data for react-chartjs-2@https://registry.npmjs.org/react-chartjs-2/-/react-chartjs-2-5.2.0.tgz. Extracting by manifest.
107 silly tarball no local data for react-router@https://registry.npmjs.org/react-router/-/react-router-6.27.0.tgz. Extracting by manifest.
108 silly tarball no local data for postcss-selector-parser@https://registry.npmjs.org/postcss-selector-parser/-/postcss-selector-parser-6.0.10.tgz. Extracting by manifest.
109 silly tarball no local data for picocolors@https://registry.npmjs.org/picocolors/-/picocolors-1.1.1.tgz. Extracting by manifest.
110 silly tarball no local data for package-json-from-dist@https://registry.npmjs.org/package-json-from-dist/-/package-json-from-dist-1.0.1.tgz. Extracting by manifest.
111 silly tarball no local data for node-releases@https://registry.npmjs.org/node-releases/-/node-releases-2.0.18.tgz. Extracting by manifest.
112 silly tarball no local data for normalize-range@https://registry.npmjs.org/normalize-range/-/normalize-range-0.1.2.tgz. Extracting by manifest.
113 silly tarball no local data for lucide-react@https://registry.npmjs.org/lucide-react/-/lucide-react-0.344.0.tgz. Extracting by manifest.
114 silly tarball no local data for lru-cache@https://registry.npmjs.org/lru-cache/-/lru-cache-5.1.1.tgz. Extracting by manifest.
115 silly tarball no local data for lodash.isplainobject@https://registry.npmjs.org/lodash.isplainobject/-/lodash.isplainobject-4.0.6.tgz. Extracting by manifest.
116 silly tarball no local data for lodash.castarray@https://registry.npmjs.org/lodash.castarray/-/lodash.castarray-4.4.0.tgz. Extracting by manifest.
117 silly tarball no local data for json5@https://registry.npmjs.org/json5/-/json5-2.2.3.tgz. Extracting by manifest.
118 silly tarball no local data for jsesc@https://registry.npmjs.org/jsesc/-/jsesc-3.0.2.tgz. Extracting by manifest.
119 silly tarball no local data for jackspeak@https://registry.npmjs.org/jackspeak/-/jackspeak-3.4.3.tgz. Extracting by manifest.
120 silly tarball no local data for has-flag@https://registry.npmjs.org/has-flag/-/has-flag-3.0.0.tgz. Extracting by manifest.
121 silly tarball no local data for globals@https://registry.npmjs.org/globals/-/globals-15.11.0.tgz. Extracting by manifest.
122 silly tarball no local data for glob@https://registry.npmjs.org/glob/-/glob-10.4.5.tgz. Extracting by manifest.
123 silly tarball no local data for gensync@https://registry.npmjs.org/gensync/-/gensync-1.0.0-beta.2.tgz. Extracting by manifest.
124 silly tarball no local data for flat-cache@https://registry.npmjs.org/flat-cache/-/flat-cache-4.0.1.tgz. Extracting by manifest.
125 silly tarball no local data for fraction.js@https://registry.npmjs.org/fraction.js/-/fraction.js-4.3.7.tgz. Extracting by manifest.
126 silly tarball no local data for file-entry-cache@https://registry.npmjs.org/file-entry-cache/-/file-entry-cache-8.0.0.tgz. Extracting by manifest.
127 silly tarball no local data for espree@https://registry.npmjs.org/espree/-/espree-10.2.0.tgz. Extracting by manifest.
128 silly tarball no local data for eslint-visitor-keys@https://registry.npmjs.org/eslint-visitor-keys/-/eslint-visitor-keys-4.1.0.tgz. Extracting by manifest.
129 silly tarball no local data for eslint-scope@https://registry.npmjs.org/eslint-scope/-/eslint-scope-8.1.0.tgz. Extracting by manifest.
130 silly tarball no local data for eslint-plugin-react-hooks@https://registry.npmjs.org/eslint-plugin-react-hooks/-/eslint-plugin-react-hooks-5.1.0-rc-fb9a90fa48-20240614.tgz. Extracting by manifest.
131 silly tarball no local data for eslint@https://registry.npmjs.org/eslint/-/eslint-9.13.0.tgz. Extracting by manifest.
132 silly tarball no local data for eslint-plugin-react-refresh@https://registry.npmjs.org/eslint-plugin-react-refresh/-/eslint-plugin-react-refresh-0.4.13.tgz. Extracting by manifest.
133 silly tarball no local data for escape-string-regexp@https://registry.npmjs.org/escape-string-regexp/-/escape-string-regexp-1.0.5.tgz. Extracting by manifest.
134 silly tarball no local data for escalade@https://registry.npmjs.org/escalade/-/escalade-3.2.0.tgz. Extracting by manifest.
135 silly tarball no local data for esbuild@https://registry.npmjs.org/esbuild/-/esbuild-0.21.5.tgz. Extracting by manifest.
136 silly tarball no local data for electron-to-chromium@https://registry.npmjs.org/electron-to-chromium/-/electron-to-chromium-1.5.41.tgz. Extracting by manifest.
137 silly tarball no local data for convert-source-map@https://registry.npmjs.org/convert-source-map/-/convert-source-map-2.0.0.tgz. Extracting by manifest.
138 silly tarball no local data for color-convert@https://registry.npmjs.org/color-convert/-/color-convert-1.9.3.tgz. Extracting by manifest.
139 silly tarball no local data for color-name@https://registry.npmjs.org/color-name/-/color-name-1.1.3.tgz. Extracting by manifest.
140 silly tarball no local data for clsx@https://registry.npmjs.org/clsx/-/clsx-2.1.1.tgz. Extracting by manifest.
141 silly tarball no local data for classnames@https://registry.npmjs.org/classnames/-/classnames-2.5.1.tgz. Extracting by manifest.
142 silly tarball no local data for chalk@https://registry.npmjs.org/chalk/-/chalk-2.4.2.tgz. Extracting by manifest.
143 silly tarball no local data for caniuse-lite@https://registry.npmjs.org/caniuse-lite/-/caniuse-lite-1.0.30001669.tgz. Extracting by manifest.
144 silly tarball no local data for chart.js@https://registry.npmjs.org/chart.js/-/chart.js-4.4.5.tgz. Extracting by manifest.
145 silly tarball no local data for browserslist@https://registry.npmjs.org/browserslist/-/browserslist-4.24.2.tgz. Extracting by manifest.
146 silly tarball no local data for autoprefixer@https://registry.npmjs.org/autoprefixer/-/autoprefixer-10.4.20.tgz. Extracting by manifest.
147 silly tarball no local data for ansi-styles@https://registry.npmjs.org/ansi-styles/-/ansi-styles-3.2.1.tgz. Extracting by manifest.
148 silly tarball no local data for acorn@https://registry.npmjs.org/acorn/-/acorn-8.13.0.tgz. Extracting by manifest.
149 silly tarball no local data for @vitejs/plugin-react@https://registry.npmjs.org/@vitejs/plugin-react/-/plugin-react-4.3.3.tgz. Extracting by manifest.
150 silly tarball no local data for @typescript-eslint/visitor-keys@https://registry.npmjs.org/@typescript-eslint/visitor-keys/-/visitor-keys-8.11.0.tgz. Extracting by manifest.
151 silly tarball no local data for @typescript-eslint/utils@https://registry.npmjs.org/@typescript-eslint/utils/-/utils-8.11.0.tgz. Extracting by manifest.
152 silly tarball no local data for @typescript-eslint/typescript-estree@https://registry.npmjs.org/@typescript-eslint/typescript-estree/-/typescript-estree-8.11.0.tgz. Extracting by manifest.
153 silly tarball no local data for @typescript-eslint/types@https://registry.npmjs.org/@typescript-eslint/types/-/types-8.11.0.tgz. Extracting by manifest.
154 silly tarball no local data for @typescript-eslint/scope-manager@https://registry.npmjs.org/@typescript-eslint/scope-manager/-/scope-manager-8.11.0.tgz. Extracting by manifest.
155 silly tarball no local data for @typescript-eslint/parser@https://registry.npmjs.org/@typescript-eslint/parser/-/parser-8.11.0.tgz. Extracting by manifest.
156 silly tarball no local data for @typescript-eslint/eslint-plugin@https://registry.npmjs.org/@typescript-eslint/eslint-plugin/-/eslint-plugin-8.11.0.tgz. Extracting by manifest.
157 silly tarball no local data for @typescript-eslint/type-utils@https://registry.npmjs.org/@typescript-eslint/type-utils/-/type-utils-8.11.0.tgz. Extracting by manifest.
158 silly tarball no local data for @types/react-dom@https://registry.npmjs.org/@types/react-dom/-/react-dom-18.3.1.tgz. Extracting by manifest.
159 silly tarball no local data for @types/react@https://registry.npmjs.org/@types/react/-/react-18.3.11.tgz. Extracting by manifest.
160 silly tarball no local data for @types/node@https://registry.npmjs.org/@types/node/-/node-22.7.8.tgz. Extracting by manifest.
161 silly tarball no local data for @types/json-schema@https://registry.npmjs.org/@types/json-schema/-/json-schema-7.0.15.tgz. Extracting by manifest.
162 silly tarball no local data for @types/estree@https://registry.npmjs.org/@types/estree/-/estree-1.0.6.tgz. Extracting by manifest.
163 silly tarball no local data for @types/babel__template@https://registry.npmjs.org/@types/babel__template/-/babel__template-7.4.4.tgz. Extracting by manifest.
164 silly tarball no local data for @types/babel__generator@https://registry.npmjs.org/@types/babel__generator/-/babel__generator-7.6.8.tgz. Extracting by manifest.
165 silly tarball no local data for @types/babel__traverse@https://registry.npmjs.org/@types/babel__traverse/-/babel__traverse-7.20.6.tgz. Extracting by manifest.
166 silly tarball no local data for @types/babel__core@https://registry.npmjs.org/@types/babel__core/-/babel__core-7.20.5.tgz. Extracting by manifest.
167 silly tarball no local data for @tailwindcss/typography@https://registry.npmjs.org/@tailwindcss/typography/-/typography-0.5.15.tgz. Extracting by manifest.
168 silly tarball no local data for @supabase/supabase-js@https://registry.npmjs.org/@supabase/supabase-js/-/supabase-js-2.45.6.tgz. Extracting by manifest.
169 silly tarball no local data for @supabase/realtime-js@https://registry.npmjs.org/@supabase/realtime-js/-/realtime-js-2.10.7.tgz. Extracting by manifest.
170 silly tarball no local data for @supabase/postgrest-js@https://registry.npmjs.org/@supabase/postgrest-js/-/postgrest-js-1.16.3.tgz. Extracting by manifest.
171 silly tarball no local data for @supabase/storage-js@https://registry.npmjs.org/@supabase/storage-js/-/storage-js-2.7.1.tgz. Extracting by manifest.
172 silly tarball no local data for @supabase/functions-js@https://registry.npmjs.org/@supabase/functions-js/-/functions-js-2.4.3.tgz. Extracting by manifest.
173 silly tarball no local data for @supabase/auth-js@https://registry.npmjs.org/@supabase/auth-js/-/auth-js-2.65.1.tgz. Extracting by manifest.
174 silly tarball no local data for @rollup/rollup-win32-x64-msvc@https://registry.npmjs.org/@rollup/rollup-win32-x64-msvc/-/rollup-win32-x64-msvc-4.24.0.tgz. Extracting by manifest.
175 silly tarball no local data for @remix-run/router@https://registry.npmjs.org/@remix-run/router/-/router-1.20.0.tgz. Extracting by manifest.
176 silly tarball no local data for @kurkle/color@https://registry.npmjs.org/@kurkle/color/-/color-0.3.2.tgz. Extracting by manifest.
177 silly tarball no local data for @humanfs/node@https://registry.npmjs.org/@humanfs/node/-/node-0.16.5.tgz. Extracting by manifest.
178 silly tarball no local data for @humanwhocodes/retry@https://registry.npmjs.org/@humanwhocodes/retry/-/retry-0.3.1.tgz. Extracting by manifest.
179 silly tarball no local data for @humanfs/core@https://registry.npmjs.org/@humanfs/core/-/core-0.19.0.tgz. Extracting by manifest.
180 silly tarball no local data for @floating-ui/utils@https://registry.npmjs.org/@floating-ui/utils/-/utils-0.2.8.tgz. Extracting by manifest.
181 silly tarball no local data for @floating-ui/dom@https://registry.npmjs.org/@floating-ui/dom/-/dom-1.6.11.tgz. Extracting by manifest.
182 silly tarball no local data for @eslint/plugin-kit@https://registry.npmjs.org/@eslint/plugin-kit/-/plugin-kit-0.2.1.tgz. Extracting by manifest.
183 silly tarball no local data for @eslint/object-schema@https://registry.npmjs.org/@eslint/object-schema/-/object-schema-2.1.4.tgz. Extracting by manifest.
184 silly tarball no local data for @eslint/js@https://registry.npmjs.org/@eslint/js/-/js-9.13.0.tgz. Extracting by manifest.
185 silly tarball no local data for @floating-ui/core@https://registry.npmjs.org/@floating-ui/core/-/core-1.6.8.tgz. Extracting by manifest.
186 silly tarball no local data for @eslint/core@https://registry.npmjs.org/@eslint/core/-/core-0.7.0.tgz. Extracting by manifest.
187 silly tarball no local data for @eslint/eslintrc@https://registry.npmjs.org/@eslint/eslintrc/-/eslintrc-3.1.0.tgz. Extracting by manifest.
188 silly tarball no local data for @eslint/config-array@https://registry.npmjs.org/@eslint/config-array/-/config-array-0.18.0.tgz. Extracting by manifest.
189 silly tarball no local data for @esbuild/win32-x64@https://registry.npmjs.org/@esbuild/win32-x64/-/win32-x64-0.21.5.tgz. Extracting by manifest.
190 silly tarball no local data for @babel/types@https://registry.npmjs.org/@babel/types/-/types-7.25.8.tgz. Extracting by manifest.
191 silly tarball no local data for @babel/traverse@https://registry.npmjs.org/@babel/traverse/-/traverse-7.25.7.tgz. Extracting by manifest.
192 silly tarball no local data for @babel/plugin-transform-react-jsx-source@https://registry.npmjs.org/@babel/plugin-transform-react-jsx-source/-/plugin-transform-react-jsx-source-7.25.7.tgz. Extracting by manifest.
193 silly tarball no local data for @babel/plugin-transform-react-jsx-self@https://registry.npmjs.org/@babel/plugin-transform-react-jsx-self/-/plugin-transform-react-jsx-self-7.25.7.tgz. Extracting by manifest.
194 silly tarball no local data for @babel/template@https://registry.npmjs.org/@babel/template/-/template-7.25.7.tgz. Extracting by manifest.
195 silly tarball no local data for @babel/parser@https://registry.npmjs.org/@babel/parser/-/parser-7.25.8.tgz. Extracting by manifest.
196 silly tarball no local data for @babel/highlight@https://registry.npmjs.org/@babel/highlight/-/highlight-7.25.7.tgz. Extracting by manifest.
197 silly tarball no local data for @babel/helpers@https://registry.npmjs.org/@babel/helpers/-/helpers-7.25.7.tgz. Extracting by manifest.
198 silly tarball no local data for @babel/helper-validator-identifier@https://registry.npmjs.org/@babel/helper-validator-identifier/-/helper-validator-identifier-7.25.7.tgz. Extracting by manifest.
199 silly tarball no local data for @babel/helper-validator-option@https://registry.npmjs.org/@babel/helper-validator-option/-/helper-validator-option-7.25.7.tgz. Extracting by manifest.
200 silly tarball no local data for @babel/helper-string-parser@https://registry.npmjs.org/@babel/helper-string-parser/-/helper-string-parser-7.25.7.tgz. Extracting by manifest.
201 silly tarball no local data for @babel/helper-simple-access@https://registry.npmjs.org/@babel/helper-simple-access/-/helper-simple-access-7.25.7.tgz. Extracting by manifest.
202 silly tarball no local data for @babel/helper-plugin-utils@https://registry.npmjs.org/@babel/helper-plugin-utils/-/helper-plugin-utils-7.25.7.tgz. Extracting by manifest.
203 silly tarball no local data for @babel/helper-module-imports@https://registry.npmjs.org/@babel/helper-module-imports/-/helper-module-imports-7.25.7.tgz. Extracting by manifest.
204 silly tarball no local data for @babel/helper-compilation-targets@https://registry.npmjs.org/@babel/helper-compilation-targets/-/helper-compilation-targets-7.25.7.tgz. Extracting by manifest.
205 silly tarball no local data for @babel/generator@https://registry.npmjs.org/@babel/generator/-/generator-7.25.7.tgz. Extracting by manifest.
206 silly tarball no local data for @babel/helper-module-transforms@https://registry.npmjs.org/@babel/helper-module-transforms/-/helper-module-transforms-7.25.7.tgz. Extracting by manifest.
207 silly tarball no local data for @babel/core@https://registry.npmjs.org/@babel/core/-/core-7.25.8.tgz. Extracting by manifest.
208 silly tarball no local data for @babel/compat-data@https://registry.npmjs.org/@babel/compat-data/-/compat-data-7.25.8.tgz. Extracting by manifest.
209 silly tarball no local data for @babel/code-frame@https://registry.npmjs.org/@babel/code-frame/-/code-frame-7.25.7.tgz. Extracting by manifest.
210 silly tarball no local data for @ampproject/remapping@https://registry.npmjs.org/@ampproject/remapping/-/remapping-2.3.0.tgz. Extracting by manifest.
211 silly tarball no local data for globals@https://registry.npmjs.org/globals/-/globals-14.0.0.tgz. Extracting by manifest.
212 silly tarball no local data for globals@https://registry.npmjs.org/globals/-/globals-11.12.0.tgz. Extracting by manifest.
213 http fetch POST 200 https://registry.npmjs.org/-/npm/v1/security/advisories/bulk 2762ms
214 silly audit report {}
215 http fetch GET 200 https://registry.npmjs.org/file-entry-cache/-/file-entry-cache-8.0.0.tgz 5801ms (cache miss)
216 http fetch GET 200 https://registry.npmjs.org/eslint-plugin-react-refresh/-/eslint-plugin-react-refresh-0.4.13.tgz 5809ms (cache miss)
217 http fetch GET 200 https://registry.npmjs.org/@types/estree/-/estree-1.0.6.tgz 5793ms (cache miss)
218 http fetch GET 200 https://registry.npmjs.org/@types/babel__generator/-/babel__generator-7.6.8.tgz 5793ms (cache miss)
219 http fetch GET 200 https://registry.npmjs.org/@typescript-eslint/parser/-/parser-8.11.0.tgz 5809ms (cache miss)
220 http fetch GET 200 https://registry.npmjs.org/lru-cache/-/lru-cache-5.1.1.tgz 5893ms (cache miss)
221 http fetch GET 200 https://registry.npmjs.org/escape-string-regexp/-/escape-string-regexp-1.0.5.tgz 5879ms (cache miss)
222 http fetch GET 200 https://registry.npmjs.org/@types/json-schema/-/json-schema-7.0.15.tgz 5869ms (cache miss)
223 http fetch GET 200 https://registry.npmjs.org/lodash.isplainobject/-/lodash.isplainobject-4.0.6.tgz 5946ms (cache miss)
224 http fetch GET 200 https://registry.npmjs.org/normalize-range/-/normalize-range-0.1.2.tgz 5951ms (cache miss)
225 http fetch GET 200 https://registry.npmjs.org/lodash.castarray/-/lodash.castarray-4.4.0.tgz 5950ms (cache miss)
226 http fetch GET 200 https://registry.npmjs.org/convert-source-map/-/convert-source-map-2.0.0.tgz 5930ms (cache miss)
227 http fetch GET 200 https://registry.npmjs.org/@typescript-eslint/visitor-keys/-/visitor-keys-8.11.0.tgz 6363ms (cache miss)
228 http fetch GET 200 https://registry.npmjs.org/@types/babel__template/-/babel__template-7.4.4.tgz 6362ms (cache miss)
229 http fetch GET 200 https://registry.npmjs.org/@types/babel__core/-/babel__core-7.20.5.tgz 6372ms (cache miss)
230 http fetch GET 200 https://registry.npmjs.org/@humanwhocodes/retry/-/retry-0.3.1.tgz 6367ms (cache miss)
231 http fetch GET 200 https://registry.npmjs.org/to-fast-properties/-/to-fast-properties-2.0.0.tgz 6498ms (cache miss)
232 http fetch GET 200 https://registry.npmjs.org/has-flag/-/has-flag-3.0.0.tgz 6488ms (cache miss)
233 http fetch GET 200 https://registry.npmjs.org/ansi-styles/-/ansi-styles-3.2.1.tgz 6753ms (cache miss)
234 http fetch GET 200 https://registry.npmjs.org/classnames/-/classnames-2.5.1.tgz 8410ms (cache miss)
235 http fetch GET 200 https://registry.npmjs.org/yallist/-/yallist-3.1.1.tgz 9446ms (cache miss)
236 http fetch GET 200 https://registry.npmjs.org/supports-color/-/supports-color-5.5.0.tgz 9445ms (cache miss)
237 http fetch GET 200 https://registry.npmjs.org/@eslint/core/-/core-0.7.0.tgz 9823ms (cache miss)
238 http fetch GET 200 https://registry.npmjs.org/@eslint/object-schema/-/object-schema-2.1.4.tgz 9850ms (cache miss)
239 http fetch GET 200 https://registry.npmjs.org/@types/babel__traverse/-/babel__traverse-7.20.6.tgz 9903ms (cache miss)
240 http fetch GET 200 https://registry.npmjs.org/@humanfs/core/-/core-0.19.0.tgz 9896ms (cache miss)
241 http fetch GET 200 https://registry.npmjs.org/@eslint/plugin-kit/-/plugin-kit-0.2.1.tgz 9902ms (cache miss)
242 http fetch GET 200 https://registry.npmjs.org/@ampproject/remapping/-/remapping-2.3.0.tgz 9936ms (cache miss)
243 http fetch GET 200 https://registry.npmjs.org/globals/-/globals-11.12.0.tgz 9930ms (cache miss)
244 http fetch GET 200 https://registry.npmjs.org/@supabase/functions-js/-/functions-js-2.4.3.tgz 10462ms (cache miss)
245 http fetch GET 200 https://registry.npmjs.org/node-releases/-/node-releases-2.0.18.tgz 10953ms (cache miss)
246 http fetch GET 200 https://registry.npmjs.org/color-name/-/color-name-1.1.3.tgz 10966ms (cache miss)
247 http fetch GET 200 https://registry.npmjs.org/picocolors/-/picocolors-1.1.1.tgz 11340ms (cache miss)
248 http fetch GET 200 https://registry.npmjs.org/chalk/-/chalk-2.4.2.tgz 11571ms (cache miss)
249 http fetch GET 200 https://registry.npmjs.org/color-convert/-/color-convert-1.9.3.tgz 11577ms (cache miss)
250 http fetch GET 200 https://registry.npmjs.org/flat-cache/-/flat-cache-4.0.1.tgz 11652ms (cache miss)
251 http fetch GET 200 https://registry.npmjs.org/gensync/-/gensync-1.0.0-beta.2.tgz 11657ms (cache miss)
252 http fetch GET 200 https://registry.npmjs.org/update-browserslist-db/-/update-browserslist-db-1.1.1.tgz 11822ms (cache miss)
253 http fetch GET 200 https://registry.npmjs.org/@eslint/js/-/js-9.13.0.tgz 12584ms (cache miss)
254 http fetch GET 200 https://registry.npmjs.org/globals/-/globals-15.11.0.tgz 12747ms (cache miss)
255 http fetch GET 200 https://registry.npmjs.org/eslint-plugin-react-hooks/-/eslint-plugin-react-hooks-5.1.0-rc-fb9a90fa48-20240614.tgz 12740ms (cache miss)
256 http fetch GET 200 https://registry.npmjs.org/@tailwindcss/typography/-/typography-0.5.15.tgz 13244ms (cache miss)
257 http fetch GET 200 https://registry.npmjs.org/@babel/helper-plugin-utils/-/helper-plugin-utils-7.25.7.tgz 13208ms (cache miss)
258 http fetch GET 200 https://registry.npmjs.org/@babel/helper-simple-access/-/helper-simple-access-7.25.7.tgz 13210ms (cache miss)
259 http fetch GET 200 https://registry.npmjs.org/globals/-/globals-14.0.0.tgz 13192ms (cache miss)
260 http fetch GET 200 https://registry.npmjs.org/jsesc/-/jsesc-3.0.2.tgz 13300ms (cache miss)
261 http fetch GET 200 https://registry.npmjs.org/@vitejs/plugin-react/-/plugin-react-4.3.3.tgz 13283ms (cache miss)
262 http fetch GET 200 https://registry.npmjs.org/@types/react-dom/-/react-dom-18.3.1.tgz 13294ms (cache miss)
263 http fetch GET 200 https://registry.npmjs.org/@babel/helper-string-parser/-/helper-string-parser-7.25.7.tgz 13256ms (cache miss)
264 http fetch GET 200 https://registry.npmjs.org/@babel/highlight/-/highlight-7.25.7.tgz 13265ms (cache miss)
265 http fetch GET 200 https://registry.npmjs.org/@humanfs/node/-/node-0.16.5.tgz 13287ms (cache miss)
266 http fetch GET 200 https://registry.npmjs.org/@babel/code-frame/-/code-frame-7.25.7.tgz 13251ms (cache miss)
267 http fetch GET 200 https://registry.npmjs.org/clsx/-/clsx-2.1.1.tgz 13331ms (cache miss)
268 http fetch GET 200 https://registry.npmjs.org/@babel/plugin-transform-react-jsx-source/-/plugin-transform-react-jsx-source-7.25.7.tgz 13305ms (cache miss)
269 http fetch GET 200 https://registry.npmjs.org/@babel/plugin-transform-react-jsx-self/-/plugin-transform-react-jsx-self-7.25.7.tgz 13306ms (cache miss)
270 http fetch GET 200 https://registry.npmjs.org/eslint-visitor-keys/-/eslint-visitor-keys-4.1.0.tgz 13930ms (cache miss)
271 http fetch GET 200 https://registry.npmjs.org/esbuild/-/esbuild-0.21.5.tgz 13953ms (cache miss)
272 http fetch GET 200 https://registry.npmjs.org/@kurkle/color/-/color-0.3.2.tgz 13923ms (cache miss)
273 http fetch GET 200 https://registry.npmjs.org/react-refresh/-/react-refresh-0.14.2.tgz 13994ms (cache miss)
274 http fetch GET 200 https://registry.npmjs.org/escalade/-/escalade-3.2.0.tgz 13965ms (cache miss)
275 http fetch GET 200 https://registry.npmjs.org/espree/-/espree-10.2.0.tgz 14054ms (cache miss)
276 http fetch GET 200 https://registry.npmjs.org/browserslist/-/browserslist-4.24.2.tgz 14069ms (cache miss)
277 http fetch GET 200 https://registry.npmjs.org/fraction.js/-/fraction.js-4.3.7.tgz 14209ms (cache miss)
278 http fetch GET 200 https://registry.npmjs.org/@babel/helper-validator-option/-/helper-validator-option-7.25.7.tgz 15011ms (cache miss)
279 http fetch GET 200 https://registry.npmjs.org/@eslint/config-array/-/config-array-0.18.0.tgz 15058ms (cache miss)
280 http fetch GET 200 https://registry.npmjs.org/package-json-from-dist/-/package-json-from-dist-1.0.1.tgz 15140ms (cache miss)
281 http fetch GET 200 https://registry.npmjs.org/electron-to-chromium/-/electron-to-chromium-1.5.41.tgz 15137ms (cache miss)
282 http fetch GET 200 https://registry.npmjs.org/@floating-ui/dom/-/dom-1.6.11.tgz 15097ms (cache miss)
283 http fetch GET 200 https://registry.npmjs.org/@babel/helper-validator-identifier/-/helper-validator-identifier-7.25.7.tgz 15119ms (cache miss)
284 http fetch GET 200 https://registry.npmjs.org/@floating-ui/core/-/core-1.6.8.tgz 15573ms (cache miss)
285 http fetch GET 200 https://registry.npmjs.org/@babel/helper-module-imports/-/helper-module-imports-7.25.7.tgz 15943ms (cache miss)
286 http fetch GET 200 https://registry.npmjs.org/react-chartjs-2/-/react-chartjs-2-5.2.0.tgz 16171ms (cache miss)
287 http fetch GET 200 https://registry.npmjs.org/acorn/-/acorn-8.13.0.tgz 16683ms (cache miss)
288 http fetch GET 200 https://registry.npmjs.org/@babel/compat-data/-/compat-data-7.25.8.tgz 16891ms (cache miss)
289 http fetch GET 200 https://registry.npmjs.org/@floating-ui/utils/-/utils-0.2.8.tgz 16988ms (cache miss)
290 http fetch GET 200 https://registry.npmjs.org/eslint-scope/-/eslint-scope-8.1.0.tgz 17040ms (cache miss)
291 http fetch GET 200 https://registry.npmjs.org/@types/react/-/react-18.3.11.tgz 17026ms (cache miss)
292 http fetch GET 200 https://registry.npmjs.org/@babel/helper-compilation-targets/-/helper-compilation-targets-7.25.7.tgz 17015ms (cache miss)
293 http fetch GET 200 https://registry.npmjs.org/json5/-/json5-2.2.3.tgz 17160ms (cache miss)
294 http fetch GET 200 https://registry.npmjs.org/@babel/helper-module-transforms/-/helper-module-transforms-7.25.7.tgz 17702ms (cache miss)
295 http fetch GET 200 https://registry.npmjs.org/@babel/template/-/template-7.25.7.tgz 17725ms (cache miss)
296 http fetch GET 200 https://registry.npmjs.org/@typescript-eslint/types/-/types-8.11.0.tgz 17828ms (cache miss)
297 http fetch GET 200 https://registry.npmjs.org/jackspeak/-/jackspeak-3.4.3.tgz 19808ms (cache miss)
298 http fetch GET 200 https://registry.npmjs.org/react-router/-/react-router-6.27.0.tgz 21519ms (cache miss)
299 http fetch GET 200 https://registry.npmjs.org/@eslint/eslintrc/-/eslintrc-3.1.0.tgz 21454ms (cache miss)
300 http fetch GET 200 https://registry.npmjs.org/@babel/parser/-/parser-7.25.8.tgz 21745ms (cache miss)
301 http fetch GET 200 https://registry.npmjs.org/react-router-dom/-/react-router-dom-6.27.0.tgz 21999ms (cache miss)
302 http fetch GET 200 https://registry.npmjs.org/postcss-selector-parser/-/postcss-selector-parser-6.0.10.tgz 22004ms (cache miss)
303 http fetch GET 200 https://registry.npmjs.org/@babel/generator/-/generator-7.25.7.tgz 24803ms (cache miss)
304 http fetch GET 200 https://registry.npmjs.org/react-tooltip/-/react-tooltip-5.28.0.tgz 24935ms (cache miss)
305 http fetch GET 200 https://registry.npmjs.org/@rollup/rollup-win32-x64-msvc/-/rollup-win32-x64-msvc-4.24.0.tgz 25574ms (cache miss)
306 http fetch GET 200 https://registry.npmjs.org/typescript-eslint/-/typescript-eslint-8.11.0.tgz 25689ms (cache miss)
307 http fetch GET 200 https://registry.npmjs.org/@supabase/postgrest-js/-/postgrest-js-1.16.3.tgz 25626ms (cache miss)
308 http fetch GET 200 https://registry.npmjs.org/@remix-run/router/-/router-1.20.0.tgz 25690ms (cache miss)
309 http fetch GET 200 https://registry.npmjs.org/react-toastify/-/react-toastify-10.0.6.tgz 27054ms (cache miss)
310 http fetch GET 200 https://registry.npmjs.org/glob/-/glob-10.4.5.tgz 27036ms (cache miss)
311 http fetch GET 200 https://registry.npmjs.org/@babel/traverse/-/traverse-7.25.7.tgz 27251ms (cache miss)
312 http fetch GET 200 https://registry.npmjs.org/@typescript-eslint/type-utils/-/type-utils-8.11.0.tgz 27795ms (cache miss)
313 http fetch GET 200 https://registry.npmjs.org/rollup/-/rollup-4.24.0.tgz 27927ms (cache miss)
314 http fetch GET 200 https://registry.npmjs.org/@supabase/supabase-js/-/supabase-js-2.45.6.tgz 27903ms (cache miss)
315 http fetch GET 200 https://registry.npmjs.org/autoprefixer/-/autoprefixer-10.4.20.tgz 28457ms (cache miss)
316 http fetch GET 200 https://registry.npmjs.org/vite/-/vite-5.4.9.tgz 29807ms (cache miss)
317 http fetch GET 200 https://registry.npmjs.org/@supabase/realtime-js/-/realtime-js-2.10.7.tgz 29799ms (cache miss)
318 http fetch GET 200 https://registry.npmjs.org/@types/node/-/node-22.7.8.tgz 30400ms (cache miss)
319 http fetch GET 200 https://registry.npmjs.org/@supabase/storage-js/-/storage-js-2.7.1.tgz 30434ms (cache miss)
320 http fetch GET 200 https://registry.npmjs.org/@babel/core/-/core-7.25.8.tgz 34934ms (cache miss)
321 http fetch GET 200 https://registry.npmjs.org/@typescript-eslint/utils/-/utils-8.11.0.tgz 37121ms (cache miss)
322 http fetch GET 200 https://registry.npmjs.org/@supabase/auth-js/-/auth-js-2.65.1.tgz 37132ms (cache miss)
323 http fetch GET 200 https://registry.npmjs.org/@esbuild/win32-x64/-/win32-x64-0.21.5.tgz 37626ms (cache miss)
324 http fetch GET 200 https://registry.npmjs.org/@typescript-eslint/typescript-estree/-/typescript-estree-8.11.0.tgz 37765ms (cache miss)
325 http fetch GET 200 https://registry.npmjs.org/chart.js/-/chart.js-4.4.5.tgz 38368ms (cache miss)
326 http fetch GET 200 https://registry.npmjs.org/@babel/types/-/types-7.25.8.tgz 39383ms (cache miss)
327 http fetch GET 200 https://registry.npmjs.org/@babel/helpers/-/helpers-7.25.7.tgz 39910ms (cache miss)
328 http fetch GET 200 https://registry.npmjs.org/yaml/-/yaml-2.6.0.tgz 40127ms (cache miss)
329 http fetch GET 200 https://registry.npmjs.org/tailwindcss/-/tailwindcss-3.4.14.tgz 42699ms (cache miss)
330 http fetch GET 200 https://registry.npmjs.org/typescript/-/typescript-5.6.3.tgz 44552ms (cache miss)
331 http fetch GET 200 https://registry.npmjs.org/eslint/-/eslint-9.13.0.tgz 44653ms (cache miss)
332 http fetch GET 200 https://registry.npmjs.org/@typescript-eslint/scope-manager/-/scope-manager-8.11.0.tgz 44948ms (cache miss)
333 http fetch GET 200 https://registry.npmjs.org/@typescript-eslint/eslint-plugin/-/eslint-plugin-8.11.0.tgz 45294ms (cache miss)
334 http fetch GET 200 https://registry.npmjs.org/caniuse-lite/-/caniuse-lite-1.0.30001669.tgz 46859ms (cache miss)
335 http fetch GET 200 https://registry.npmjs.org/lucide-react/-/lucide-react-0.344.0.tgz 56115ms (cache miss)
336 info run esbuild@0.21.5 postinstall node_modules/esbuild node install.js
337 info run esbuild@0.21.5 postinstall { code: 0, signal: null }
338 silly ADD node_modules/yocto-queue
339 silly ADD node_modules/yaml
340 silly ADD node_modules/yallist
341 silly ADD node_modules/ws
342 silly ADD node_modules/wrap-ansi-cjs
343 silly ADD node_modules/wrap-ansi-cjs/node_modules/strip-ansi
344 silly ADD node_modules/wrap-ansi-cjs/node_modules/string-width
345 silly ADD node_modules/wrap-ansi-cjs/node_modules/emoji-regex
346 silly ADD node_modules/wrap-ansi-cjs/node_modules/color-name
347 silly ADD node_modules/wrap-ansi-cjs/node_modules/color-convert
348 silly ADD node_modules/wrap-ansi-cjs/node_modules/ansi-styles
349 silly ADD node_modules/wrap-ansi-cjs/node_modules/ansi-regex
350 silly ADD node_modules/wrap-ansi
351 silly ADD node_modules/wrap-ansi/node_modules/ansi-styles
352 silly ADD node_modules/word-wrap
353 silly ADD node_modules/which
354 silly ADD node_modules/whatwg-url
355 silly ADD node_modules/webidl-conversions
356 silly ADD node_modules/vite
357 silly ADD node_modules/util-deprecate
358 silly ADD node_modules/uri-js
359 silly ADD node_modules/update-browserslist-db
360 silly ADD node_modules/undici-types
361 silly ADD node_modules/typescript-eslint
362 silly ADD node_modules/typescript
363 silly ADD node_modules/type-check
364 silly ADD node_modules/ts-interface-checker
365 silly ADD node_modules/ts-api-utils
366 silly ADD node_modules/tr46
367 silly ADD node_modules/to-regex-range
368 silly ADD node_modules/to-fast-properties
369 silly ADD node_modules/thenify-all
370 silly ADD node_modules/thenify
371 silly ADD node_modules/text-table
372 silly ADD node_modules/tailwindcss
373 silly ADD node_modules/tailwindcss/node_modules/postcss-selector-parser
374 silly ADD node_modules/supports-preserve-symlinks-flag
375 silly ADD node_modules/supports-color
376 silly ADD node_modules/sucrase
377 silly ADD node_modules/strip-json-comments
378 silly ADD node_modules/strip-ansi-cjs
379 silly ADD node_modules/strip-ansi-cjs/node_modules/ansi-regex
380 silly ADD node_modules/strip-ansi
381 silly ADD node_modules/string-width-cjs
382 silly ADD node_modules/string-width-cjs/node_modules/strip-ansi
383 silly ADD node_modules/string-width-cjs/node_modules/emoji-regex
384 silly ADD node_modules/string-width-cjs/node_modules/ansi-regex
385 silly ADD node_modules/string-width
386 silly ADD node_modules/source-map-js
387 silly ADD node_modules/signal-exit
388 silly ADD node_modules/shebang-regex
389 silly ADD node_modules/shebang-command
390 silly ADD node_modules/semver
391 silly ADD node_modules/scheduler
392 silly ADD node_modules/run-parallel
393 silly ADD node_modules/rollup
394 silly ADD node_modules/reusify
395 silly ADD node_modules/resolve-from
396 silly ADD node_modules/resolve
397 silly ADD node_modules/readdirp
398 silly ADD node_modules/read-cache
399 silly ADD node_modules/react-tooltip
400 silly ADD node_modules/react-toastify
401 silly ADD node_modules/react-router-dom
402 silly ADD node_modules/react-router
403 silly ADD node_modules/react-refresh
404 silly ADD node_modules/react-dom
405 silly ADD node_modules/react-chartjs-2
406 silly ADD node_modules/react
407 silly ADD node_modules/queue-microtask
408 silly ADD node_modules/punycode
409 silly ADD node_modules/prelude-ls
410 silly ADD node_modules/postcss-value-parser
411 silly ADD node_modules/postcss-selector-parser
412 silly ADD node_modules/postcss-nested
413 silly ADD node_modules/postcss-nested/node_modules/postcss-selector-parser
414 silly ADD node_modules/postcss-load-config
415 silly ADD node_modules/postcss-load-config/node_modules/lilconfig
416 silly ADD node_modules/postcss-js
417 silly ADD node_modules/postcss-import
418 silly ADD node_modules/postcss
419 silly ADD node_modules/pirates
420 silly ADD node_modules/pify
421 silly ADD node_modules/picomatch
422 silly ADD node_modules/picocolors
423 silly ADD node_modules/path-scurry
424 silly ADD node_modules/path-scurry/node_modules/lru-cache
425 silly ADD node_modules/path-parse
426 silly ADD node_modules/path-key
427 silly ADD node_modules/path-exists
428 silly ADD node_modules/parent-module
429 silly ADD node_modules/package-json-from-dist
430 silly ADD node_modules/p-locate
431 silly ADD node_modules/p-limit
432 silly ADD node_modules/optionator
433 silly ADD node_modules/object-hash
434 silly ADD node_modules/object-assign
435 silly ADD node_modules/normalize-range
436 silly ADD node_modules/normalize-path
437 silly ADD node_modules/node-releases
438 silly ADD node_modules/natural-compare
439 silly ADD node_modules/nanoid
440 silly ADD node_modules/mz
441 silly ADD node_modules/ms
442 silly ADD node_modules/minipass
443 silly ADD node_modules/minimatch
444 silly ADD node_modules/micromatch
445 silly ADD node_modules/merge2
446 silly ADD node_modules/lucide-react
447 silly ADD node_modules/lru-cache
448 silly ADD node_modules/loose-envify
449 silly ADD node_modules/lodash.merge
450 silly ADD node_modules/lodash.isplainobject
451 silly ADD node_modules/lodash.castarray
452 silly ADD node_modules/locate-path
453 silly ADD node_modules/lines-and-columns
454 silly ADD node_modules/lilconfig
455 silly ADD node_modules/levn
456 silly ADD node_modules/keyv
457 silly ADD node_modules/json5
458 silly ADD node_modules/json-stable-stringify-without-jsonify
459 silly ADD node_modules/json-schema-traverse
460 silly ADD node_modules/json-buffer
461 silly ADD node_modules/jsesc
462 silly ADD node_modules/js-yaml
463 silly ADD node_modules/js-tokens
464 silly ADD node_modules/jiti
465 silly ADD node_modules/jackspeak
466 silly ADD node_modules/isexe
467 silly ADD node_modules/is-number
468 silly ADD node_modules/is-glob
469 silly ADD node_modules/is-fullwidth-code-point
470 silly ADD node_modules/is-extglob
471 silly ADD node_modules/is-core-module
472 silly ADD node_modules/is-binary-path
473 silly ADD node_modules/imurmurhash
474 silly ADD node_modules/import-fresh
475 silly ADD node_modules/ignore
476 silly ADD node_modules/hasown
477 silly ADD node_modules/has-flag
478 silly ADD node_modules/graphemer
479 silly ADD node_modules/globals
480 silly ADD node_modules/glob-parent
481 silly ADD node_modules/glob
482 silly ADD node_modules/glob/node_modules/minimatch
483 silly ADD node_modules/glob/node_modules/brace-expansion
484 silly ADD node_modules/gensync
485 silly ADD node_modules/function-bind
486 silly ADD
487 silly ADD node_modules/fraction.js
488 silly ADD node_modules/foreground-child
489 silly ADD node_modules/flatted
490 silly ADD node_modules/flat-cache
491 silly ADD node_modules/find-up
492 silly ADD node_modules/fill-range
493 silly ADD node_modules/file-entry-cache
494 silly ADD node_modules/fastq
495 silly ADD node_modules/fast-levenshtein
496 silly ADD node_modules/fast-json-stable-stringify
497 silly ADD node_modules/fast-glob
498 silly ADD node_modules/fast-glob/node_modules/glob-parent
499 silly ADD node_modules/fast-deep-equal
500 silly ADD node_modules/esutils
501 silly ADD node_modules/estraverse
502 silly ADD node_modules/esrecurse
503 silly ADD node_modules/esquery
504 silly ADD node_modules/espree
505 silly ADD node_modules/eslint-visitor-keys
506 silly ADD node_modules/eslint-scope
507 silly ADD node_modules/eslint-plugin-react-refresh
508 silly ADD node_modules/eslint-plugin-react-hooks
509 silly ADD node_modules/eslint
510 silly ADD node_modules/eslint/node_modules/supports-color
511 silly ADD node_modules/eslint/node_modules/has-flag
512 silly ADD node_modules/eslint/node_modules/escape-string-regexp
513 silly ADD node_modules/eslint/node_modules/color-name
514 silly ADD node_modules/eslint/node_modules/color-convert
515 silly ADD node_modules/eslint/node_modules/chalk
516 silly ADD node_modules/eslint/node_modules/ansi-styles
517 silly ADD node_modules/escape-string-regexp
518 silly ADD node_modules/escalade
519 silly ADD node_modules/esbuild
520 silly ADD node_modules/emoji-regex
521 silly ADD node_modules/electron-to-chromium
522 silly ADD node_modules/eastasianwidth
523 silly ADD node_modules/dlv
524 silly ADD node_modules/didyoumean
525 silly ADD node_modules/deep-is
526 silly ADD node_modules/debug
527 silly ADD node_modules/csstype
528 silly ADD node_modules/cssesc
529 silly ADD node_modules/cross-spawn
530 silly ADD node_modules/convert-source-map
531 silly ADD node_modules/concat-map
532 silly ADD node_modules/commander
533 silly ADD node_modules/color-name
534 silly ADD node_modules/color-convert
535 silly ADD node_modules/clsx
536 silly ADD node_modules/classnames
537 silly ADD node_modules/chokidar
538 silly ADD node_modules/chokidar/node_modules/glob-parent
539 silly ADD node_modules/chart.js
540 silly ADD node_modules/chalk
541 silly ADD node_modules/caniuse-lite
542 silly ADD node_modules/camelcase-css
543 silly ADD node_modules/callsites
544 silly ADD node_modules/browserslist
545 silly ADD node_modules/braces
546 silly ADD node_modules/brace-expansion
547 silly ADD node_modules/binary-extensions
548 silly ADD node_modules/balanced-match
549 silly ADD node_modules/autoprefixer
550 silly ADD node_modules/argparse
551 silly ADD node_modules/arg
552 silly ADD node_modules/anymatch
553 silly ADD node_modules/any-promise
554 silly ADD node_modules/ansi-styles
555 silly ADD node_modules/ansi-regex
556 silly ADD node_modules/ajv
557 silly ADD node_modules/acorn-jsx
558 silly ADD node_modules/acorn
559 silly ADD node_modules/@vitejs/plugin-react
560 silly ADD node_modules/@typescript-eslint/visitor-keys
561 silly ADD node_modules/@typescript-eslint/visitor-keys/node_modules/eslint-visitor-keys
562 silly ADD node_modules/@typescript-eslint/utils
563 silly ADD node_modules/@typescript-eslint/typescript-estree
564 silly ADD node_modules/@typescript-eslint/typescript-estree/node_modules/semver
565 silly ADD node_modules/@typescript-eslint/typescript-estree/node_modules/minimatch
566 silly ADD node_modules/@typescript-eslint/typescript-estree/node_modules/brace-expansion
567 silly ADD node_modules/@typescript-eslint/types
568 silly ADD node_modules/@typescript-eslint/type-utils
569 silly ADD node_modules/@typescript-eslint/scope-manager
570 silly ADD node_modules/@typescript-eslint/parser
571 silly ADD node_modules/@typescript-eslint/eslint-plugin
572 silly ADD node_modules/@types/ws
573 silly ADD node_modules/@types/react-dom
574 silly ADD node_modules/@types/react
575 silly ADD node_modules/@types/prop-types
576 silly ADD node_modules/@types/phoenix
577 silly ADD node_modules/@types/node
578 silly ADD node_modules/@types/json-schema
579 silly ADD node_modules/@types/estree
580 silly ADD node_modules/@types/babel__traverse
581 silly ADD node_modules/@types/babel__template
582 silly ADD node_modules/@types/babel__generator
583 silly ADD node_modules/@types/babel__core
584 silly ADD node_modules/@tailwindcss/typography
585 silly ADD node_modules/@supabase/supabase-js
586 silly ADD node_modules/@supabase/storage-js
587 silly ADD node_modules/@supabase/realtime-js
588 silly ADD node_modules/@supabase/postgrest-js
589 silly ADD node_modules/@supabase/node-fetch
590 silly ADD node_modules/@supabase/functions-js
591 silly ADD node_modules/@supabase/auth-js
592 silly ADD node_modules/@rollup/rollup-win32-x64-msvc
593 silly ADD
594 silly ADD
595 silly ADD
596 silly ADD
597 silly ADD
598 silly ADD
599 silly ADD
600 silly ADD
601 silly ADD
602 silly ADD
603 silly ADD
604 silly ADD
605 silly ADD
606 silly ADD
607 silly ADD
608 silly ADD node_modules/@remix-run/router
609 silly ADD node_modules/@pkgjs/parseargs
610 silly ADD node_modules/@nodelib/fs.walk
611 silly ADD node_modules/@nodelib/fs.stat
612 silly ADD node_modules/@nodelib/fs.scandir
613 silly ADD node_modules/@kurkle/color
614 silly ADD node_modules/@jridgewell/trace-mapping
615 silly ADD node_modules/@jridgewell/sourcemap-codec
616 silly ADD node_modules/@jridgewell/set-array
617 silly ADD node_modules/@jridgewell/resolve-uri
618 silly ADD node_modules/@jridgewell/gen-mapping
619 silly ADD node_modules/@isaacs/cliui
620 silly ADD node_modules/@humanwhocodes/retry
621 silly ADD node_modules/@humanwhocodes/module-importer
622 silly ADD node_modules/@humanfs/node
623 silly ADD node_modules/@humanfs/core
624 silly ADD node_modules/@floating-ui/utils
625 silly ADD node_modules/@floating-ui/dom
626 silly ADD node_modules/@floating-ui/core
627 silly ADD node_modules/@eslint/plugin-kit
628 silly ADD node_modules/@eslint/object-schema
629 silly ADD node_modules/@eslint/js
630 silly ADD node_modules/@eslint/eslintrc
631 silly ADD node_modules/@eslint/eslintrc/node_modules/globals
632 silly ADD node_modules/@eslint/core
633 silly ADD node_modules/@eslint/config-array
634 silly ADD node_modules/@eslint-community/regexpp
635 silly ADD node_modules/@eslint-community/eslint-utils
636 silly ADD node_modules/@eslint-community/eslint-utils/node_modules/eslint-visitor-keys
637 silly ADD node_modules/@esbuild/win32-x64
638 silly ADD
639 silly ADD
640 silly ADD
641 silly ADD
642 silly ADD
643 silly ADD
644 silly ADD
645 silly ADD
646 silly ADD
647 silly ADD
648 silly ADD
649 silly ADD
650 silly ADD
651 silly ADD
652 silly ADD
653 silly ADD
654 silly ADD
655 silly ADD
656 silly ADD
657 silly ADD
658 silly ADD
659 silly ADD
660 silly ADD node_modules/@babel/types
661 silly ADD node_modules/@babel/traverse
662 silly ADD node_modules/@babel/traverse/node_modules/globals
663 silly ADD node_modules/@babel/template
664 silly ADD node_modules/@babel/plugin-transform-react-jsx-source
665 silly ADD node_modules/@babel/plugin-transform-react-jsx-self
666 silly ADD node_modules/@babel/parser
667 silly ADD node_modules/@babel/highlight
668 silly ADD node_modules/@babel/helpers
669 silly ADD node_modules/@babel/helper-validator-option
670 silly ADD node_modules/@babel/helper-validator-identifier
671 silly ADD node_modules/@babel/helper-string-parser
672 silly ADD node_modules/@babel/helper-simple-access
673 silly ADD node_modules/@babel/helper-plugin-utils
674 silly ADD node_modules/@babel/helper-module-transforms
675 silly ADD node_modules/@babel/helper-module-imports
676 silly ADD node_modules/@babel/helper-compilation-targets
677 silly ADD node_modules/@babel/generator
678 silly ADD node_modules/@babel/core
679 silly ADD node_modules/@babel/compat-data
680 silly ADD node_modules/@babel/code-frame
681 silly ADD node_modules/@ampproject/remapping
682 silly ADD node_modules/@alloc/quick-lru
683 verbose cwd C:\Users\Janeth\Desktop\SOFTWARE DEV\SEMESTRE V\PDSEI\StockEasy
684 verbose os Windows_NT 10.0.19045
685 verbose node v20.17.0
686 verbose npm  v10.8.3
687 verbose exit 0
688 info ok
